success
episode:10, reward:-54.580921382774264
success
success
episode:20, reward:-208.41454282204165
success
success
episode:30, reward:-141.1526071982777
success
episode:40, reward:-31.787719853747472
success
success
episode:50, reward:-20.04230316237618
sub_loc:
[[0. 0. 0.]
 [0. 1. 1.]
 [1. 0. 0.]
 [0. 1. 1.]]
action0:[2 3 3]
action1:[1 0 2]
sub_loc:
[[1. 0. 0.]
 [1. 1. 0.]
 [1. 0. 0.]
 [0. 0. 1.]]
action0:[1 1 3]
action1:[1 0 2]
sub_loc:
[[1. 1. 1.]
 [0. 0. 0.]
 [1. 1. 1.]
 [1. 0. 0.]]
action0:[2 2 0]
action1:[1 0 2]
sub_loc:
[[0. 0. 0.]
 [1. 1. 1.]
 [1. 1. 0.]
 [1. 1. 0.]]
action0:[1 3 1]
action1:[1 0 2]
sub_loc:
[[1. 0. 0.]
 [0. 1. 1.]
 [0. 0. 1.]
 [1. 0. 1.]]
action0:[0 1 3]
action1:[1 0 2]
sub_loc:
[[1. 0. 0.]
 [0. 1. 1.]
 [0. 0. 1.]
 [1. 1. 1.]]
action0:[0 3 3]
action1:[1 0 2]
sub_loc:
[[1. 0. 0.]
 [0. 1. 1.]
 [1. 1. 1.]
 [1. 0. 0.]]
action0:[2 1 1]
action1:[1 0 2]
sub_loc:
[[1. 1. 0.]
 [0. 1. 1.]
 [0. 1. 1.]
 [1. 1. 0.]]
action0:[0 3 1]
action1:[1 0 2]
sub_loc:
[[1. 1. 0.]
 [1. 1. 0.]
 [0. 1. 1.]
 [1. 1. 1.]]
action0:[1 3 3]
action1:[1 0 2]
sub_loc:
[[1. 1. 0.]
 [0. 1. 1.]
 [1. 0. 1.]
 [0. 0. 0.]]
action0:[2 1 1]
action1:[1 0 2]
sub_loc:
[[0. 0. 1.]
 [1. 1. 1.]
 [0. 1. 1.]
 [0. 1. 1.]]
action0:[1 3 3]
action1:[1 0 2]
sub_loc:
[[1. 1. 1.]
 [1. 0. 0.]
 [0. 0. 1.]
 [1. 1. 0.]]
action0:[1 3 0]
action1:[1 0 2]
sub_loc:
[[1. 1. 0.]
 [1. 0. 0.]
 [1. 0. 1.]
 [0. 1. 0.]]
action0:[1 3 2]
action1:[1 0 2]
sub_loc:
[[0. 1. 0.]
 [1. 0. 1.]
 [1. 0. 0.]
 [1. 1. 0.]]
action0:[1 3 1]
action1:[1 0 2]
sub_loc:
[[1. 0. 0.]
 [1. 1. 1.]
 [0. 1. 0.]
 [0. 1. 0.]]
action0:[1 3 1]
action1:[1 0 2]
sub_loc:
[[1. 0. 0.]
 [0. 1. 1.]
 [0. 1. 1.]
 [1. 1. 1.]]
action0:[0 3 3]
action1:[1 0 2]
sub_loc:
[[0. 1. 1.]
 [1. 0. 1.]
 [1. 0. 1.]
 [1. 1. 1.]]
action0:[1 3 3]
action1:[1 0 2]
sub_loc:
[[0. 0. 0.]
 [1. 1. 1.]
 [0. 0. 0.]
 [0. 1. 0.]]
action0:[1 3 1]
action1:[1 0 2]
sub_loc:
[[0. 0. 1.]
 [1. 1. 0.]
 [1. 1. 0.]
 [1. 1. 1.]]
action0:[1 3 3]
action1:[1 0 2]
sub_loc:
[[0. 0. 0.]
 [0. 1. 1.]
 [1. 1. 1.]
 [0. 1. 1.]]
action0:[2 3 3]
action1:[1 0 2]
sub_loc:
[[1. 0. 1.]
 [1. 1. 1.]
 [1. 0. 1.]
 [1. 1. 1.]]
action0:[1 3 3]
action1:[1 0 2]
sub_loc:
[[1. 1. 0.]
 [1. 1. 1.]
 [1. 1. 0.]
 [0. 1. 0.]]
action0:[1 3 1]
action1:[1 0 2]
sub_loc:
[[0. 0. 0.]
 [0. 0. 0.]
 [1. 1. 1.]
 [1. 0. 0.]]
action0:[2 2 2]
action1:[1 0 2]
sub_loc:
[[1. 0. 1.]
 [1. 1. 1.]
 [1. 1. 0.]
 [0. 0. 1.]]
action0:[1 1 3]
action1:[1 0 2]
sub_loc:
[[0. 1. 1.]
 [0. 1. 1.]
 [1. 0. 1.]
 [0. 1. 1.]]
action0:[2 3 3]
action1:[1 0 2]
sub_loc:
[[0. 0. 1.]
 [0. 0. 0.]
 [1. 0. 1.]
 [1. 1. 0.]]
action0:[2 3 0]
action1:[1 0 2]
sub_loc:
[[0. 1. 0.]
 [1. 0. 0.]
 [1. 1. 1.]
 [1. 1. 1.]]
action0:[1 3 3]
action1:[1 0 2]
sub_loc:
[[1. 1. 0.]
 [1. 1. 0.]
 [1. 1. 1.]
 [1. 1. 1.]]
action0:[1 3 3]
action1:[1 0 2]
sub_loc:
[[1. 1. 0.]
 [1. 1. 1.]
 [1. 1. 1.]
 [1. 1. 1.]]
action0:[1 3 3]
action1:[1 0 2]
sub_loc:
[[0. 1. 1.]
 [1. 0. 0.]
 [1. 1. 0.]
 [0. 0. 1.]]
action0:[1 2 3]
action1:[1 0 2]
sub_loc:
[[0. 1. 0.]
 [1. 0. 1.]
 [1. 0. 1.]
 [1. 1. 1.]]
action0:[1 3 3]
action1:[1 0 2]
sub_loc:
[[1. 0. 1.]
 [0. 1. 0.]
 [1. 1. 0.]
 [0. 1. 1.]]
action0:[2 3 3]
action1:[1 0 2]
sub_loc:
[[1. 1. 1.]
 [0. 1. 1.]
 [1. 1. 1.]
 [0. 1. 1.]]
action0:[2 3 3]
action1:[1 0 2]
sub_loc:
[[0. 0. 0.]
 [0. 1. 1.]
 [1. 1. 1.]
 [0. 1. 1.]]
action0:[2 3 3]
action1:[1 0 2]
sub_loc:
[[1. 0. 1.]
 [1. 1. 1.]
 [1. 0. 1.]
 [1. 0. 1.]]
action0:[1 1 3]
action1:[1 0 2]
sub_loc:
[[0. 1. 1.]
 [1. 1. 0.]
 [0. 0. 1.]
 [1. 0. 0.]]
action0:[1 1 0]
action1:[1 0 2]
sub_loc:
[[1. 0. 1.]
 [1. 1. 1.]
 [0. 0. 0.]
 [0. 0. 1.]]
action0:[1 1 3]
action1:[1 0 2]
sub_loc:
[[1. 0. 1.]
 [1. 1. 1.]
 [1. 0. 1.]
 [1. 0. 1.]]
action0:[1 1 3]
action1:[1 0 2]
sub_loc:
[[1. 0. 0.]
 [1. 1. 1.]
 [1. 1. 0.]
 [0. 1. 1.]]
action0:[1 3 3]
action1:[1 0 2]
sub_loc:
[[0. 1. 1.]
 [0. 1. 1.]
 [1. 0. 1.]
 [1. 0. 1.]]
action0:[2 1 3]
action1:[1 0 2]
sub_loc:
[[1. 0. 1.]
 [0. 1. 1.]
 [0. 1. 0.]
 [1. 0. 1.]]
action0:[0 1 3]
action1:[1 0 2]
sub_loc:
[[1. 1. 1.]
 [0. 1. 0.]
 [0. 1. 0.]
 [1. 1. 1.]]
action0:[0 3 3]
action1:[1 0 2]
sub_loc:
[[0. 1. 1.]
 [1. 1. 1.]
 [1. 1. 1.]
 [1. 1. 1.]]
action0:[1 3 3]
action1:[1 0 2]
sub_loc:
[[0. 0. 0.]
 [1. 1. 1.]
 [0. 1. 1.]
 [1. 1. 1.]]
action0:[1 3 3]
action1:[1 0 2]
sub_loc:
[[1. 1. 1.]
 [1. 1. 1.]
 [0. 1. 1.]
 [0. 1. 0.]]
action0:[1 3 0]
action1:[1 0 2]
sub_loc:
[[1. 0. 0.]
 [0. 0. 1.]
 [0. 0. 0.]
 [1. 1. 1.]]
action0:[0 3 3]
action1:[1 0 2]
sub_loc:
[[0. 0. 1.]
 [1. 1. 0.]
 [0. 1. 1.]
 [1. 1. 0.]]
action0:[1 3 0]
action1:[1 0 2]
sub_loc:
[[1. 0. 1.]
 [1. 0. 1.]
 [1. 0. 0.]
 [1. 1. 1.]]
action0:[1 3 3]
action1:[1 0 2]
sub_loc:
[[1. 1. 0.]
 [1. 1. 1.]
 [1. 0. 1.]
 [0. 0. 1.]]
action0:[1 1 3]
action1:[1 0 2]
sub_loc:
[[0. 0. 0.]
 [1. 1. 1.]
 [1. 1. 1.]
 [1. 1. 1.]]
action0:[1 3 3]
action1:[1 0 2]
sub_loc:
[[1. 1. 0.]
 [1. 0. 0.]
 [1. 0. 1.]
 [1. 1. 1.]]
action0:[1 3 3]
action1:[1 0 2]
sub_loc:
[[1. 0. 0.]
 [0. 1. 0.]
 [0. 0. 1.]
 [1. 0. 0.]]
action0:[0 1 2]
action1:[1 0 2]
sub_loc:
[[0. 1. 0.]
 [1. 1. 1.]
 [1. 1. 1.]
 [1. 1. 0.]]
action0:[1 3 1]
action1:[1 0 2]
sub_loc:
[[0. 1. 0.]
 [0. 1. 0.]
 [1. 0. 0.]
 [0. 1. 1.]]
action0:[2 3 3]
action1:[1 0 2]
success
next_agent##################################################
sub_loc:
[[0. 0. 0.]
 [0. 1. 1.]
 [1. 0. 0.]
 [0. 1. 1.]]
action0:[2 3 1]
action1:[0 0 0]
sub_loc:
[[1. 0. 1.]
 [0. 0. 0.]
 [0. 1. 0.]
 [1. 1. 1.]]
action0:[3 3 3]
action1:[0 0 0]
sub_loc:
[[0. 0. 1.]
 [1. 1. 1.]
 [1. 0. 1.]
 [1. 1. 1.]]
action0:[2 1 0]
action1:[0 0 0]
sub_loc:
[[0. 1. 1.]
 [0. 0. 0.]
 [0. 1. 0.]
 [1. 1. 1.]]
action0:[3 2 3]
action1:[0 0 0]
sub_loc:
[[0. 0. 0.]
 [1. 0. 1.]
 [1. 0. 0.]
 [1. 1. 1.]]
action0:[2 3 3]
action1:[0 0 0]
sub_loc:
[[0. 0. 0.]
 [0. 1. 0.]
 [1. 1. 0.]
 [0. 0. 1.]]
action0:[2 2 3]
action1:[0 0 0]
sub_loc:
[[1. 1. 1.]
 [1. 1. 1.]
 [0. 0. 1.]
 [0. 1. 1.]]
action0:[1 0 1]
action1:[0 0 0]
sub_loc:
[[1. 1. 0.]
 [0. 1. 1.]
 [1. 0. 1.]
 [0. 0. 0.]]
action0:[0 1 1]
action1:[0 0 0]
sub_loc:
[[0. 0. 1.]
 [1. 0. 0.]
 [1. 0. 1.]
 [1. 1. 0.]]
action0:[2 3 0]
action1:[0 0 0]
sub_loc:
[[0. 1. 1.]
 [0. 1. 1.]
 [1. 1. 0.]
 [0. 1. 1.]]
action0:[2 0 3]
action1:[0 0 0]
sub_loc:
[[0. 1. 1.]
 [1. 1. 0.]
 [1. 1. 0.]
 [0. 1. 1.]]
action0:[2 0 3]
action1:[0 0 0]
sub_loc:
[[1. 0. 0.]
 [1. 1. 1.]
 [0. 1. 0.]
 [0. 1. 0.]]
action0:[1 2 1]
action1:[0 0 0]
sub_loc:
[[0. 1. 0.]
 [0. 1. 1.]
 [1. 1. 1.]
 [1. 0. 1.]]
action0:[2 2 3]
action1:[0 0 0]
sub_loc:
[[1. 0. 0.]
 [1. 0. 1.]
 [0. 0. 1.]
 [1. 1. 1.]]
action0:[0 3 1]
action1:[0 0 0]
sub_loc:
[[0. 0. 0.]
 [0. 1. 1.]
 [1. 0. 1.]
 [0. 0. 1.]]
action0:[2 1 3]
action1:[0 0 0]
sub_loc:
[[1. 0. 0.]
 [0. 1. 1.]
 [1. 1. 1.]
 [1. 1. 1.]]
action0:[2 2 1]
action1:[0 0 0]
sub_loc:
[[1. 0. 1.]
 [1. 1. 1.]
 [1. 0. 1.]
 [1. 1. 1.]]
action0:[3 3 2]
action1:[0 0 0]
sub_loc:
[[1. 0. 1.]
 [1. 1. 1.]
 [1. 0. 1.]
 [1. 0. 0.]]
action0:[1 1 2]
action1:[0 0 0]
sub_loc:
[[0. 1. 1.]
 [0. 0. 1.]
 [1. 1. 1.]
 [0. 0. 0.]]
action0:[2 2 2]
action1:[0 0 0]
sub_loc:
[[1. 1. 1.]
 [1. 1. 1.]
 [0. 1. 1.]
 [1. 1. 0.]]
action0:[3 1 1]
action1:[0 0 0]
sub_loc:
[[0. 1. 0.]
 [0. 0. 1.]
 [1. 1. 1.]
 [0. 0. 0.]]
action0:[2 0 2]
action1:[0 0 0]
sub_loc:
[[0. 1. 0.]
 [1. 0. 0.]
 [1. 1. 1.]
 [1. 1. 1.]]
action0:[3 3 2]
action1:[0 0 0]
sub_loc:
[[1. 0. 0.]
 [1. 0. 1.]
 [1. 1. 0.]
 [1. 1. 1.]]
action0:[1 2 1]
action1:[0 0 0]
sub_loc:
[[0. 0. 1.]
 [1. 1. 0.]
 [1. 1. 0.]
 [1. 1. 1.]]
action0:[3 1 0]
action1:[0 0 0]
sub_loc:
[[1. 1. 0.]
 [0. 1. 0.]
 [1. 1. 0.]
 [1. 1. 1.]]
action0:[2 1 3]
action1:[0 0 0]
sub_loc:
[[1. 0. 1.]
 [0. 1. 0.]
 [1. 1. 0.]
 [0. 1. 1.]]
action0:[2 3 0]
action1:[0 0 0]
sub_loc:
[[0. 0. 1.]
 [1. 1. 1.]
 [1. 1. 0.]
 [0. 0. 1.]]
action0:[1 2 3]
action1:[0 0 0]
sub_loc:
[[0. 1. 1.]
 [0. 0. 1.]
 [1. 1. 0.]
 [0. 0. 1.]]
action0:[2 2 3]
action1:[0 0 0]
sub_loc:
[[1. 1. 0.]
 [1. 1. 1.]
 [1. 0. 1.]
 [0. 1. 1.]]
action0:[2 1 2]
action1:[0 0 0]
sub_loc:
[[1. 0. 0.]
 [0. 1. 1.]
 [1. 1. 1.]
 [0. 1. 1.]]
action0:[2 1 1]
action1:[0 0 0]
sub_loc:
[[0. 1. 0.]
 [0. 0. 1.]
 [1. 1. 1.]
 [0. 1. 1.]]
action0:[2 3 3]
action1:[0 0 0]
sub_loc:
[[0. 1. 0.]
 [1. 1. 1.]
 [0. 1. 1.]
 [0. 0. 1.]]
action0:[1 1 2]
action1:[0 0 0]
sub_loc:
[[0. 1. 1.]
 [0. 1. 1.]
 [1. 0. 1.]
 [1. 0. 1.]]
action0:[3 1 0]
action1:[0 0 0]
sub_loc:
[[1. 1. 1.]
 [1. 1. 1.]
 [1. 0. 1.]
 [1. 1. 1.]]
action0:[1 0 1]
action1:[0 0 0]
sub_loc:
[[0. 0. 0.]
 [1. 0. 1.]
 [1. 0. 0.]
 [1. 1. 0.]]
action0:[3 3 1]
action1:[0 0 0]
sub_loc:
[[0. 1. 0.]
 [1. 0. 1.]
 [1. 0. 1.]
 [1. 1. 1.]]
action0:[1 3 3]
action1:[0 0 0]
sub_loc:
[[1. 1. 0.]
 [1. 0. 0.]
 [1. 1. 1.]
 [0. 1. 1.]]
action0:[1 3 2]
action1:[0 0 0]
sub_loc:
[[1. 1. 0.]
 [0. 1. 0.]
 [1. 1. 0.]
 [1. 1. 1.]]
action0:[2 2 3]
action1:[0 0 0]
sub_loc:
[[0. 1. 0.]
 [1. 1. 1.]
 [0. 0. 1.]
 [0. 1. 1.]]
action0:[1 3 2]
action1:[0 0 0]
sub_loc:
[[1. 1. 0.]
 [1. 1. 1.]
 [0. 0. 1.]
 [0. 0. 1.]]
action0:[1 0 3]
action1:[0 0 0]
sub_loc:
[[0. 0. 0.]
 [1. 0. 1.]
 [0. 1. 1.]
 [0. 0. 1.]]
action0:[1 2 2]
action1:[0 0 0]
sub_loc:
[[1. 0. 0.]
 [1. 0. 0.]
 [1. 0. 1.]
 [0. 1. 1.]]
action0:[1 3 2]
action1:[0 0 0]
sub_loc:
[[1. 0. 0.]
 [0. 1. 1.]
 [1. 1. 1.]
 [0. 1. 1.]]
action0:[0 1 2]
action1:[0 0 0]
sub_loc:
[[1. 0. 1.]
 [1. 1. 0.]
 [1. 1. 1.]
 [1. 1. 0.]]
action0:[2 2 0]
action1:[0 0 0]
sub_loc:
[[1. 0. 1.]
 [1. 1. 1.]
 [0. 1. 1.]
 [1. 1. 1.]]
action0:[1 1 2]
action1:[0 0 0]
sub_loc:
[[0. 1. 1.]
 [1. 1. 1.]
 [1. 1. 1.]
 [1. 0. 1.]]
action0:[2 2 2]
action1:[0 0 0]
sub_loc:
[[1. 0. 1.]
 [1. 1. 1.]
 [1. 1. 1.]
 [0. 0. 1.]]
action0:[2 2 1]
action1:[0 0 0]
sub_loc:
[[1. 1. 1.]
 [0. 1. 1.]
 [1. 1. 0.]
 [1. 0. 1.]]
action0:[3 0 3]
action1:[0 0 0]
sub_loc:
[[1. 0. 1.]
 [1. 1. 1.]
 [0. 1. 1.]
 [1. 1. 1.]]
action0:[3 1 3]
action1:[0 0 0]
sub_loc:
[[1. 0. 1.]
 [1. 1. 0.]
 [0. 1. 1.]
 [0. 1. 0.]]
action0:[0 3 0]
action1:[0 0 0]
sub_loc:
[[1. 1. 1.]
 [0. 1. 0.]
 [0. 1. 0.]
 [1. 1. 1.]]
action0:[0 3 3]
action1:[0 0 0]
sub_loc:
[[1. 0. 1.]
 [1. 1. 1.]
 [1. 0. 0.]
 [1. 0. 0.]]
action0:[3 1 1]
action1:[0 0 0]
sub_loc:
[[0. 0. 1.]
 [1. 0. 1.]
 [1. 1. 1.]
 [0. 1. 1.]]
action0:[2 2 3]
action1:[0 0 0]
sub_loc:
[[0. 0. 0.]
 [1. 1. 1.]
 [0. 1. 1.]
 [0. 1. 1.]]
action0:[1 3 1]
action1:[0 0 0]
sub_loc:
[[0. 1. 0.]
 [1. 1. 1.]
 [1. 1. 1.]
 [1. 1. 1.]]
action0:[2 3 2]
action1:[0 0 0]
sub_loc:
[[0. 0. 1.]
 [0. 1. 0.]
 [1. 1. 1.]
 [1. 1. 1.]]
action0:[3 2 0]
action1:[0 0 0]
sub_loc:
[[0. 1. 0.]
 [1. 1. 0.]
 [0. 1. 1.]
 [0. 1. 1.]]
action0:[1 2 2]
action1:[0 0 0]
sub_loc:
[[1. 0. 1.]
 [1. 0. 0.]
 [0. 1. 0.]
 [1. 0. 1.]]
action0:[0 2 0]
action1:[0 0 0]
sub_loc:
[[0. 1. 1.]
 [1. 0. 0.]
 [0. 1. 1.]
 [1. 0. 0.]]
action0:[1 0 0]
action1:[0 0 0]
sub_loc:
[[1. 1. 1.]
 [0. 1. 0.]
 [0. 1. 0.]
 [1. 0. 1.]]
action0:[0 0 3]
action1:[0 0 0]
sub_loc:
[[0. 0. 1.]
 [0. 1. 1.]
 [1. 1. 0.]
 [0. 1. 1.]]
action0:[2 3 1]
action1:[0 0 0]
success
151.34019320640022 1818.8716462232155
