success
success
success
success
success
success
success
success
success
success
episode:10, reward:-900.3690052339805
success
success
success
success
success
success
success
success
success
success
episode:20, reward:-743.4470770753395
success
success
success
success
success
success
success
success
success
success
episode:30, reward:-674.0757418166932
success
success
success
success
success
success
success
success
success
success
episode:40, reward:-438.94199854208426
success
success
success
success
success
success
success
success
success
success
episode:50, reward:-138.5008764107517
success
success
success
success
success
success
success
success
success
success
episode:60, reward:14.954215904334486
success
success
success
success
success
success
success
success
success
success
episode:70, reward:28.848435338824242
success
success
success
success
success
success
success
success
success
success
episode:80, reward:30.662366833164544
success
success
success
success
success
success
success
success
success
success
episode:90, reward:30.65162042281194
success
success
success
success
success
success
success
success
success
success
episode:100, reward:32.34125168975809
sub_loc:
[[1. 0. 0.]
 [1. 1. 1.]
 [1. 0. 1.]
 [1. 1. 1.]
 [1. 1. 1.]
 [1. 0. 1.]]
action0:[0 1 3]
action1:[2 0 1]
sub_loc:
[[0. 0. 0.]
 [1. 0. 1.]
 [1. 1. 1.]
 [0. 0. 1.]
 [1. 1. 1.]
 [0. 1. 1.]]
action0:[1 4 1]
action1:[0 1 2]
sub_loc:
[[1. 0. 1.]
 [1. 1. 1.]
 [0. 1. 0.]
 [1. 1. 0.]
 [1. 1. 0.]
 [1. 1. 0.]]
action0:[0 1 0]
action1:[2 0 1]
sub_loc:
[[1. 1. 1.]
 [0. 1. 1.]
 [0. 1. 1.]
 [0. 1. 1.]
 [1. 1. 0.]
 [0. 1. 1.]]
action0:[0 1 0]
action1:[0 1 2]
sub_loc:
[[1. 0. 0.]
 [0. 0. 1.]
 [1. 1. 1.]
 [1. 1. 1.]
 [1. 0. 1.]
 [1. 0. 1.]]
action0:[0 3 1]
action1:[2 0 1]
sub_loc:
[[0. 0. 0.]
 [1. 1. 0.]
 [1. 1. 1.]
 [1. 1. 0.]
 [1. 0. 0.]
 [1. 1. 1.]]
action0:[1 1 2]
action1:[2 0 1]
sub_loc:
[[1. 0. 0.]
 [1. 0. 0.]
 [1. 1. 1.]
 [0. 0. 0.]
 [0. 1. 1.]
 [0. 0. 0.]]
action0:[0 4 4]
action1:[1 0 2]
sub_loc:
[[0. 0. 0.]
 [0. 1. 1.]
 [1. 1. 0.]
 [1. 1. 1.]
 [1. 1. 1.]
 [1. 1. 0.]]
action0:[3 1 1]
action1:[2 1 0]
sub_loc:
[[1. 0. 1.]
 [1. 1. 1.]
 [1. 0. 0.]
 [1. 1. 1.]
 [1. 0. 0.]
 [0. 1. 0.]]
action0:[0 1 0]
action1:[1 0 2]
sub_loc:
[[0. 1. 0.]
 [1. 0. 1.]
 [1. 1. 1.]
 [1. 0. 1.]
 [1. 0. 1.]
 [0. 0. 1.]]
action0:[3 0 1]
action1:[1 2 0]
sub_loc:
[[1. 1. 0.]
 [0. 1. 1.]
 [1. 0. 1.]
 [1. 1. 1.]
 [0. 1. 1.]
 [0. 0. 1.]]
action0:[0 1 1]
action1:[1 0 2]
sub_loc:
[[0. 1. 0.]
 [0. 0. 0.]
 [1. 1. 1.]
 [1. 0. 0.]
 [1. 1. 1.]
 [1. 1. 1.]]
action0:[3 0 4]
action1:[1 0 2]
sub_loc:
[[0. 1. 0.]
 [1. 0. 1.]
 [1. 1. 1.]
 [1. 0. 1.]
 [1. 1. 1.]
 [1. 0. 1.]]
action0:[3 0 1]
action1:[2 0 1]
sub_loc:
[[1. 0. 0.]
 [1. 0. 1.]
 [1. 0. 1.]
 [1. 0. 1.]
 [0. 1. 1.]
 [1. 0. 1.]]
action0:[0 4 3]
action1:[1 0 2]
sub_loc:
[[0. 0. 1.]
 [1. 0. 1.]
 [1. 1. 1.]
 [1. 0. 1.]
 [1. 0. 1.]
 [1. 1. 1.]]
action0:[3 2 0]
action1:[1 0 2]
sub_loc:
[[0. 0. 1.]
 [0. 0. 1.]
 [1. 1. 1.]
 [0. 1. 1.]
 [0. 1. 1.]
 [0. 1. 1.]]
action0:[2 4 0]
action1:[2 0 1]
sub_loc:
[[0. 0. 0.]
 [1. 1. 0.]
 [1. 0. 1.]
 [0. 0. 1.]
 [1. 1. 1.]
 [0. 1. 1.]]
action0:[1 1 3]
action1:[2 0 1]
sub_loc:
[[0. 1. 1.]
 [1. 0. 0.]
 [1. 1. 1.]
 [0. 1. 1.]
 [0. 1. 1.]
 [0. 1. 0.]]
action0:[1 0 0]
action1:[2 0 1]
sub_loc:
[[0. 0. 1.]
 [0. 0. 0.]
 [1. 1. 0.]
 [1. 1. 1.]
 [0. 1. 0.]
 [0. 1. 0.]]
action0:[3 4 0]
action1:[1 0 2]
sub_loc:
[[1. 1. 0.]
 [1. 1. 1.]
 [1. 1. 0.]
 [1. 1. 1.]
 [0. 0. 1.]
 [1. 1. 1.]]
action0:[0 1 1]
action1:[2 0 1]
sub_loc:
[[0. 0. 0.]
 [0. 0. 0.]
 [1. 1. 0.]
 [0. 0. 1.]
 [0. 0. 1.]
 [1. 1. 1.]]
action0:[2 2 3]
action1:[2 0 1]
sub_loc:
[[1. 0. 0.]
 [1. 0. 1.]
 [1. 0. 0.]
 [1. 0. 1.]
 [0. 1. 1.]
 [1. 0. 0.]]
action0:[0 4 3]
action1:[2 0 1]
sub_loc:
[[1. 0. 1.]
 [1. 1. 0.]
 [0. 1. 1.]
 [1. 1. 0.]
 [0. 1. 1.]
 [0. 0. 0.]]
action0:[0 1 0]
action1:[2 0 1]
sub_loc:
[[1. 0. 1.]
 [0. 0. 1.]
 [1. 0. 1.]
 [0. 1. 1.]
 [0. 0. 0.]
 [0. 0. 1.]]
action0:[0 3 0]
action1:[0 1 2]
sub_loc:
[[0. 1. 0.]
 [1. 1. 0.]
 [0. 1. 1.]
 [1. 1. 0.]
 [0. 1. 1.]
 [0. 1. 1.]]
action0:[3 1 2]
action1:[1 0 2]
sub_loc:
[[0. 0. 0.]
 [0. 1. 1.]
 [1. 0. 0.]
 [0. 0. 1.]
 [1. 0. 0.]
 [1. 0. 0.]]
action0:[4 1 1]
action1:[2 0 1]
sub_loc:
[[0. 0. 1.]
 [1. 1. 1.]
 [1. 1. 1.]
 [1. 1. 0.]
 [1. 1. 0.]
 [1. 1. 0.]]
action0:[1 1 0]
action1:[2 1 0]
sub_loc:
[[1. 0. 1.]
 [1. 1. 1.]
 [1. 0. 1.]
 [1. 0. 1.]
 [1. 1. 1.]
 [0. 1. 1.]]
action0:[0 1 0]
action1:[0 1 2]
sub_loc:
[[0. 0. 1.]
 [0. 0. 1.]
 [1. 0. 0.]
 [0. 1. 0.]
 [1. 1. 0.]
 [0. 0. 0.]]
action0:[4 4 0]
action1:[0 2 1]
sub_loc:
[[0. 0. 0.]
 [1. 1. 0.]
 [1. 1. 1.]
 [0. 1. 0.]
 [1. 1. 0.]
 [1. 1. 0.]]
action0:[1 1 2]
action1:[2 1 0]
sub_loc:
[[0. 1. 0.]
 [1. 1. 1.]
 [1. 1. 0.]
 [1. 1. 0.]
 [0. 0. 1.]
 [0. 1. 0.]]
action0:[3 1 4]
action1:[2 0 1]
sub_loc:
[[0. 1. 1.]
 [0. 1. 1.]
 [0. 0. 0.]
 [1. 0. 1.]
 [0. 0. 0.]
 [1. 0. 1.]]
action0:[3 1 0]
action1:[2 1 0]
sub_loc:
[[0. 1. 1.]
 [1. 0. 1.]
 [0. 0. 0.]
 [0. 0. 0.]
 [1. 1. 0.]
 [0. 0. 1.]]
action0:[1 0 0]
action1:[2 0 1]
sub_loc:
[[1. 0. 0.]
 [0. 1. 1.]
 [1. 1. 1.]
 [1. 1. 0.]
 [0. 1. 1.]
 [0. 1. 1.]]
action0:[0 1 1]
action1:[1 0 2]
sub_loc:
[[1. 1. 1.]
 [1. 1. 1.]
 [1. 0. 0.]
 [1. 0. 0.]
 [1. 1. 1.]
 [1. 0. 0.]]
action0:[0 1 0]
action1:[1 2 0]
sub_loc:
[[0. 1. 1.]
 [1. 1. 0.]
 [1. 0. 0.]
 [1. 1. 0.]
 [1. 0. 1.]
 [1. 0. 0.]]
action0:[1 1 0]
action1:[1 0 2]
sub_loc:
[[0. 1. 1.]
 [0. 1. 1.]
 [1. 1. 0.]
 [1. 1. 1.]
 [0. 1. 1.]
 [1. 1. 0.]]
action0:[3 1 0]
action1:[1 0 2]
sub_loc:
[[1. 1. 1.]
 [1. 0. 1.]
 [1. 1. 1.]
 [1. 0. 1.]
 [1. 1. 0.]
 [0. 1. 0.]]
action0:[0 0 1]
action1:[2 1 0]
sub_loc:
[[0. 0. 1.]
 [1. 1. 0.]
 [1. 1. 1.]
 [1. 1. 1.]
 [1. 1. 0.]
 [1. 1. 1.]]
action0:[3 1 0]
action1:[1 0 2]
sub_loc:
[[0. 1. 0.]
 [0. 1. 1.]
 [1. 1. 1.]
 [0. 1. 1.]
 [0. 1. 1.]
 [1. 0. 0.]]
action0:[2 1 1]
action1:[1 0 2]
sub_loc:
[[1. 1. 0.]
 [0. 0. 1.]
 [1. 0. 1.]
 [1. 1. 1.]
 [1. 1. 1.]
 [1. 1. 1.]]
action0:[0 0 1]
action1:[2 1 0]
sub_loc:
[[0. 1. 0.]
 [1. 1. 1.]
 [0. 1. 1.]
 [1. 0. 1.]
 [1. 0. 0.]
 [0. 0. 0.]]
action0:[3 1 3]
action1:[1 0 2]
sub_loc:
[[0. 1. 1.]
 [1. 1. 1.]
 [1. 0. 1.]
 [1. 1. 0.]
 [1. 0. 1.]
 [1. 1. 1.]]
action0:[1 1 0]
action1:[1 0 2]
sub_loc:
[[1. 0. 1.]
 [0. 0. 0.]
 [1. 1. 1.]
 [1. 1. 1.]
 [1. 0. 1.]
 [0. 0. 1.]]
action0:[0 3 0]
action1:[2 0 1]
sub_loc:
[[1. 1. 0.]
 [1. 1. 0.]
 [0. 1. 0.]
 [1. 1. 0.]
 [0. 0. 1.]
 [0. 1. 1.]]
action0:[0 1 4]
action1:[2 0 1]
sub_loc:
[[0. 0. 0.]
 [1. 0. 0.]
 [1. 0. 0.]
 [0. 0. 1.]
 [0. 1. 1.]
 [1. 0. 1.]]
action0:[1 4 3]
action1:[2 0 1]
sub_loc:
[[0. 1. 1.]
 [1. 0. 0.]
 [0. 0. 0.]
 [0. 1. 1.]
 [1. 0. 1.]
 [1. 0. 1.]]
action0:[1 0 0]
action1:[2 0 1]
sub_loc:
[[1. 0. 0.]
 [1. 1. 1.]
 [1. 1. 0.]
 [0. 1. 1.]
 [0. 1. 1.]
 [1. 0. 1.]]
action0:[0 1 3]
action1:[2 0 1]
sub_loc:
[[0. 0. 0.]
 [1. 1. 0.]
 [0. 1. 1.]
 [1. 1. 1.]
 [1. 1. 1.]
 [1. 1. 0.]]
action0:[3 1 3]
action1:[1 0 2]
sub_loc:
[[0. 1. 1.]
 [1. 1. 1.]
 [1. 0. 1.]
 [0. 0. 1.]
 [1. 0. 0.]
 [0. 1. 1.]]
action0:[1 1 0]
action1:[1 0 2]
sub_loc:
[[0. 1. 0.]
 [1. 0. 0.]
 [1. 0. 0.]
 [1. 1. 1.]
 [1. 0. 1.]
 [1. 0. 1.]]
action0:[1 0 3]
action1:[2 1 0]
sub_loc:
[[0. 1. 0.]
 [1. 1. 1.]
 [1. 1. 1.]
 [1. 0. 1.]
 [1. 1. 0.]
 [1. 0. 1.]]
action0:[3 1 1]
action1:[2 0 1]
sub_loc:
[[0. 1. 1.]
 [1. 1. 1.]
 [0. 1. 1.]
 [1. 1. 1.]
 [0. 1. 1.]
 [0. 1. 1.]]
action0:[3 1 0]
action1:[0 1 2]
sub_loc:
[[0. 1. 0.]
 [1. 0. 0.]
 [0. 1. 1.]
 [1. 1. 1.]
 [0. 1. 1.]
 [1. 1. 1.]]
action0:[3 0 3]
action1:[1 0 2]
sub_loc:
[[1. 0. 0.]
 [1. 0. 0.]
 [1. 0. 0.]
 [1. 0. 1.]
 [1. 0. 0.]
 [1. 1. 0.]]
action0:[0 5 3]
action1:[0 1 2]
sub_loc:
[[0. 1. 0.]
 [0. 1. 0.]
 [1. 0. 0.]
 [0. 0. 0.]
 [0. 0. 1.]
 [0. 1. 1.]]
action0:[2 1 4]
action1:[2 1 0]
sub_loc:
[[1. 0. 0.]
 [0. 0. 0.]
 [1. 1. 1.]
 [1. 1. 0.]
 [1. 0. 0.]
 [1. 0. 0.]]
action0:[0 3 2]
action1:[2 0 1]
sub_loc:
[[0. 1. 0.]
 [1. 1. 0.]
 [0. 0. 1.]
 [1. 1. 1.]
 [0. 0. 1.]
 [1. 0. 1.]]
action0:[3 1 3]
action1:[2 0 1]
sub_loc:
[[1. 1. 1.]
 [1. 1. 1.]
 [1. 0. 1.]
 [1. 0. 0.]
 [1. 0. 0.]
 [1. 0. 1.]]
action0:[0 1 0]
action1:[2 0 1]
sub_loc:
[[0. 1. 0.]
 [1. 0. 0.]
 [0. 0. 0.]
 [0. 0. 1.]
 [0. 1. 0.]
 [0. 0. 0.]]
action0:[1 0 3]
action1:[2 1 0]
sub_loc:
[[1. 1. 0.]
 [0. 1. 0.]
 [0. 1. 0.]
 [1. 0. 0.]
 [0. 0. 1.]
 [0. 0. 1.]]
action0:[0 1 4]
action1:[1 0 2]
sub_loc:
[[0. 1. 1.]
 [1. 0. 1.]
 [0. 1. 1.]
 [0. 1. 1.]
 [0. 1. 1.]
 [0. 0. 1.]]
action0:[1 0 0]
action1:[1 0 2]
sub_loc:
[[0. 1. 1.]
 [1. 1. 1.]
 [1. 1. 1.]
 [1. 0. 1.]
 [1. 0. 1.]
 [0. 0. 1.]]
action0:[3 1 0]
action1:[1 0 2]
sub_loc:
[[1. 0. 0.]
 [1. 1. 1.]
 [1. 0. 1.]
 [0. 1. 1.]
 [1. 0. 0.]
 [0. 0. 1.]]
action0:[0 1 1]
action1:[2 1 0]
sub_loc:
[[1. 0. 1.]
 [0. 0. 0.]
 [0. 1. 1.]
 [0. 1. 0.]
 [1. 0. 0.]
 [1. 1. 0.]]
action0:[0 3 0]
action1:[2 1 0]
sub_loc:
[[1. 1. 0.]
 [0. 1. 1.]
 [0. 1. 0.]
 [0. 1. 1.]
 [1. 0. 0.]
 [0. 0. 1.]]
action0:[0 1 1]
action1:[1 0 2]
sub_loc:
[[1. 1. 1.]
 [1. 0. 1.]
 [1. 1. 1.]
 [1. 1. 1.]
 [0. 0. 1.]
 [1. 1. 1.]]
action0:[0 0 0]
action1:[2 0 1]
sub_loc:
[[1. 0. 0.]
 [1. 0. 1.]
 [1. 1. 1.]
 [1. 1. 1.]
 [1. 0. 1.]
 [1. 1. 0.]]
action0:[0 3 1]
action1:[2 0 1]
sub_loc:
[[1. 1. 1.]
 [1. 0. 1.]
 [0. 0. 0.]
 [0. 0. 1.]
 [0. 1. 1.]
 [0. 0. 1.]]
action0:[0 0 0]
action1:[1 0 2]
sub_loc:
[[1. 1. 1.]
 [1. 0. 1.]
 [0. 1. 0.]
 [1. 0. 0.]
 [1. 0. 1.]
 [0. 1. 1.]]
action0:[0 0 0]
action1:[1 2 0]
sub_loc:
[[0. 1. 1.]
 [0. 0. 1.]
 [1. 1. 1.]
 [1. 0. 1.]
 [1. 0. 1.]
 [1. 0. 1.]]
action0:[3 0 0]
action1:[2 0 1]
sub_loc:
[[1. 1. 0.]
 [1. 1. 1.]
 [1. 1. 0.]
 [0. 1. 0.]
 [0. 1. 1.]
 [1. 1. 1.]]
action0:[0 1 1]
action1:[2 1 0]
sub_loc:
[[0. 0. 1.]
 [1. 1. 1.]
 [1. 0. 0.]
 [1. 0. 1.]
 [1. 1. 0.]
 [1. 0. 1.]]
action0:[3 1 0]
action1:[1 0 2]
sub_loc:
[[1. 0. 1.]
 [0. 1. 1.]
 [1. 0. 1.]
 [0. 0. 0.]
 [1. 0. 0.]
 [0. 0. 1.]]
action0:[0 1 0]
action1:[2 0 1]
sub_loc:
[[1. 1. 0.]
 [1. 1. 0.]
 [0. 0. 0.]
 [0. 0. 0.]
 [1. 0. 1.]
 [0. 0. 0.]]
action0:[0 1 4]
action1:[2 0 1]
sub_loc:
[[1. 0. 0.]
 [0. 0. 1.]
 [0. 0. 0.]
 [1. 0. 0.]
 [0. 1. 1.]
 [1. 0. 0.]]
action0:[0 4 1]
action1:[0 1 2]
sub_loc:
[[1. 1. 0.]
 [0. 0. 0.]
 [0. 1. 0.]
 [0. 0. 1.]
 [0. 0. 0.]
 [1. 0. 1.]]
action0:[0 0 3]
action1:[2 0 1]
sub_loc:
[[0. 1. 0.]
 [0. 0. 0.]
 [1. 1. 0.]
 [1. 0. 1.]
 [1. 1. 1.]
 [1. 1. 1.]]
action0:[3 0 3]
action1:[2 0 1]
sub_loc:
[[1. 0. 1.]
 [1. 1. 0.]
 [1. 0. 1.]
 [1. 0. 1.]
 [1. 1. 0.]
 [1. 1. 1.]]
action0:[0 1 0]
action1:[2 0 1]
sub_loc:
[[0. 0. 0.]
 [1. 0. 0.]
 [1. 1. 1.]
 [1. 1. 0.]
 [1. 0. 0.]
 [0. 0. 0.]]
action0:[3 2 2]
action1:[2 1 0]
sub_loc:
[[0. 0. 0.]
 [1. 1. 1.]
 [1. 0. 0.]
 [1. 0. 1.]
 [0. 1. 1.]
 [1. 0. 1.]]
action0:[3 1 3]
action1:[2 0 1]
sub_loc:
[[1. 0. 1.]
 [1. 1. 1.]
 [1. 0. 1.]
 [1. 1. 1.]
 [0. 0. 1.]
 [1. 1. 1.]]
action0:[0 1 0]
action1:[2 1 0]
sub_loc:
[[0. 1. 0.]
 [0. 0. 1.]
 [1. 0. 1.]
 [1. 0. 0.]
 [1. 1. 1.]
 [1. 0. 0.]]
action0:[3 0 1]
action1:[1 0 2]
sub_loc:
[[0. 0. 0.]
 [0. 1. 1.]
 [0. 1. 1.]
 [0. 1. 1.]
 [1. 1. 1.]
 [0. 1. 1.]]
action0:[4 1 1]
action1:[2 0 1]
sub_loc:
[[1. 0. 1.]
 [1. 1. 1.]
 [1. 1. 1.]
 [1. 1. 0.]
 [1. 1. 1.]
 [1. 1. 0.]]
action0:[0 1 0]
action1:[2 0 1]
sub_loc:
[[0. 0. 0.]
 [1. 1. 1.]
 [1. 0. 0.]
 [1. 1. 0.]
 [1. 1. 0.]
 [0. 1. 0.]]
action0:[3 1 1]
action1:[2 0 1]
sub_loc:
[[0. 0. 0.]
 [0. 1. 0.]
 [1. 1. 1.]
 [1. 0. 1.]
 [0. 1. 0.]
 [0. 1. 1.]]
action0:[3 1 3]
action1:[0 2 1]
sub_loc:
[[0. 0. 1.]
 [0. 1. 0.]
 [0. 1. 1.]
 [0. 1. 0.]
 [0. 1. 1.]
 [1. 0. 1.]]
action0:[5 1 0]
action1:[2 1 0]
sub_loc:
[[0. 1. 1.]
 [0. 1. 1.]
 [0. 1. 1.]
 [0. 1. 1.]
 [0. 1. 0.]
 [1. 1. 0.]]
action0:[5 1 1]
action1:[2 0 1]
sub_loc:
[[0. 1. 1.]
 [0. 1. 0.]
 [0. 0. 0.]
 [1. 0. 0.]
 [1. 0. 1.]
 [1. 1. 0.]]
action0:[3 1 0]
action1:[1 0 2]
sub_loc:
[[0. 1. 1.]
 [1. 1. 0.]
 [1. 1. 0.]
 [1. 1. 0.]
 [1. 1. 0.]
 [0. 1. 1.]]
action0:[3 1 0]
action1:[2 0 1]
sub_loc:
[[0. 1. 1.]
 [1. 0. 0.]
 [0. 0. 0.]
 [0. 0. 0.]
 [1. 1. 0.]
 [0. 1. 1.]]
action0:[1 0 0]
action1:[2 0 1]
sub_loc:
[[0. 1. 0.]
 [1. 0. 0.]
 [0. 0. 1.]
 [1. 1. 1.]
 [1. 0. 0.]
 [0. 0. 0.]]
action0:[3 0 3]
action1:[0 1 2]
sub_loc:
[[1. 0. 1.]
 [0. 1. 0.]
 [0. 1. 0.]
 [0. 1. 1.]
 [0. 1. 0.]
 [1. 1. 1.]]
action0:[0 1 0]
action1:[1 0 2]
sub_loc:
[[1. 1. 1.]
 [1. 1. 0.]
 [1. 1. 1.]
 [1. 1. 0.]
 [1. 1. 0.]
 [1. 1. 0.]]
action0:[0 1 0]
action1:[1 0 2]
sub_loc:
[[0. 0. 1.]
 [1. 0. 1.]
 [1. 1. 0.]
 [1. 1. 0.]
 [1. 1. 1.]
 [0. 0. 1.]]
action0:[3 4 0]
action1:[2 0 1]
sub_loc:
[[0. 1. 0.]
 [0. 0. 0.]
 [1. 1. 0.]
 [1. 1. 1.]
 [1. 1. 1.]
 [1. 0. 1.]]
action0:[3 0 3]
action1:[2 0 1]
sub_loc:
[[0. 1. 0.]
 [1. 1. 0.]
 [1. 1. 0.]
 [1. 1. 0.]
 [1. 1. 0.]
 [0. 1. 1.]]
action0:[3 1 5]
action1:[2 0 1]
sub_loc:
[[1. 0. 1.]
 [0. 0. 1.]
 [1. 0. 0.]
 [1. 0. 0.]
 [0. 0. 0.]
 [1. 1. 0.]]
action0:[0 5 0]
action1:[1 0 2]
sub_loc:
[[1. 1. 1.]
 [1. 1. 0.]
 [1. 1. 0.]
 [1. 1. 0.]
 [1. 0. 0.]
 [0. 1. 1.]]
action0:[0 1 0]
action1:[2 0 1]
sub_loc:
[[0. 0. 1.]
 [0. 1. 1.]
 [0. 1. 1.]
 [1. 1. 0.]
 [0. 1. 0.]
 [0. 0. 0.]]
action0:[3 1 1]
action1:[0 2 1]
sub_loc:
[[1. 1. 1.]
 [0. 1. 0.]
 [1. 0. 0.]
 [0. 1. 1.]
 [0. 1. 0.]
 [0. 1. 1.]]
action0:[0 1 0]
action1:[1 0 2]
sub_loc:
[[0. 1. 0.]
 [1. 0. 0.]
 [0. 0. 0.]
 [1. 1. 0.]
 [0. 0. 0.]
 [0. 1. 1.]]
action0:[3 0 5]
action1:[2 1 0]
sub_loc:
[[0. 0. 1.]
 [1. 1. 1.]
 [1. 1. 1.]
 [1. 0. 1.]
 [0. 0. 1.]
 [1. 1. 1.]]
action0:[3 1 0]
action1:[1 2 0]
sub_loc:
[[1. 0. 1.]
 [0. 0. 1.]
 [1. 0. 1.]
 [1. 0. 1.]
 [1. 1. 1.]
 [1. 0. 1.]]
action0:[0 4 0]
action1:[2 0 1]
sub_loc:
[[0. 0. 1.]
 [1. 1. 0.]
 [1. 1. 0.]
 [0. 0. 1.]
 [1. 1. 1.]
 [1. 0. 1.]]
action0:[1 1 0]
action1:[2 0 1]
sub_loc:
[[1. 1. 1.]
 [1. 1. 1.]
 [1. 0. 0.]
 [0. 0. 1.]
 [1. 1. 1.]
 [1. 0. 1.]]
action0:[0 1 0]
action1:[2 0 1]
sub_loc:
[[1. 0. 0.]
 [0. 1. 0.]
 [0. 1. 1.]
 [0. 0. 1.]
 [1. 1. 1.]
 [0. 1. 1.]]
action0:[0 1 3]
action1:[2 0 1]
sub_loc:
[[1. 1. 0.]
 [1. 0. 0.]
 [1. 0. 1.]
 [1. 1. 1.]
 [1. 0. 0.]
 [1. 0. 1.]]
action0:[0 0 3]
action1:[2 0 1]
sub_loc:
[[0. 0. 0.]
 [0. 0. 1.]
 [0. 0. 1.]
 [0. 1. 1.]
 [1. 0. 0.]
 [0. 0. 1.]]
action0:[4 3 1]
action1:[2 0 1]
sub_loc:
[[1. 0. 1.]
 [0. 0. 0.]
 [0. 0. 1.]
 [1. 0. 1.]
 [0. 0. 0.]
 [0. 1. 1.]]
action0:[0 5 0]
action1:[1 0 2]
sub_loc:
[[0. 1. 0.]
 [0. 0. 1.]
 [0. 0. 0.]
 [0. 0. 1.]
 [0. 0. 0.]
 [1. 1. 1.]]
action0:[5 0 1]
action1:[2 0 1]
sub_loc:
[[0. 0. 0.]
 [0. 0. 0.]
 [0. 1. 0.]
 [1. 1. 0.]
 [1. 1. 0.]
 [0. 1. 1.]]
action0:[3 4 5]
action1:[2 1 0]
sub_loc:
[[0. 0. 1.]
 [1. 0. 1.]
 [1. 1. 1.]
 [0. 0. 0.]
 [0. 0. 1.]
 [0. 0. 1.]]
action0:[1 2 0]
action1:[2 0 1]
sub_loc:
[[1. 1. 0.]
 [1. 1. 1.]
 [0. 1. 1.]
 [0. 1. 1.]
 [0. 1. 0.]
 [0. 1. 0.]]
action0:[0 1 1]
action1:[2 1 0]
sub_loc:
[[0. 1. 1.]
 [1. 0. 1.]
 [0. 0. 1.]
 [1. 1. 1.]
 [1. 0. 1.]
 [1. 1. 1.]]
action0:[3 0 0]
action1:[2 0 1]
sub_loc:
[[1. 1. 1.]
 [0. 1. 0.]
 [1. 0. 0.]
 [1. 1. 0.]
 [0. 0. 1.]
 [1. 0. 1.]]
action0:[0 1 0]
action1:[2 0 1]
sub_loc:
[[1. 0. 1.]
 [0. 1. 1.]
 [0. 0. 1.]
 [0. 1. 1.]
 [1. 1. 1.]
 [0. 1. 0.]]
action0:[0 1 0]
action1:[1 0 2]
sub_loc:
[[0. 0. 0.]
 [0. 1. 1.]
 [1. 0. 0.]
 [0. 0. 1.]
 [0. 0. 0.]
 [1. 0. 1.]]
action0:[2 1 3]
action1:[2 1 0]
sub_loc:
[[0. 0. 0.]
 [1. 0. 1.]
 [1. 0. 1.]
 [1. 1. 1.]
 [0. 1. 1.]
 [0. 0. 1.]]
action0:[3 4 3]
action1:[0 1 2]
sub_loc:
[[0. 0. 0.]
 [1. 0. 0.]
 [0. 1. 1.]
 [0. 0. 1.]
 [1. 0. 1.]
 [0. 0. 0.]]
action0:[1 2 3]
action1:[1 0 2]
sub_loc:
[[1. 0. 0.]
 [0. 1. 0.]
 [0. 0. 1.]
 [1. 0. 1.]
 [1. 1. 1.]
 [0. 1. 1.]]
action0:[0 1 3]
action1:[2 0 1]
sub_loc:
[[0. 1. 0.]
 [1. 1. 1.]
 [0. 1. 0.]
 [0. 0. 0.]
 [0. 0. 0.]
 [0. 0. 1.]]
action0:[1 1 1]
action1:[2 0 1]
sub_loc:
[[0. 0. 0.]
 [0. 1. 0.]
 [0. 1. 0.]
 [0. 0. 1.]
 [0. 1. 1.]
 [1. 1. 0.]]
action0:[5 1 3]
action1:[1 0 2]
sub_loc:
[[0. 1. 1.]
 [1. 0. 1.]
 [0. 1. 0.]
 [0. 1. 0.]
 [0. 1. 0.]
 [0. 0. 0.]]
action0:[1 0 1]
action1:[2 0 1]
sub_loc:
[[1. 1. 1.]
 [1. 0. 1.]
 [1. 1. 1.]
 [1. 0. 1.]
 [1. 0. 1.]
 [1. 0. 1.]]
action0:[0 0 0]
action1:[0 2 1]
sub_loc:
[[0. 0. 1.]
 [0. 0. 0.]
 [1. 0. 1.]
 [1. 0. 0.]
 [0. 1. 0.]
 [1. 1. 1.]]
action0:[3 4 0]
action1:[2 1 0]
sub_loc:
[[0. 0. 0.]
 [1. 1. 1.]
 [1. 1. 1.]
 [1. 1. 0.]
 [1. 1. 0.]
 [1. 1. 0.]]
action0:[3 1 1]
action1:[2 1 0]
sub_loc:
[[0. 0. 1.]
 [1. 1. 1.]
 [1. 1. 1.]
 [1. 1. 1.]
 [1. 1. 1.]
 [0. 1. 1.]]
action0:[3 1 0]
action1:[0 1 2]
sub_loc:
[[1. 1. 1.]
 [1. 0. 1.]
 [1. 0. 1.]
 [1. 0. 1.]
 [1. 0. 1.]
 [1. 1. 1.]]
action0:[0 0 0]
action1:[1 0 2]
sub_loc:
[[1. 1. 1.]
 [1. 1. 0.]
 [0. 1. 1.]
 [1. 1. 1.]
 [1. 1. 1.]
 [0. 1. 0.]]
action0:[0 1 0]
action1:[2 0 1]
sub_loc:
[[0. 1. 1.]
 [1. 1. 0.]
 [0. 1. 1.]
 [0. 1. 1.]
 [0. 1. 1.]
 [0. 1. 0.]]
action0:[1 1 0]
action1:[1 0 2]
sub_loc:
[[0. 0. 1.]
 [0. 0. 1.]
 [0. 0. 1.]
 [0. 1. 1.]
 [0. 1. 1.]
 [1. 1. 1.]]
action0:[5 4 0]
action1:[2 0 1]
sub_loc:
[[1. 0. 1.]
 [0. 1. 1.]
 [0. 0. 0.]
 [0. 1. 0.]
 [1. 0. 0.]
 [0. 1. 0.]]
action0:[0 1 0]
action1:[2 0 1]
sub_loc:
[[1. 0. 1.]
 [1. 1. 1.]
 [1. 0. 0.]
 [1. 1. 0.]
 [1. 1. 0.]
 [1. 1. 0.]]
action0:[0 1 0]
action1:[0 1 2]
sub_loc:
[[0. 0. 0.]
 [0. 1. 1.]
 [0. 0. 1.]
 [0. 1. 0.]
 [1. 1. 1.]
 [1. 1. 1.]]
action0:[4 1 1]
action1:[2 0 1]
sub_loc:
[[1. 0. 0.]
 [1. 0. 0.]
 [1. 1. 0.]
 [1. 1. 1.]
 [1. 0. 0.]
 [1. 1. 0.]]
action0:[0 3 3]
action1:[2 0 1]
sub_loc:
[[0. 0. 1.]
 [1. 1. 0.]
 [1. 1. 0.]
 [0. 1. 0.]
 [1. 1. 0.]
 [1. 1. 1.]]
action0:[1 1 0]
action1:[2 1 0]
sub_loc:
[[1. 0. 1.]
 [1. 1. 1.]
 [1. 1. 1.]
 [1. 0. 1.]
 [1. 0. 1.]
 [0. 1. 0.]]
action0:[0 1 0]
action1:[2 1 0]
sub_loc:
[[1. 0. 1.]
 [0. 1. 1.]
 [0. 0. 0.]
 [0. 1. 0.]
 [1. 0. 1.]
 [0. 1. 1.]]
action0:[0 1 0]
action1:[2 0 1]
sub_loc:
[[1. 1. 0.]
 [0. 1. 0.]
 [1. 1. 0.]
 [1. 0. 1.]
 [1. 0. 1.]
 [1. 1. 1.]]
action0:[0 1 3]
action1:[2 1 0]
sub_loc:
[[0. 0. 1.]
 [1. 1. 1.]
 [1. 1. 0.]
 [0. 0. 0.]
 [1. 0. 1.]
 [0. 0. 0.]]
action0:[1 1 1]
action1:[1 0 2]
sub_loc:
[[1. 1. 1.]
 [0. 1. 1.]
 [1. 1. 0.]
 [0. 1. 1.]
 [1. 1. 1.]
 [0. 1. 1.]]
action0:[0 1 0]
action1:[1 0 2]
sub_loc:
[[0. 0. 1.]
 [1. 1. 0.]
 [1. 0. 1.]
 [1. 0. 0.]
 [1. 0. 0.]
 [1. 1. 1.]]
action0:[3 1 0]
action1:[1 0 2]
sub_loc:
[[0. 1. 1.]
 [1. 1. 0.]
 [0. 1. 0.]
 [1. 1. 1.]
 [1. 1. 0.]
 [1. 0. 0.]]
action0:[3 1 0]
action1:[2 0 1]
sub_loc:
[[0. 0. 1.]
 [1. 0. 1.]
 [0. 1. 0.]
 [1. 0. 1.]
 [1. 1. 1.]
 [1. 0. 0.]]
action0:[3 4 0]
action1:[2 1 0]
sub_loc:
[[1. 1. 1.]
 [1. 1. 1.]
 [1. 1. 0.]
 [1. 1. 0.]
 [1. 1. 0.]
 [1. 1. 0.]]
action0:[0 1 0]
action1:[1 0 2]
sub_loc:
[[1. 1. 1.]
 [1. 1. 1.]
 [1. 1. 1.]
 [1. 1. 1.]
 [1. 1. 1.]
 [1. 1. 0.]]
action0:[0 1 0]
action1:[0 1 2]
sub_loc:
[[0. 1. 0.]
 [1. 1. 1.]
 [0. 1. 0.]
 [0. 1. 1.]
 [0. 1. 1.]
 [1. 0. 0.]]
action0:[1 1 3]
action1:[2 0 1]
sub_loc:
[[0. 1. 1.]
 [0. 1. 0.]
 [0. 1. 0.]
 [0. 1. 1.]
 [1. 0. 0.]
 [0. 1. 0.]]
action0:[4 1 0]
action1:[2 0 1]
sub_loc:
[[0. 1. 1.]
 [1. 0. 1.]
 [1. 0. 1.]
 [0. 1. 0.]
 [1. 1. 0.]
 [0. 0. 1.]]
action0:[1 0 0]
action1:[0 1 2]
sub_loc:
[[0. 0. 0.]
 [1. 1. 1.]
 [1. 0. 1.]
 [1. 1. 1.]
 [1. 0. 1.]
 [1. 1. 0.]]
action0:[3 1 1]
action1:[1 0 2]
sub_loc:
[[0. 0. 1.]
 [0. 1. 0.]
 [1. 1. 0.]
 [1. 0. 1.]
 [1. 1. 1.]
 [0. 0. 1.]]
action0:[3 1 0]
action1:[2 0 1]
sub_loc:
[[1. 0. 1.]
 [1. 0. 0.]
 [0. 0. 1.]
 [0. 0. 1.]
 [1. 1. 1.]
 [1. 0. 0.]]
action0:[0 4 0]
action1:[2 1 0]
sub_loc:
[[1. 1. 1.]
 [0. 0. 1.]
 [0. 1. 1.]
 [0. 1. 1.]
 [0. 1. 1.]
 [1. 1. 1.]]
action0:[0 0 0]
action1:[2 0 1]
sub_loc:
[[1. 0. 0.]
 [1. 0. 0.]
 [1. 0. 0.]
 [1. 1. 1.]
 [0. 1. 0.]
 [0. 1. 1.]]
action0:[0 4 3]
action1:[2 1 0]
sub_loc:
[[0. 1. 1.]
 [1. 1. 0.]
 [1. 1. 0.]
 [1. 1. 0.]
 [0. 1. 1.]
 [1. 1. 1.]]
action0:[3 1 0]
action1:[0 1 2]
sub_loc:
[[1. 1. 1.]
 [1. 1. 0.]
 [1. 0. 0.]
 [0. 1. 1.]
 [0. 1. 1.]
 [0. 1. 1.]]
action0:[0 1 0]
action1:[2 0 1]
sub_loc:
[[0. 1. 0.]
 [0. 1. 1.]
 [1. 1. 1.]
 [0. 0. 1.]
 [0. 1. 1.]
 [0. 1. 1.]]
action0:[2 1 1]
action1:[2 1 0]
sub_loc:
[[0. 1. 0.]
 [1. 1. 1.]
 [1. 1. 0.]
 [0. 0. 0.]
 [1. 1. 1.]
 [1. 1. 1.]]
action0:[1 1 1]
action1:[2 1 0]
sub_loc:
[[1. 1. 1.]
 [1. 1. 1.]
 [1. 0. 1.]
 [1. 1. 0.]
 [1. 0. 0.]
 [1. 1. 1.]]
action0:[0 1 0]
action1:[2 0 1]
sub_loc:
[[1. 1. 0.]
 [1. 0. 0.]
 [1. 0. 0.]
 [1. 1. 0.]
 [1. 0. 0.]
 [1. 0. 1.]]
action0:[0 0 5]
action1:[1 0 2]
sub_loc:
[[1. 0. 1.]
 [1. 1. 1.]
 [0. 0. 1.]
 [1. 1. 0.]
 [1. 0. 0.]
 [0. 1. 1.]]
action0:[0 1 0]
action1:[2 1 0]
sub_loc:
[[1. 0. 1.]
 [0. 1. 1.]
 [1. 1. 1.]
 [1. 1. 0.]
 [1. 1. 0.]
 [1. 1. 1.]]
action0:[0 1 0]
action1:[2 0 1]
sub_loc:
[[0. 0. 1.]
 [0. 1. 0.]
 [0. 0. 0.]
 [1. 0. 0.]
 [1. 1. 1.]
 [1. 0. 0.]]
action0:[3 1 0]
action1:[1 0 2]
sub_loc:
[[1. 0. 1.]
 [1. 1. 0.]
 [0. 1. 0.]
 [1. 1. 1.]
 [0. 0. 1.]
 [1. 0. 1.]]
action0:[0 1 0]
action1:[2 1 0]
sub_loc:
[[1. 0. 0.]
 [1. 1. 1.]
 [0. 1. 1.]
 [0. 1. 1.]
 [0. 1. 1.]
 [0. 0. 1.]]
action0:[0 1 1]
action1:[2 0 1]
sub_loc:
[[1. 1. 0.]
 [1. 1. 0.]
 [0. 1. 0.]
 [1. 0. 1.]
 [1. 1. 0.]
 [0. 1. 0.]]
action0:[0 1 3]
action1:[1 0 2]
sub_loc:
[[1. 0. 1.]
 [1. 1. 0.]
 [1. 1. 0.]
 [1. 0. 1.]
 [1. 1. 0.]
 [1. 1. 1.]]
action0:[0 1 0]
action1:[2 1 0]
sub_loc:
[[1. 0. 1.]
 [0. 0. 1.]
 [1. 1. 1.]
 [0. 0. 1.]
 [1. 0. 0.]
 [1. 0. 1.]]
action0:[0 2 0]
action1:[2 0 1]
sub_loc:
[[1. 0. 1.]
 [1. 1. 0.]
 [1. 0. 0.]
 [1. 1. 1.]
 [1. 1. 1.]
 [1. 0. 0.]]
action0:[0 1 0]
action1:[2 1 0]
sub_loc:
[[0. 1. 1.]
 [1. 1. 0.]
 [1. 1. 1.]
 [1. 1. 1.]
 [0. 1. 0.]
 [1. 1. 1.]]
action0:[3 1 0]
action1:[2 0 1]
sub_loc:
[[0. 0. 1.]
 [1. 0. 0.]
 [1. 1. 0.]
 [1. 0. 1.]
 [1. 0. 1.]
 [1. 1. 0.]]
action0:[3 2 0]
action1:[2 1 0]
sub_loc:
[[0. 1. 1.]
 [1. 1. 1.]
 [1. 1. 1.]
 [1. 1. 0.]
 [0. 1. 0.]
 [0. 1. 1.]]
action0:[3 1 0]
action1:[1 0 2]
sub_loc:
[[1. 0. 0.]
 [0. 1. 0.]
 [0. 1. 1.]
 [1. 1. 1.]
 [0. 1. 0.]
 [1. 1. 0.]]
action0:[0 1 3]
action1:[2 1 0]
sub_loc:
[[1. 1. 0.]
 [0. 1. 0.]
 [0. 1. 0.]
 [0. 0. 0.]
 [0. 1. 0.]
 [1. 0. 1.]]
action0:[0 1 5]
action1:[2 0 1]
sub_loc:
[[0. 1. 0.]
 [1. 0. 1.]
 [1. 0. 1.]
 [0. 1. 1.]
 [1. 0. 1.]
 [0. 1. 0.]]
action0:[1 0 1]
action1:[1 0 2]
sub_loc:
[[1. 1. 1.]
 [0. 1. 1.]
 [1. 0. 1.]
 [0. 0. 1.]
 [1. 0. 0.]
 [0. 0. 0.]]
action0:[0 1 0]
action1:[2 1 0]
sub_loc:
[[0. 1. 0.]
 [0. 1. 1.]
 [1. 0. 1.]
 [0. 0. 1.]
 [1. 0. 1.]
 [0. 0. 1.]]
action0:[2 1 3]
action1:[2 0 1]
sub_loc:
[[0. 1. 0.]
 [0. 1. 0.]
 [1. 1. 0.]
 [1. 0. 1.]
 [1. 0. 0.]
 [1. 0. 1.]]
action0:[3 1 3]
action1:[2 0 1]
sub_loc:
[[1. 0. 0.]
 [0. 0. 1.]
 [0. 1. 0.]
 [1. 1. 1.]
 [0. 0. 1.]
 [1. 0. 0.]]
action0:[0 3 3]
action1:[2 1 0]
sub_loc:
[[1. 0. 1.]
 [1. 1. 1.]
 [1. 1. 1.]
 [1. 1. 1.]
 [1. 1. 1.]
 [1. 1. 1.]]
action0:[0 1 0]
action1:[2 1 0]
sub_loc:
[[1. 0. 1.]
 [1. 1. 0.]
 [1. 0. 1.]
 [1. 0. 0.]
 [1. 1. 1.]
 [1. 1. 1.]]
action0:[0 1 0]
action1:[2 1 0]
sub_loc:
[[0. 0. 0.]
 [1. 0. 0.]
 [1. 1. 0.]
 [1. 0. 0.]
 [1. 1. 0.]
 [1. 0. 1.]]
action0:[3 4 5]
action1:[1 0 2]
sub_loc:
[[0. 1. 1.]
 [1. 0. 1.]
 [0. 1. 0.]
 [0. 0. 1.]
 [1. 1. 0.]
 [1. 0. 0.]]
action0:[1 0 0]
action1:[1 0 2]
sub_loc:
[[1. 0. 1.]
 [1. 1. 0.]
 [0. 1. 0.]
 [0. 1. 0.]
 [0. 1. 0.]
 [0. 1. 1.]]
action0:[0 1 0]
action1:[1 0 2]
sub_loc:
[[0. 1. 0.]
 [0. 1. 0.]
 [1. 0. 0.]
 [0. 0. 0.]
 [0. 1. 1.]
 [1. 0. 1.]]
action0:[2 1 4]
action1:[0 2 1]
sub_loc:
[[0. 1. 0.]
 [0. 1. 1.]
 [1. 0. 1.]
 [1. 0. 1.]
 [1. 0. 1.]
 [0. 0. 1.]]
action0:[3 1 1]
action1:[1 0 2]
sub_loc:
[[0. 0. 0.]
 [1. 1. 1.]
 [0. 0. 1.]
 [0. 1. 1.]
 [0. 1. 0.]
 [0. 0. 1.]]
action0:[1 1 3]
action1:[1 0 2]
sub_loc:
[[1. 1. 1.]
 [0. 1. 1.]
 [0. 1. 1.]
 [0. 0. 0.]
 [1. 0. 1.]
 [0. 1. 0.]]
action0:[0 1 0]
action1:[2 0 1]
sub_loc:
[[0. 1. 0.]
 [1. 1. 0.]
 [1. 1. 1.]
 [1. 0. 1.]
 [1. 1. 0.]
 [1. 1. 0.]]
action0:[3 1 3]
action1:[1 0 2]
sub_loc:
[[0. 0. 0.]
 [0. 1. 1.]
 [0. 0. 1.]
 [0. 0. 1.]
 [1. 1. 1.]
 [0. 0. 1.]]
action0:[4 1 1]
action1:[2 0 1]
sub_loc:
[[1. 1. 0.]
 [0. 0. 0.]
 [1. 0. 0.]
 [0. 1. 0.]
 [1. 0. 1.]
 [1. 0. 0.]]
action0:[0 0 4]
action1:[1 0 2]
sub_loc:
[[0. 0. 0.]
 [1. 0. 0.]
 [1. 1. 1.]
 [0. 1. 1.]
 [1. 1. 1.]
 [1. 0. 0.]]
action0:[1 4 3]
action1:[1 0 2]
sub_loc:
[[0. 0. 0.]
 [0. 1. 0.]
 [1. 1. 0.]
 [1. 1. 0.]
 [1. 1. 1.]
 [0. 1. 0.]]
action0:[3 1 4]
action1:[1 0 2]
sub_loc:
[[1. 1. 1.]
 [1. 0. 0.]
 [0. 0. 0.]
 [0. 1. 0.]
 [0. 0. 1.]
 [1. 0. 0.]]
action0:[0 0 0]
action1:[2 0 1]
sub_loc:
[[1. 1. 1.]
 [0. 1. 1.]
 [0. 1. 1.]
 [0. 1. 1.]
 [1. 0. 1.]
 [0. 1. 1.]]
action0:[0 1 0]
action1:[2 0 1]
sub_loc:
[[0. 0. 1.]
 [0. 0. 1.]
 [1. 0. 1.]
 [0. 0. 1.]
 [0. 0. 1.]
 [0. 1. 1.]]
action0:[2 5 0]
action1:[2 0 1]
sub_loc:
[[0. 1. 1.]
 [1. 1. 1.]
 [1. 1. 1.]
 [0. 1. 1.]
 [1. 1. 1.]
 [1. 1. 1.]]
action0:[1 1 0]
action1:[2 0 1]
sub_loc:
[[1. 0. 1.]
 [1. 0. 0.]
 [1. 0. 0.]
 [1. 1. 0.]
 [0. 1. 1.]
 [0. 1. 1.]]
action0:[0 4 0]
action1:[2 0 1]
sub_loc:
[[0. 1. 0.]
 [0. 1. 0.]
 [0. 1. 1.]
 [1. 1. 1.]
 [0. 1. 1.]
 [0. 1. 1.]]
action0:[3 1 3]
action1:[2 0 1]
sub_loc:
[[0. 1. 0.]
 [0. 0. 1.]
 [1. 1. 1.]
 [1. 1. 0.]
 [1. 1. 1.]
 [1. 0. 1.]]
action0:[3 0 1]
action1:[1 0 2]
sub_loc:
[[0. 1. 0.]
 [1. 0. 1.]
 [1. 1. 1.]
 [0. 1. 1.]
 [1. 0. 0.]
 [1. 0. 1.]]
action0:[1 0 3]
action1:[2 1 0]
sub_loc:
[[1. 0. 1.]
 [1. 1. 0.]
 [1. 1. 1.]
 [1. 1. 0.]
 [1. 0. 0.]
 [1. 1. 0.]]
action0:[0 1 0]
action1:[1 0 2]
sub_loc:
[[1. 1. 0.]
 [0. 1. 1.]
 [1. 1. 1.]
 [0. 1. 1.]
 [1. 1. 1.]
 [1. 1. 0.]]
action0:[0 1 3]
action1:[2 0 1]
sub_loc:
[[0. 0. 1.]
 [0. 1. 1.]
 [1. 0. 0.]
 [1. 0. 1.]
 [1. 0. 0.]
 [1. 0. 0.]]
action0:[3 1 0]
action1:[2 1 0]
sub_loc:
[[1. 0. 0.]
 [0. 1. 0.]
 [1. 1. 1.]
 [0. 0. 0.]
 [1. 0. 0.]
 [0. 0. 1.]]
action0:[0 1 2]
action1:[1 2 0]
sub_loc:
[[0. 0. 1.]
 [0. 0. 0.]
 [1. 0. 1.]
 [0. 1. 0.]
 [0. 0. 1.]
 [0. 0. 1.]]
action0:[2 3 0]
action1:[2 0 1]
sub_loc:
[[1. 0. 1.]
 [1. 0. 0.]
 [1. 0. 0.]
 [1. 1. 1.]
 [1. 0. 1.]
 [0. 0. 1.]]
action0:[0 3 0]
action1:[1 0 2]
sub_loc:
[[1. 1. 1.]
 [1. 0. 1.]
 [1. 0. 0.]
 [1. 0. 1.]
 [1. 0. 1.]
 [1. 1. 1.]]
action0:[0 0 0]
action1:[2 1 0]
sub_loc:
[[0. 1. 1.]
 [1. 0. 1.]
 [1. 0. 0.]
 [1. 0. 0.]
 [1. 0. 0.]
 [1. 1. 0.]]
action0:[3 0 0]
action1:[1 0 2]
sub_loc:
[[0. 0. 0.]
 [1. 1. 0.]
 [1. 0. 1.]
 [1. 0. 1.]
 [0. 0. 0.]
 [0. 1. 0.]]
action0:[3 1 3]
action1:[0 2 1]
sub_loc:
[[1. 1. 0.]
 [1. 0. 1.]
 [1. 0. 1.]
 [1. 1. 0.]
 [1. 1. 1.]
 [1. 0. 0.]]
action0:[0 0 1]
action1:[1 0 2]
sub_loc:
[[0. 0. 0.]
 [0. 1. 1.]
 [0. 1. 1.]
 [0. 1. 1.]
 [1. 1. 0.]
 [0. 1. 1.]]
action0:[4 1 1]
action1:[1 0 2]
sub_loc:
[[0. 1. 1.]
 [1. 1. 1.]
 [0. 0. 1.]
 [1. 0. 1.]
 [0. 0. 1.]
 [1. 0. 1.]]
action0:[3 1 0]
action1:[2 0 1]
sub_loc:
[[0. 0. 1.]
 [0. 1. 1.]
 [0. 0. 1.]
 [1. 1. 0.]
 [1. 1. 0.]
 [0. 1. 1.]]
action0:[3 1 0]
action1:[1 2 0]
sub_loc:
[[0. 0. 0.]
 [1. 0. 1.]
 [0. 0. 1.]
 [0. 1. 0.]
 [0. 1. 1.]
 [0. 1. 1.]]
action0:[1 4 4]
action1:[2 0 1]
sub_loc:
[[1. 1. 1.]
 [1. 1. 1.]
 [0. 0. 1.]
 [1. 0. 0.]
 [1. 0. 1.]
 [1. 0. 0.]]
action0:[0 1 0]
action1:[2 0 1]
sub_loc:
[[0. 1. 0.]
 [0. 1. 1.]
 [1. 0. 0.]
 [1. 0. 1.]
 [1. 0. 0.]
 [0. 0. 1.]]
action0:[3 1 1]
action1:[2 1 0]
sub_loc:
[[1. 1. 0.]
 [1. 0. 1.]
 [0. 1. 1.]
 [0. 0. 1.]
 [1. 1. 1.]
 [0. 1. 1.]]
action0:[0 0 1]
action1:[2 0 1]
sub_loc:
[[1. 1. 1.]
 [1. 1. 1.]
 [1. 1. 0.]
 [1. 0. 1.]
 [1. 1. 1.]
 [1. 1. 1.]]
action0:[0 1 0]
action1:[0 1 2]
sub_loc:
[[0. 1. 0.]
 [1. 1. 0.]
 [1. 1. 0.]
 [1. 1. 0.]
 [1. 1. 1.]
 [1. 1. 0.]]
action0:[3 1 4]
action1:[2 0 1]
sub_loc:
[[0. 1. 0.]
 [0. 1. 1.]
 [1. 1. 1.]
 [0. 1. 1.]
 [0. 1. 1.]
 [1. 1. 1.]]
action0:[2 1 1]
action1:[2 0 1]
sub_loc:
[[1. 0. 0.]
 [1. 0. 1.]
 [1. 0. 1.]
 [0. 1. 0.]
 [1. 1. 1.]
 [0. 0. 1.]]
action0:[0 4 1]
action1:[1 0 2]
sub_loc:
[[0. 1. 0.]
 [1. 0. 1.]
 [1. 1. 0.]
 [1. 1. 1.]
 [0. 0. 0.]
 [1. 1. 0.]]
action0:[3 0 3]
action1:[2 0 1]
sub_loc:
[[1. 0. 0.]
 [1. 1. 0.]
 [0. 1. 1.]
 [0. 0. 0.]
 [1. 1. 0.]
 [0. 0. 0.]]
action0:[0 1 2]
action1:[2 0 1]
sub_loc:
[[0. 1. 0.]
 [1. 1. 1.]
 [1. 1. 0.]
 [1. 0. 0.]
 [1. 1. 0.]
 [0. 0. 0.]]
action0:[3 1 1]
action1:[2 0 1]
sub_loc:
[[0. 0. 1.]
 [1. 0. 1.]
 [1. 0. 1.]
 [1. 1. 1.]
 [1. 1. 1.]
 [0. 1. 1.]]
action0:[3 4 0]
action1:[2 1 0]
sub_loc:
[[0. 1. 0.]
 [0. 1. 1.]
 [0. 1. 0.]
 [0. 1. 0.]
 [1. 1. 0.]
 [0. 1. 0.]]
action0:[4 1 1]
action1:[2 0 1]
sub_loc:
[[1. 1. 0.]
 [1. 1. 1.]
 [1. 1. 1.]
 [0. 0. 0.]
 [1. 1. 1.]
 [1. 1. 1.]]
action0:[0 1 1]
action1:[1 0 2]
sub_loc:
[[0. 1. 0.]
 [0. 1. 1.]
 [1. 1. 1.]
 [0. 1. 0.]
 [0. 1. 1.]
 [1. 1. 1.]]
action0:[2 1 1]
action1:[1 0 2]
sub_loc:
[[0. 1. 0.]
 [1. 1. 1.]
 [1. 1. 1.]
 [1. 1. 1.]
 [0. 1. 0.]
 [1. 1. 1.]]
action0:[1 1 3]
action1:[2 1 0]
sub_loc:
[[0. 0. 1.]
 [1. 0. 1.]
 [1. 0. 1.]
 [1. 0. 0.]
 [1. 1. 1.]
 [0. 0. 0.]]
action0:[3 4 0]
action1:[2 0 1]
sub_loc:
[[0. 0. 1.]
 [0. 1. 0.]
 [1. 1. 1.]
 [0. 0. 1.]
 [0. 0. 0.]
 [1. 0. 1.]]
action0:[5 1 0]
action1:[2 0 1]
sub_loc:
[[0. 1. 1.]
 [1. 0. 0.]
 [1. 1. 0.]
 [1. 1. 1.]
 [1. 0. 0.]
 [1. 1. 0.]]
action0:[3 0 0]
action1:[1 0 2]
sub_loc:
[[0. 1. 0.]
 [1. 0. 1.]
 [1. 1. 0.]
 [1. 0. 1.]
 [1. 1. 0.]
 [1. 0. 0.]]
action0:[3 0 1]
action1:[2 0 1]
sub_loc:
[[1. 1. 1.]
 [1. 1. 0.]
 [1. 1. 1.]
 [1. 1. 1.]
 [1. 0. 1.]
 [1. 1. 1.]]
action0:[0 1 0]
action1:[2 0 1]
sub_loc:
[[0. 0. 0.]
 [0. 0. 0.]
 [0. 1. 1.]
 [1. 0. 1.]
 [1. 0. 0.]
 [1. 0. 0.]]
action0:[3 2 3]
action1:[2 1 0]
sub_loc:
[[0. 1. 1.]
 [1. 0. 1.]
 [0. 0. 0.]
 [0. 1. 0.]
 [0. 1. 1.]
 [1. 0. 0.]]
action0:[1 0 0]
action1:[2 0 1]
sub_loc:
[[1. 0. 1.]
 [0. 0. 0.]
 [1. 0. 1.]
 [1. 1. 0.]
 [1. 0. 1.]
 [1. 0. 1.]]
action0:[0 3 0]
action1:[1 0 2]
sub_loc:
[[1. 0. 1.]
 [1. 1. 0.]
 [1. 1. 0.]
 [1. 0. 0.]
 [0. 0. 0.]
 [0. 1. 1.]]
action0:[0 1 0]
action1:[2 0 1]
sub_loc:
[[1. 0. 1.]
 [1. 0. 1.]
 [1. 0. 1.]
 [1. 1. 1.]
 [1. 0. 1.]
 [1. 0. 0.]]
action0:[0 3 0]
action1:[1 0 2]
sub_loc:
[[1. 0. 1.]
 [1. 0. 0.]
 [0. 1. 0.]
 [0. 0. 0.]
 [0. 0. 1.]
 [0. 0. 1.]]
action0:[0 2 0]
action1:[2 0 1]
sub_loc:
[[0. 1. 0.]
 [0. 1. 1.]
 [0. 1. 1.]
 [0. 1. 1.]
 [1. 1. 0.]
 [0. 1. 1.]]
action0:[4 1 1]
action1:[2 0 1]
sub_loc:
[[1. 0. 0.]
 [0. 0. 1.]
 [0. 1. 1.]
 [1. 1. 1.]
 [0. 1. 1.]
 [0. 0. 1.]]
action0:[0 4 1]
action1:[2 0 1]
sub_loc:
[[1. 1. 0.]
 [0. 1. 0.]
 [1. 1. 1.]
 [1. 1. 0.]
 [0. 1. 0.]
 [1. 0. 0.]]
action0:[0 1 2]
action1:[2 1 0]
sub_loc:
[[0. 0. 0.]
 [1. 0. 1.]
 [1. 0. 1.]
 [1. 1. 1.]
 [1. 0. 1.]
 [1. 1. 1.]]
action0:[3 3 1]
action1:[2 0 1]
sub_loc:
[[0. 1. 0.]
 [1. 1. 1.]
 [0. 1. 0.]
 [1. 1. 1.]
 [0. 1. 0.]
 [1. 0. 0.]]
action0:[1 1 1]
action1:[0 1 2]
sub_loc:
[[1. 0. 0.]
 [1. 1. 0.]
 [0. 1. 0.]
 [0. 1. 0.]
 [1. 0. 1.]
 [1. 0. 0.]]
action0:[0 1 4]
action1:[1 0 2]
sub_loc:
[[0. 1. 0.]
 [1. 1. 0.]
 [1. 0. 0.]
 [1. 0. 0.]
 [1. 0. 1.]
 [1. 0. 1.]]
action0:[3 1 4]
action1:[2 0 1]
sub_loc:
[[1. 1. 1.]
 [0. 0. 1.]
 [0. 0. 1.]
 [1. 1. 1.]
 [0. 0. 0.]
 [0. 0. 1.]]
action0:[0 0 0]
action1:[1 0 2]
sub_loc:
[[1. 1. 0.]
 [0. 1. 1.]
 [1. 1. 1.]
 [0. 1. 1.]
 [0. 0. 0.]
 [1. 1. 1.]]
action0:[0 1 3]
action1:[2 0 1]
sub_loc:
[[1. 0. 0.]
 [1. 1. 0.]
 [0. 0. 1.]
 [0. 0. 0.]
 [1. 1. 1.]
 [0. 0. 0.]]
action0:[0 1 4]
action1:[1 0 2]
sub_loc:
[[1. 1. 1.]
 [1. 1. 1.]
 [1. 1. 1.]
 [1. 1. 0.]
 [1. 1. 1.]
 [1. 1. 1.]]
action0:[0 1 0]
action1:[2 0 1]
sub_loc:
[[1. 0. 0.]
 [1. 1. 1.]
 [1. 1. 1.]
 [1. 0. 1.]
 [1. 1. 0.]
 [1. 1. 1.]]
action0:[0 1 1]
action1:[0 1 2]
sub_loc:
[[1. 0. 0.]
 [0. 1. 1.]
 [0. 0. 1.]
 [1. 0. 1.]
 [0. 0. 1.]
 [1. 0. 0.]]
action0:[0 1 3]
action1:[2 0 1]
sub_loc:
[[1. 0. 0.]
 [1. 0. 0.]
 [1. 1. 1.]
 [1. 0. 0.]
 [1. 1. 1.]
 [0. 1. 1.]]
action0:[0 4 4]
action1:[2 1 0]
sub_loc:
[[0. 0. 1.]
 [0. 1. 1.]
 [1. 0. 0.]
 [1. 0. 1.]
 [0. 1. 0.]
 [1. 0. 1.]]
action0:[3 1 0]
action1:[1 0 2]
sub_loc:
[[1. 0. 0.]
 [1. 1. 0.]
 [0. 0. 0.]
 [0. 1. 1.]
 [0. 1. 0.]
 [0. 1. 1.]]
action0:[0 1 3]
action1:[2 0 1]
sub_loc:
[[1. 1. 1.]
 [1. 1. 1.]
 [0. 0. 1.]
 [1. 0. 1.]
 [0. 0. 0.]
 [1. 1. 1.]]
action0:[0 1 0]
action1:[2 0 1]
sub_loc:
[[1. 1. 0.]
 [1. 1. 1.]
 [1. 0. 1.]
 [0. 0. 1.]
 [1. 1. 1.]
 [1. 0. 0.]]
action0:[0 1 1]
action1:[2 1 0]
success
next_agent##################################################
sub_loc:
[[1. 0. 0.]
 [1. 1. 1.]
 [1. 0. 1.]
 [1. 1. 1.]
 [1. 1. 1.]
 [1. 0. 1.]]
action0:[4 1 2]
action1:[0 0 0]
sub_loc:
[[1. 1. 0.]
 [1. 0. 1.]
 [1. 1. 0.]
 [0. 0. 0.]
 [0. 1. 0.]
 [1. 0. 1.]]
action0:[2 0 5]
action1:[0 0 0]
sub_loc:
[[0. 1. 1.]
 [1. 1. 1.]
 [1. 0. 1.]
 [1. 0. 1.]
 [1. 0. 1.]
 [1. 0. 1.]]
action0:[3 1 1]
action1:[0 0 0]
sub_loc:
[[1. 1. 0.]
 [1. 1. 1.]
 [1. 1. 1.]
 [1. 1. 1.]
 [1. 0. 1.]
 [1. 1. 1.]]
action0:[5 2 4]
action1:[0 0 0]
sub_loc:
[[1. 0. 0.]
 [0. 1. 1.]
 [1. 1. 1.]
 [1. 1. 1.]
 [0. 1. 0.]
 [0. 1. 1.]]
action0:[3 5 3]
action1:[0 0 0]
sub_loc:
[[1. 0. 0.]
 [0. 0. 0.]
 [1. 0. 0.]
 [0. 1. 1.]
 [0. 1. 0.]
 [1. 1. 1.]]
action0:[2 5 3]
action1:[0 0 0]
sub_loc:
[[0. 0. 0.]
 [0. 1. 1.]
 [1. 1. 0.]
 [1. 1. 1.]
 [1. 1. 1.]
 [1. 1. 0.]]
action0:[4 4 3]
action1:[0 0 0]
sub_loc:
[[1. 0. 1.]
 [1. 1. 0.]
 [1. 0. 0.]
 [0. 1. 0.]
 [1. 0. 1.]
 [1. 0. 0.]]
action0:[0 3 4]
action1:[0 0 0]
sub_loc:
[[1. 1. 0.]
 [0. 0. 1.]
 [1. 0. 1.]
 [0. 1. 1.]
 [1. 1. 1.]
 [1. 0. 1.]]
action0:[4 0 3]
action1:[0 0 0]
sub_loc:
[[0. 1. 0.]
 [0. 0. 0.]
 [1. 0. 1.]
 [0. 1. 0.]
 [0. 0. 0.]
 [0. 1. 1.]]
action0:[2 3 2]
action1:[0 0 0]
sub_loc:
[[1. 0. 1.]
 [0. 1. 0.]
 [1. 1. 1.]
 [0. 1. 0.]
 [0. 1. 1.]
 [0. 1. 0.]]
action0:[2 3 4]
action1:[0 0 0]
sub_loc:
[[1. 0. 0.]
 [1. 0. 1.]
 [1. 0. 1.]
 [1. 0. 1.]
 [0. 1. 1.]
 [1. 0. 1.]]
action0:[2 4 1]
action1:[0 0 0]
sub_loc:
[[0. 0. 1.]
 [0. 1. 1.]
 [0. 1. 1.]
 [0. 1. 0.]
 [0. 1. 1.]
 [1. 1. 0.]]
action0:[5 4 2]
action1:[0 0 0]
sub_loc:
[[0. 1. 0.]
 [1. 1. 1.]
 [1. 0. 1.]
 [1. 1. 0.]
 [0. 1. 1.]
 [1. 1. 0.]]
action0:[2 0 2]
action1:[0 0 0]
sub_loc:
[[1. 1. 1.]
 [1. 1. 0.]
 [0. 1. 1.]
 [1. 0. 1.]
 [0. 0. 1.]
 [0. 0. 1.]]
action0:[0 2 4]
action1:[0 0 0]
sub_loc:
[[1. 0. 1.]
 [1. 1. 1.]
 [1. 1. 0.]
 [1. 1. 1.]
 [1. 1. 1.]
 [0. 1. 1.]]
action0:[2 5 5]
action1:[0 0 0]
sub_loc:
[[1. 1. 1.]
 [1. 1. 1.]
 [0. 0. 1.]
 [0. 0. 0.]
 [0. 0. 1.]
 [0. 0. 1.]]
action0:[0 0 1]
action1:[0 0 0]
sub_loc:
[[0. 0. 0.]
 [0. 1. 1.]
 [0. 1. 0.]
 [1. 1. 1.]
 [0. 0. 0.]
 [0. 0. 0.]]
action0:[3 1 1]
action1:[0 0 0]
sub_loc:
[[1. 0. 1.]
 [1. 0. 1.]
 [1. 0. 1.]
 [0. 0. 1.]
 [1. 1. 1.]
 [1. 1. 1.]]
action0:[0 5 1]
action1:[0 0 0]
sub_loc:
[[1. 1. 1.]
 [1. 1. 1.]
 [0. 0. 1.]
 [1. 1. 1.]
 [1. 0. 1.]
 [0. 0. 1.]]
action0:[0 0 2]
action1:[0 0 0]
sub_loc:
[[0. 0. 0.]
 [0. 0. 1.]
 [1. 0. 1.]
 [0. 0. 0.]
 [0. 1. 1.]
 [0. 0. 1.]]
action0:[2 4 4]
action1:[0 0 0]
sub_loc:
[[1. 1. 0.]
 [0. 1. 0.]
 [1. 1. 0.]
 [0. 0. 1.]
 [0. 0. 0.]
 [1. 1. 0.]]
action0:[5 5 3]
action1:[0 0 0]
sub_loc:
[[1. 1. 0.]
 [0. 0. 0.]
 [1. 1. 0.]
 [0. 0. 1.]
 [0. 1. 1.]
 [0. 1. 0.]]
action0:[0 2 4]
action1:[0 0 0]
sub_loc:
[[1. 0. 1.]
 [1. 0. 1.]
 [0. 1. 0.]
 [0. 0. 0.]
 [0. 0. 1.]
 [0. 0. 0.]]
action0:[1 2 4]
action1:[0 0 0]
sub_loc:
[[0. 0. 0.]
 [1. 1. 1.]
 [0. 1. 0.]
 [0. 0. 0.]
 [1. 0. 0.]
 [0. 0. 0.]]
action0:[1 2 1]
action1:[0 0 0]
sub_loc:
[[1. 0. 1.]
 [0. 0. 0.]
 [0. 1. 0.]
 [1. 1. 0.]
 [0. 0. 0.]
 [0. 0. 1.]]
action0:[3 2 5]
action1:[0 0 0]
sub_loc:
[[1. 0. 0.]
 [0. 1. 1.]
 [1. 1. 1.]
 [1. 1. 0.]
 [0. 1. 1.]
 [0. 1. 1.]]
action0:[3 2 4]
action1:[0 0 0]
sub_loc:
[[1. 1. 1.]
 [1. 1. 0.]
 [1. 0. 1.]
 [1. 1. 1.]
 [1. 1. 0.]
 [1. 0. 1.]]
action0:[4 4 3]
action1:[0 0 0]
sub_loc:
[[1. 1. 1.]
 [1. 0. 1.]
 [0. 0. 1.]
 [1. 0. 0.]
 [0. 1. 0.]
 [0. 0. 0.]]
action0:[0 0 0]
action1:[0 0 0]
sub_loc:
[[1. 1. 0.]
 [1. 1. 0.]
 [1. 0. 1.]
 [0. 0. 1.]
 [1. 1. 1.]
 [1. 0. 1.]]
action0:[5 4 3]
action1:[0 0 0]
sub_loc:
[[0. 0. 0.]
 [1. 1. 0.]
 [1. 1. 0.]
 [1. 1. 0.]
 [0. 1. 1.]
 [1. 1. 0.]]
action0:[3 4 4]
action1:[0 0 0]
sub_loc:
[[1. 1. 1.]
 [1. 1. 1.]
 [1. 1. 1.]
 [1. 1. 1.]
 [1. 1. 1.]
 [1. 1. 1.]]
action0:[4 0 2]
action1:[0 0 0]
sub_loc:
[[1. 1. 1.]
 [1. 0. 0.]
 [1. 1. 0.]
 [1. 1. 1.]
 [1. 1. 1.]
 [1. 1. 1.]]
action0:[2 4 0]
action1:[0 0 0]
sub_loc:
[[1. 0. 0.]
 [0. 1. 1.]
 [0. 0. 1.]
 [0. 1. 1.]
 [0. 1. 1.]
 [1. 1. 1.]]
action0:[5 5 2]
action1:[0 0 0]
sub_loc:
[[0. 1. 1.]
 [0. 1. 1.]
 [0. 1. 0.]
 [0. 0. 1.]
 [1. 1. 0.]
 [0. 1. 0.]]
action0:[4 4 3]
action1:[0 0 0]
sub_loc:
[[1. 0. 1.]
 [1. 1. 1.]
 [0. 1. 0.]
 [0. 0. 0.]
 [0. 1. 0.]
 [0. 1. 0.]]
action0:[1 2 1]
action1:[0 0 0]
sub_loc:
[[1. 1. 0.]
 [1. 1. 0.]
 [0. 1. 0.]
 [1. 0. 0.]
 [1. 0. 1.]
 [1. 1. 0.]]
action0:[4 2 4]
action1:[0 0 0]
sub_loc:
[[1. 1. 0.]
 [0. 0. 1.]
 [0. 0. 0.]
 [1. 1. 1.]
 [0. 1. 1.]
 [0. 1. 1.]]
action0:[0 5 3]
action1:[0 0 0]
sub_loc:
[[1. 1. 0.]
 [1. 1. 0.]
 [0. 0. 1.]
 [0. 0. 1.]
 [0. 0. 0.]
 [0. 1. 0.]]
action0:[1 1 3]
action1:[0 0 0]
sub_loc:
[[0. 0. 0.]
 [1. 0. 1.]
 [0. 1. 1.]
 [0. 1. 1.]
 [0. 0. 1.]
 [0. 1. 1.]]
action0:[1 5 2]
action1:[0 0 0]
sub_loc:
[[0. 0. 0.]
 [1. 1. 1.]
 [1. 1. 1.]
 [0. 1. 1.]
 [0. 1. 1.]
 [1. 0. 1.]]
action0:[5 1 4]
action1:[0 0 0]
sub_loc:
[[1. 0. 0.]
 [0. 0. 1.]
 [1. 0. 1.]
 [1. 0. 0.]
 [1. 0. 1.]
 [1. 1. 0.]]
action0:[3 5 2]
action1:[0 0 0]
sub_loc:
[[1. 0. 0.]
 [0. 0. 1.]
 [1. 1. 1.]
 [1. 1. 1.]
 [0. 0. 1.]
 [0. 1. 1.]]
action0:[2 3 2]
action1:[0 0 0]
sub_loc:
[[0. 0. 1.]
 [0. 0. 1.]
 [1. 1. 1.]
 [1. 0. 0.]
 [1. 0. 1.]
 [1. 0. 0.]]
action0:[4 2 0]
action1:[0 0 0]
sub_loc:
[[0. 0. 1.]
 [1. 0. 1.]
 [1. 1. 0.]
 [1. 0. 0.]
 [1. 0. 0.]
 [1. 0. 1.]]
action0:[1 2 1]
action1:[0 0 0]
sub_loc:
[[0. 0. 0.]
 [1. 0. 1.]
 [1. 1. 1.]
 [1. 0. 0.]
 [1. 0. 1.]
 [1. 0. 1.]]
action0:[1 2 4]
action1:[0 0 0]
sub_loc:
[[1. 1. 0.]
 [1. 1. 1.]
 [0. 1. 1.]
 [0. 0. 0.]
 [0. 0. 1.]
 [0. 1. 0.]]
action0:[1 5 4]
action1:[0 0 0]
sub_loc:
[[1. 1. 0.]
 [1. 1. 0.]
 [1. 1. 0.]
 [1. 1. 0.]
 [1. 1. 1.]
 [1. 1. 0.]]
action0:[4 0 4]
action1:[0 0 0]
sub_loc:
[[0. 1. 1.]
 [1. 1. 0.]
 [1. 0. 1.]
 [0. 1. 0.]
 [1. 1. 1.]
 [1. 0. 0.]]
action0:[4 0 4]
action1:[0 0 0]
sub_loc:
[[0. 1. 1.]
 [0. 1. 1.]
 [0. 1. 1.]
 [0. 1. 1.]
 [1. 1. 1.]
 [1. 1. 1.]]
action0:[4 1 1]
action1:[0 0 0]
sub_loc:
[[1. 0. 0.]
 [1. 1. 1.]
 [1. 0. 1.]
 [0. 1. 1.]
 [1. 0. 0.]
 [0. 0. 1.]]
action0:[1 3 1]
action1:[0 0 0]
sub_loc:
[[0. 1. 0.]
 [0. 0. 0.]
 [1. 1. 0.]
 [1. 0. 1.]
 [0. 0. 1.]
 [1. 0. 1.]]
action0:[2 0 3]
action1:[0 0 0]
sub_loc:
[[0. 0. 1.]
 [0. 1. 1.]
 [0. 1. 1.]
 [0. 0. 1.]
 [0. 0. 0.]
 [1. 0. 1.]]
action0:[5 1 5]
action1:[0 0 0]
sub_loc:
[[0. 1. 1.]
 [1. 0. 1.]
 [0. 0. 0.]
 [0. 0. 1.]
 [0. 1. 1.]
 [0. 0. 1.]]
action0:[1 4 5]
action1:[0 0 0]
sub_loc:
[[1. 0. 0.]
 [1. 0. 0.]
 [0. 0. 0.]
 [0. 1. 1.]
 [0. 1. 0.]
 [0. 1. 0.]]
action0:[0 3 3]
action1:[0 0 0]
sub_loc:
[[1. 0. 1.]
 [1. 1. 1.]
 [1. 1. 1.]
 [1. 1. 0.]
 [1. 0. 0.]
 [1. 0. 1.]]
action0:[5 3 1]
action1:[0 0 0]
sub_loc:
[[0. 0. 0.]
 [1. 0. 1.]
 [1. 0. 0.]
 [1. 1. 0.]
 [1. 1. 1.]
 [1. 0. 0.]]
action0:[3 3 4]
action1:[0 0 0]
sub_loc:
[[1. 0. 1.]
 [1. 1. 1.]
 [1. 1. 1.]
 [1. 0. 0.]
 [1. 1. 0.]
 [1. 1. 0.]]
action0:[0 1 2]
action1:[0 0 0]
sub_loc:
[[0. 0. 0.]
 [1. 1. 1.]
 [0. 1. 1.]
 [0. 1. 1.]
 [0. 1. 1.]
 [0. 1. 1.]]
action0:[1 3 1]
action1:[0 0 0]
sub_loc:
[[0. 0. 1.]
 [0. 0. 0.]
 [1. 1. 0.]
 [0. 1. 0.]
 [1. 1. 0.]
 [1. 1. 1.]]
action0:[5 3 5]
action1:[0 0 0]
sub_loc:
[[0. 0. 1.]
 [1. 1. 0.]
 [1. 0. 1.]
 [0. 0. 1.]
 [0. 0. 0.]
 [1. 0. 1.]]
action0:[5 1 2]
action1:[0 0 0]
sub_loc:
[[1. 1. 0.]
 [1. 1. 0.]
 [1. 1. 1.]
 [1. 1. 1.]
 [1. 1. 0.]
 [1. 0. 0.]]
action0:[0 0 2]
action1:[0 0 0]
sub_loc:
[[0. 0. 0.]
 [1. 1. 1.]
 [1. 0. 0.]
 [1. 0. 1.]
 [0. 1. 1.]
 [1. 0. 1.]]
action0:[3 1 4]
action1:[0 0 0]
sub_loc:
[[1. 0. 1.]
 [1. 1. 1.]
 [1. 0. 1.]
 [1. 1. 1.]
 [0. 0. 1.]
 [1. 1. 1.]]
action0:[1 5 1]
action1:[0 0 0]
sub_loc:
[[0. 0. 0.]
 [1. 1. 1.]
 [0. 1. 1.]
 [1. 1. 1.]
 [0. 1. 1.]
 [1. 1. 1.]]
action0:[5 3 5]
action1:[0 0 0]
sub_loc:
[[0. 1. 1.]
 [0. 1. 0.]
 [0. 1. 0.]
 [0. 1. 1.]
 [0. 1. 0.]
 [1. 1. 0.]]
action0:[5 2 3]
action1:[0 0 0]
sub_loc:
[[0. 1. 0.]
 [1. 1. 1.]
 [1. 0. 0.]
 [1. 0. 0.]
 [1. 1. 1.]
 [1. 0. 0.]]
action0:[5 4 4]
action1:[0 0 0]
sub_loc:
[[1. 1. 0.]
 [1. 1. 1.]
 [1. 1. 1.]
 [1. 1. 1.]
 [1. 1. 1.]
 [1. 1. 0.]]
action0:[3 4 2]
action1:[0 0 0]
sub_loc:
[[0. 1. 0.]
 [0. 0. 0.]
 [0. 1. 1.]
 [0. 1. 1.]
 [0. 0. 0.]
 [1. 1. 1.]]
action0:[5 5 3]
action1:[0 0 0]
sub_loc:
[[1. 0. 1.]
 [0. 0. 0.]
 [1. 1. 1.]
 [0. 0. 0.]
 [1. 1. 1.]
 [1. 0. 1.]]
action0:[5 4 2]
action1:[0 0 0]
sub_loc:
[[0. 1. 1.]
 [0. 0. 1.]
 [0. 0. 0.]
 [1. 1. 0.]
 [0. 1. 0.]
 [1. 1. 1.]]
action0:[3 3 1]
action1:[0 0 0]
sub_loc:
[[0. 1. 1.]
 [1. 0. 1.]
 [1. 0. 0.]
 [1. 1. 1.]
 [0. 1. 0.]
 [1. 0. 1.]]
action0:[3 4 3]
action1:[0 0 0]
sub_loc:
[[1. 1. 0.]
 [0. 0. 0.]
 [0. 0. 1.]
 [0. 0. 0.]
 [1. 0. 0.]
 [1. 1. 1.]]
action0:[4 0 2]
action1:[0 0 0]
sub_loc:
[[0. 1. 1.]
 [0. 0. 0.]
 [0. 0. 1.]
 [1. 1. 0.]
 [0. 0. 1.]
 [1. 0. 1.]]
action0:[5 0 2]
action1:[0 0 0]
sub_loc:
[[1. 1. 1.]
 [1. 0. 0.]
 [0. 1. 1.]
 [1. 0. 0.]
 [0. 0. 0.]
 [0. 1. 0.]]
action0:[0 5 0]
action1:[0 0 0]
sub_loc:
[[1. 0. 1.]
 [1. 0. 1.]
 [1. 1. 0.]
 [1. 1. 0.]
 [1. 1. 1.]
 [0. 0. 1.]]
action0:[0 4 0]
action1:[0 0 0]
sub_loc:
[[1. 0. 0.]
 [0. 1. 0.]
 [1. 1. 0.]
 [0. 1. 0.]
 [1. 1. 1.]
 [0. 1. 1.]]
action0:[0 1 4]
action1:[0 0 0]
sub_loc:
[[0. 1. 1.]
 [1. 0. 0.]
 [0. 0. 1.]
 [0. 0. 1.]
 [1. 1. 0.]
 [1. 1. 1.]]
action0:[4 0 5]
action1:[0 0 0]
sub_loc:
[[0. 1. 1.]
 [1. 0. 0.]
 [1. 0. 1.]
 [1. 1. 1.]
 [1. 0. 0.]
 [1. 1. 0.]]
action0:[2 0 0]
action1:[0 0 0]
sub_loc:
[[0. 0. 1.]
 [1. 1. 1.]
 [1. 1. 1.]
 [1. 1. 1.]
 [1. 1. 1.]
 [1. 1. 1.]]
action0:[1 2 3]
action1:[0 0 0]
sub_loc:
[[1. 1. 0.]
 [1. 0. 1.]
 [0. 0. 1.]
 [1. 1. 0.]
 [1. 0. 0.]
 [1. 1. 1.]]
action0:[3 0 2]
action1:[0 0 0]
sub_loc:
[[1. 1. 0.]
 [0. 0. 0.]
 [0. 0. 1.]
 [0. 0. 0.]
 [0. 0. 0.]
 [1. 1. 0.]]
action0:[0 0 2]
action1:[0 0 0]
sub_loc:
[[1. 0. 1.]
 [0. 0. 0.]
 [0. 1. 1.]
 [0. 1. 1.]
 [1. 1. 1.]
 [1. 0. 1.]]
action0:[4 2 4]
action1:[0 0 0]
sub_loc:
[[1. 1. 0.]
 [0. 1. 1.]
 [1. 1. 1.]
 [0. 0. 1.]
 [0. 0. 1.]
 [1. 1. 1.]]
action0:[2 1 4]
action1:[0 0 0]
sub_loc:
[[1. 1. 0.]
 [1. 1. 1.]
 [0. 1. 1.]
 [1. 1. 1.]
 [0. 1. 1.]
 [0. 1. 1.]]
action0:[1 2 5]
action1:[0 0 0]
sub_loc:
[[1. 0. 0.]
 [0. 1. 1.]
 [0. 0. 0.]
 [0. 0. 1.]
 [0. 0. 1.]
 [1. 0. 0.]]
action0:[5 1 4]
action1:[0 0 0]
sub_loc:
[[0. 0. 0.]
 [0. 0. 0.]
 [1. 1. 0.]
 [1. 0. 1.]
 [0. 1. 1.]
 [1. 1. 1.]]
action0:[2 5 4]
action1:[0 0 0]
sub_loc:
[[1. 1. 1.]
 [1. 1. 1.]
 [1. 0. 1.]
 [1. 1. 1.]
 [1. 1. 1.]
 [1. 1. 1.]]
action0:[2 1 3]
action1:[0 0 0]
sub_loc:
[[0. 0. 1.]
 [0. 1. 0.]
 [1. 1. 0.]
 [0. 0. 0.]
 [0. 1. 0.]
 [1. 1. 1.]]
action0:[2 5 0]
action1:[0 0 0]
sub_loc:
[[0. 0. 1.]
 [1. 0. 0.]
 [1. 1. 0.]
 [1. 1. 0.]
 [0. 1. 0.]
 [1. 1. 1.]]
action0:[5 5 5]
action1:[0 0 0]
sub_loc:
[[0. 0. 0.]
 [0. 1. 1.]
 [1. 1. 0.]
 [1. 1. 0.]
 [1. 0. 0.]
 [1. 1. 0.]]
action0:[2 2 1]
action1:[0 0 0]
sub_loc:
[[1. 1. 1.]
 [1. 1. 1.]
 [1. 1. 1.]
 [1. 0. 1.]
 [0. 1. 1.]
 [1. 0. 1.]]
action0:[5 0 1]
action1:[0 0 0]
sub_loc:
[[1. 0. 1.]
 [0. 0. 0.]
 [0. 1. 1.]
 [0. 0. 1.]
 [1. 1. 0.]
 [0. 0. 1.]]
action0:[0 2 0]
action1:[0 0 0]
sub_loc:
[[0. 1. 0.]
 [0. 0. 1.]
 [0. 1. 0.]
 [1. 0. 1.]
 [1. 0. 0.]
 [1. 1. 0.]]
action0:[3 2 3]
action1:[0 0 0]
sub_loc:
[[0. 0. 0.]
 [0. 1. 0.]
 [1. 1. 0.]
 [1. 1. 1.]
 [1. 0. 1.]
 [0. 0. 0.]]
action0:[2 3 3]
action1:[0 0 0]
sub_loc:
[[0. 0. 0.]
 [1. 0. 0.]
 [0. 1. 1.]
 [0. 0. 1.]
 [1. 0. 1.]
 [0. 0. 0.]]
action0:[1 2 3]
action1:[0 0 0]
sub_loc:
[[1. 0. 1.]
 [1. 0. 1.]
 [1. 0. 0.]
 [1. 1. 0.]
 [1. 1. 0.]
 [1. 1. 1.]]
action0:[3 3 0]
action1:[0 0 0]
sub_loc:
[[1. 0. 0.]
 [0. 1. 0.]
 [0. 1. 0.]
 [0. 0. 1.]
 [0. 1. 1.]
 [1. 1. 0.]]
action0:[0 2 3]
action1:[0 0 0]
sub_loc:
[[0. 1. 0.]
 [1. 0. 0.]
 [0. 0. 0.]
 [0. 0. 0.]
 [0. 1. 1.]
 [1. 1. 0.]]
action0:[1 0 4]
action1:[0 0 0]
sub_loc:
[[1. 0. 0.]
 [0. 0. 0.]
 [1. 1. 0.]
 [0. 1. 0.]
 [1. 0. 1.]
 [1. 1. 1.]]
action0:[5 5 4]
action1:[0 0 0]
sub_loc:
[[1. 0. 0.]
 [1. 1. 1.]
 [1. 1. 1.]
 [1. 1. 0.]
 [1. 1. 0.]
 [1. 1. 0.]]
action0:[5 2 2]
action1:[0 0 0]
sub_loc:
[[0. 1. 0.]
 [1. 1. 1.]
 [1. 1. 1.]
 [1. 1. 1.]
 [1. 1. 1.]
 [1. 1. 0.]]
action0:[5 1 4]
action1:[0 0 0]
sub_loc:
[[0. 0. 1.]
 [1. 1. 1.]
 [1. 0. 0.]
 [1. 0. 1.]
 [0. 1. 1.]
 [1. 1. 0.]]
action0:[5 4 4]
action1:[0 0 0]
sub_loc:
[[1. 1. 0.]
 [1. 1. 1.]
 [1. 1. 1.]
 [1. 1. 0.]
 [0. 1. 1.]
 [0. 1. 0.]]
action0:[2 2 2]
action1:[0 0 0]
sub_loc:
[[0. 1. 0.]
 [0. 1. 1.]
 [0. 1. 1.]
 [1. 1. 0.]
 [0. 1. 1.]
 [1. 1. 1.]]
action0:[3 0 2]
action1:[0 0 0]
sub_loc:
[[1. 1. 0.]
 [0. 0. 0.]
 [1. 1. 1.]
 [1. 0. 0.]
 [0. 0. 1.]
 [1. 1. 0.]]
action0:[0 0 2]
action1:[0 0 0]
sub_loc:
[[0. 0. 0.]
 [1. 1. 1.]
 [1. 0. 1.]
 [0. 1. 0.]
 [1. 0. 0.]
 [0. 1. 1.]]
action0:[4 5 5]
action1:[0 0 0]
sub_loc:
[[0. 0. 0.]
 [0. 1. 1.]
 [1. 1. 1.]
 [0. 1. 1.]
 [0. 0. 1.]
 [0. 1. 0.]]
action0:[2 3 2]
action1:[0 0 0]
sub_loc:
[[0. 1. 0.]
 [1. 1. 1.]
 [0. 1. 1.]
 [1. 0. 1.]
 [1. 0. 0.]
 [1. 1. 0.]]
action0:[3 1 3]
action1:[0 0 0]
sub_loc:
[[0. 1. 0.]
 [1. 0. 1.]
 [0. 0. 0.]
 [1. 0. 1.]
 [1. 1. 0.]
 [1. 0. 1.]]
action0:[3 0 1]
action1:[0 0 0]
sub_loc:
[[0. 0. 0.]
 [1. 0. 0.]
 [1. 0. 0.]
 [0. 1. 1.]
 [1. 1. 0.]
 [0. 1. 0.]]
action0:[2 4 3]
action1:[0 0 0]
sub_loc:
[[1. 1. 1.]
 [1. 1. 1.]
 [0. 1. 0.]
 [0. 1. 1.]
 [0. 1. 1.]
 [0. 1. 1.]]
action0:[0 5 5]
action1:[0 0 0]
sub_loc:
[[1. 1. 0.]
 [1. 0. 1.]
 [1. 1. 1.]
 [0. 0. 0.]
 [0. 0. 1.]
 [1. 0. 1.]]
action0:[2 2 1]
action1:[0 0 0]
sub_loc:
[[0. 1. 1.]
 [1. 1. 1.]
 [1. 0. 0.]
 [1. 0. 1.]
 [1. 1. 1.]
 [1. 0. 1.]]
action0:[2 1 5]
action1:[0 0 0]
sub_loc:
[[1. 1. 0.]
 [1. 1. 1.]
 [1. 1. 1.]
 [1. 1. 1.]
 [1. 1. 1.]
 [1. 1. 1.]]
action0:[5 4 5]
action1:[0 0 0]
sub_loc:
[[1. 0. 0.]
 [1. 1. 1.]
 [0. 0. 1.]
 [0. 1. 1.]
 [0. 0. 1.]
 [1. 0. 1.]]
action0:[5 3 2]
action1:[0 0 0]
sub_loc:
[[0. 1. 0.]
 [1. 1. 1.]
 [0. 1. 0.]
 [0. 1. 1.]
 [0. 1. 1.]
 [1. 0. 0.]]
action0:[5 0 1]
action1:[0 0 0]
sub_loc:
[[1. 1. 0.]
 [1. 1. 0.]
 [1. 1. 0.]
 [0. 1. 0.]
 [0. 1. 0.]
 [0. 0. 1.]]
action0:[2 0 5]
action1:[0 0 0]
sub_loc:
[[1. 0. 0.]
 [1. 1. 1.]
 [0. 1. 0.]
 [0. 1. 1.]
 [1. 1. 0.]
 [0. 1. 1.]]
action0:[0 5 3]
action1:[0 0 0]
sub_loc:
[[1. 1. 1.]
 [1. 0. 0.]
 [1. 1. 0.]
 [1. 0. 1.]
 [1. 0. 1.]
 [1. 0. 1.]]
action0:[3 0 4]
action1:[0 0 0]
sub_loc:
[[1. 0. 0.]
 [1. 1. 1.]
 [1. 1. 1.]
 [1. 0. 1.]
 [1. 1. 0.]
 [1. 1. 1.]]
action0:[1 2 1]
action1:[0 0 0]
sub_loc:
[[0. 1. 0.]
 [0. 1. 1.]
 [1. 0. 1.]
 [1. 0. 0.]
 [0. 0. 1.]
 [0. 1. 1.]]
action0:[2 1 5]
action1:[0 0 0]
sub_loc:
[[0. 1. 1.]
 [1. 0. 0.]
 [0. 0. 1.]
 [0. 0. 1.]
 [0. 1. 1.]
 [0. 1. 1.]]
action0:[1 4 2]
action1:[0 0 0]
sub_loc:
[[1. 1. 1.]
 [1. 1. 0.]
 [1. 0. 0.]
 [0. 1. 1.]
 [0. 1. 1.]
 [0. 1. 1.]]
action0:[1 4 5]
action1:[0 0 0]
sub_loc:
[[1. 0. 0.]
 [0. 1. 0.]
 [1. 1. 1.]
 [1. 1. 0.]
 [1. 1. 1.]
 [0. 1. 1.]]
action0:[2 3 5]
action1:[0 0 0]
sub_loc:
[[0. 1. 1.]
 [1. 1. 0.]
 [0. 1. 1.]
 [0. 0. 0.]
 [1. 1. 0.]
 [1. 1. 1.]]
action0:[5 5 2]
action1:[0 0 0]
sub_loc:
[[1. 1. 0.]
 [1. 1. 0.]
 [0. 1. 0.]
 [0. 1. 0.]
 [1. 0. 1.]
 [1. 1. 1.]]
action0:[0 3 4]
action1:[0 0 0]
sub_loc:
[[0. 1. 0.]
 [1. 1. 1.]
 [1. 0. 0.]
 [0. 0. 0.]
 [0. 0. 0.]
 [0. 1. 0.]]
action0:[1 5 1]
action1:[0 0 0]
sub_loc:
[[1. 0. 1.]
 [0. 1. 0.]
 [0. 1. 1.]
 [1. 1. 1.]
 [0. 1. 1.]
 [0. 1. 0.]]
action0:[3 3 2]
action1:[0 0 0]
sub_loc:
[[1. 0. 1.]
 [0. 1. 0.]
 [0. 0. 0.]
 [0. 1. 0.]
 [1. 1. 1.]
 [0. 1. 0.]]
action0:[4 3 0]
action1:[0 0 0]
sub_loc:
[[1. 0. 1.]
 [1. 0. 1.]
 [1. 0. 1.]
 [1. 1. 1.]
 [0. 0. 1.]
 [1. 0. 1.]]
action0:[1 3 0]
action1:[0 0 0]
sub_loc:
[[1. 1. 1.]
 [0. 1. 0.]
 [0. 1. 1.]
 [1. 0. 1.]
 [0. 0. 1.]
 [0. 1. 1.]]
action0:[0 0 3]
action1:[0 0 0]
sub_loc:
[[1. 1. 0.]
 [0. 0. 1.]
 [0. 0. 1.]
 [1. 1. 1.]
 [0. 0. 0.]
 [1. 1. 0.]]
action0:[0 0 2]
action1:[0 0 0]
sub_loc:
[[0. 1. 0.]
 [1. 0. 1.]
 [0. 0. 1.]
 [0. 1. 1.]
 [0. 0. 1.]
 [1. 0. 1.]]
action0:[5 0 4]
action1:[0 0 0]
sub_loc:
[[1. 0. 1.]
 [0. 1. 0.]
 [1. 1. 1.]
 [1. 1. 0.]
 [0. 1. 1.]
 [1. 1. 1.]]
action0:[2 3 4]
action1:[0 0 0]
sub_loc:
[[0. 0. 1.]
 [0. 0. 1.]
 [0. 1. 0.]
 [0. 1. 0.]
 [0. 1. 0.]
 [1. 1. 0.]]
action0:[5 5 1]
action1:[0 0 0]
sub_loc:
[[0. 1. 1.]
 [1. 1. 1.]
 [1. 1. 1.]
 [1. 1. 0.]
 [0. 1. 0.]
 [0. 1. 1.]]
action0:[3 1 2]
action1:[0 0 0]
sub_loc:
[[0. 1. 1.]
 [0. 0. 0.]
 [0. 1. 1.]
 [1. 1. 0.]
 [0. 0. 0.]
 [1. 0. 0.]]
action0:[3 0 0]
action1:[0 0 0]
sub_loc:
[[0. 0. 0.]
 [1. 1. 1.]
 [1. 0. 1.]
 [0. 1. 1.]
 [1. 0. 1.]
 [0. 1. 1.]]
action0:[2 1 5]
action1:[0 0 0]
sub_loc:
[[1. 0. 1.]
 [1. 1. 1.]
 [1. 1. 1.]
 [1. 1. 1.]
 [1. 1. 1.]
 [0. 1. 1.]]
action0:[1 3 1]
action1:[0 0 0]
sub_loc:
[[1. 1. 0.]
 [1. 1. 0.]
 [1. 0. 0.]
 [0. 1. 0.]
 [0. 0. 0.]
 [0. 0. 1.]]
action0:[2 0 5]
action1:[0 0 0]
sub_loc:
[[1. 1. 0.]
 [0. 0. 1.]
 [0. 1. 0.]
 [0. 1. 1.]
 [0. 1. 1.]
 [1. 0. 1.]]
action0:[0 2 5]
action1:[0 0 0]
sub_loc:
[[1. 0. 0.]
 [0. 0. 1.]
 [0. 1. 0.]
 [1. 1. 1.]
 [0. 0. 1.]
 [1. 0. 0.]]
action0:[5 3 4]
action1:[0 0 0]
sub_loc:
[[1. 1. 1.]
 [0. 1. 0.]
 [0. 1. 0.]
 [0. 1. 1.]
 [0. 1. 1.]
 [1. 1. 0.]]
action0:[0 4 3]
action1:[0 0 0]
sub_loc:
[[0. 1. 0.]
 [0. 0. 1.]
 [0. 1. 0.]
 [0. 0. 1.]
 [0. 0. 1.]
 [1. 0. 1.]]
action0:[5 2 5]
action1:[0 0 0]
sub_loc:
[[0. 1. 1.]
 [1. 1. 1.]
 [0. 1. 1.]
 [0. 0. 1.]
 [0. 1. 1.]
 [0. 0. 1.]]
action0:[1 1 0]
action1:[0 0 0]
sub_loc:
[[0. 1. 1.]
 [1. 0. 0.]
 [0. 0. 0.]
 [1. 1. 1.]
 [1. 0. 1.]
 [0. 0. 1.]]
action0:[1 3 0]
action1:[0 0 0]
sub_loc:
[[0. 0. 1.]
 [1. 0. 0.]
 [1. 0. 1.]
 [1. 0. 0.]
 [1. 0. 0.]
 [1. 1. 1.]]
action0:[2 5 0]
action1:[0 0 0]
sub_loc:
[[0. 0. 0.]
 [1. 1. 1.]
 [1. 1. 0.]
 [0. 1. 0.]
 [1. 1. 0.]
 [0. 1. 0.]]
action0:[2 1 1]
action1:[0 0 0]
sub_loc:
[[1. 1. 1.]
 [1. 1. 1.]
 [1. 1. 1.]
 [0. 0. 1.]
 [0. 1. 1.]
 [1. 0. 1.]]
action0:[0 4 4]
action1:[0 0 0]
sub_loc:
[[1. 0. 0.]
 [0. 0. 0.]
 [1. 1. 1.]
 [1. 0. 1.]
 [0. 1. 1.]
 [0. 1. 1.]]
action0:[2 5 4]
action1:[0 0 0]
sub_loc:
[[0. 0. 0.]
 [1. 1. 0.]
 [1. 1. 0.]
 [1. 0. 1.]
 [1. 1. 0.]
 [0. 1. 0.]]
action0:[4 1 3]
action1:[0 0 0]
sub_loc:
[[0. 1. 0.]
 [0. 1. 0.]
 [0. 0. 1.]
 [0. 0. 0.]
 [0. 1. 0.]
 [1. 1. 0.]]
action0:[5 5 2]
action1:[0 0 0]
sub_loc:
[[1. 0. 0.]
 [0. 1. 0.]
 [0. 0. 0.]
 [0. 1. 0.]
 [1. 0. 1.]
 [0. 0. 0.]]
action0:[0 3 4]
action1:[0 0 0]
sub_loc:
[[1. 1. 0.]
 [0. 1. 0.]
 [0. 1. 1.]
 [1. 1. 1.]
 [1. 0. 1.]
 [1. 1. 1.]]
action0:[5 2 2]
action1:[0 0 0]
sub_loc:
[[1. 0. 0.]
 [1. 1. 0.]
 [1. 1. 1.]
 [1. 1. 0.]
 [1. 1. 0.]
 [1. 1. 0.]]
action0:[5 4 2]
action1:[0 0 0]
sub_loc:
[[0. 1. 0.]
 [0. 1. 0.]
 [1. 1. 0.]
 [1. 1. 1.]
 [1. 0. 1.]
 [1. 0. 1.]]
action0:[2 1 4]
action1:[0 0 0]
sub_loc:
[[0. 0. 0.]
 [1. 0. 0.]
 [1. 1. 0.]
 [1. 0. 0.]
 [1. 1. 1.]
 [1. 0. 1.]]
action0:[3 4 5]
action1:[0 0 0]
sub_loc:
[[0. 1. 1.]
 [1. 0. 1.]
 [0. 1. 0.]
 [0. 1. 1.]
 [0. 0. 1.]
 [0. 1. 1.]]
action0:[1 3 0]
action1:[0 0 0]
sub_loc:
[[1. 1. 0.]
 [1. 1. 1.]
 [1. 1. 1.]
 [1. 1. 1.]
 [1. 1. 0.]
 [1. 1. 1.]]
action0:[5 0 5]
action1:[0 0 0]
sub_loc:
[[1. 1. 1.]
 [1. 0. 1.]
 [1. 1. 1.]
 [1. 0. 1.]
 [1. 1. 1.]
 [1. 1. 1.]]
action0:[0 4 3]
action1:[0 0 0]
sub_loc:
[[1. 1. 1.]
 [0. 0. 1.]
 [1. 0. 0.]
 [1. 0. 0.]
 [0. 1. 0.]
 [1. 0. 0.]]
action0:[5 4 1]
action1:[0 0 0]
sub_loc:
[[1. 0. 0.]
 [0. 1. 0.]
 [1. 1. 1.]
 [0. 0. 0.]
 [1. 0. 0.]
 [0. 0. 1.]]
action0:[2 2 5]
action1:[0 0 0]
sub_loc:
[[0. 0. 1.]
 [0. 1. 0.]
 [1. 0. 0.]
 [0. 1. 0.]
 [0. 0. 1.]
 [0. 1. 1.]]
action0:[2 5 5]
action1:[0 0 0]
sub_loc:
[[1. 1. 1.]
 [0. 0. 1.]
 [1. 1. 0.]
 [0. 1. 1.]
 [0. 1. 1.]
 [0. 1. 1.]]
action0:[2 2 5]
action1:[0 0 0]
sub_loc:
[[1. 1. 1.]
 [1. 0. 1.]
 [1. 0. 0.]
 [1. 0. 0.]
 [1. 0. 0.]
 [1. 1. 0.]]
action0:[1 0 1]
action1:[0 0 0]
sub_loc:
[[1. 1. 0.]
 [0. 0. 0.]
 [0. 1. 0.]
 [1. 1. 0.]
 [0. 0. 1.]
 [0. 0. 0.]]
action0:[3 0 4]
action1:[0 0 0]
sub_loc:
[[1. 0. 0.]
 [1. 0. 0.]
 [1. 0. 0.]
 [0. 1. 1.]
 [1. 0. 1.]
 [1. 1. 1.]]
action0:[5 5 5]
action1:[0 0 0]
sub_loc:
[[0. 0. 1.]
 [1. 1. 1.]
 [1. 0. 0.]
 [0. 1. 0.]
 [0. 0. 0.]
 [1. 1. 0.]]
action0:[1 1 1]
action1:[0 0 0]
sub_loc:
[[0. 0. 1.]
 [0. 1. 1.]
 [0. 0. 1.]
 [1. 1. 0.]
 [1. 1. 0.]
 [0. 1. 1.]]
action0:[3 4 1]
action1:[0 0 0]
sub_loc:
[[1. 0. 0.]
 [0. 1. 0.]
 [0. 1. 1.]
 [1. 0. 1.]
 [1. 1. 0.]
 [1. 1. 1.]]
action0:[5 2 5]
action1:[0 0 0]
sub_loc:
[[1. 1. 1.]
 [1. 0. 0.]
 [1. 1. 1.]
 [0. 1. 0.]
 [0. 1. 0.]
 [0. 0. 0.]]
action0:[0 4 0]
action1:[0 0 0]
sub_loc:
[[0. 1. 0.]
 [0. 1. 1.]
 [0. 1. 0.]
 [1. 1. 0.]
 [0. 1. 0.]
 [0. 1. 1.]]
action0:[3 2 5]
action1:[0 0 0]
sub_loc:
[[1. 1. 0.]
 [0. 1. 0.]
 [0. 0. 0.]
 [1. 1. 0.]
 [1. 1. 0.]
 [1. 1. 1.]]
action0:[0 0 5]
action1:[0 0 0]
sub_loc:
[[0. 1. 1.]
 [0. 1. 1.]
 [1. 0. 0.]
 [0. 0. 1.]
 [1. 0. 0.]
 [1. 0. 1.]]
action0:[4 1 3]
action1:[0 0 0]
sub_loc:
[[1. 0. 0.]
 [1. 0. 1.]
 [1. 0. 1.]
 [0. 1. 0.]
 [1. 1. 1.]
 [0. 0. 1.]]
action0:[2 4 5]
action1:[0 0 0]
sub_loc:
[[1. 0. 0.]
 [0. 1. 1.]
 [0. 1. 1.]
 [0. 0. 0.]
 [1. 1. 1.]
 [1. 1. 0.]]
action0:[0 5 4]
action1:[0 0 0]
sub_loc:
[[1. 0. 0.]
 [1. 1. 1.]
 [1. 1. 0.]
 [1. 0. 0.]
 [0. 1. 0.]
 [0. 0. 0.]]
action0:[3 2 1]
action1:[0 0 0]
sub_loc:
[[1. 0. 0.]
 [1. 1. 0.]
 [1. 1. 0.]
 [0. 1. 0.]
 [0. 1. 1.]
 [0. 1. 0.]]
action0:[2 3 4]
action1:[0 0 0]
sub_loc:
[[1. 0. 1.]
 [1. 1. 1.]
 [0. 1. 1.]
 [1. 0. 0.]
 [1. 0. 1.]
 [1. 1. 1.]]
action0:[3 5 5]
action1:[0 0 0]
sub_loc:
[[1. 0. 0.]
 [1. 1. 1.]
 [0. 1. 1.]
 [0. 1. 1.]
 [0. 1. 1.]
 [0. 1. 1.]]
action0:[0 1 3]
action1:[0 0 0]
sub_loc:
[[0. 1. 0.]
 [0. 1. 1.]
 [0. 1. 1.]
 [1. 1. 1.]
 [0. 1. 0.]
 [0. 1. 1.]]
action0:[3 4 5]
action1:[0 0 0]
sub_loc:
[[1. 0. 1.]
 [1. 1. 0.]
 [0. 1. 1.]
 [0. 0. 0.]
 [1. 1. 0.]
 [1. 0. 1.]]
action0:[0 1 2]
action1:[0 0 0]
sub_loc:
[[1. 0. 0.]
 [1. 1. 0.]
 [1. 1. 1.]
 [1. 1. 1.]
 [1. 1. 1.]
 [0. 1. 1.]]
action0:[4 1 4]
action1:[0 0 0]
sub_loc:
[[1. 0. 1.]
 [1. 1. 0.]
 [1. 1. 0.]
 [1. 1. 1.]
 [1. 1. 0.]
 [0. 1. 1.]]
action0:[3 1 0]
action1:[0 0 0]
sub_loc:
[[0. 1. 0.]
 [1. 0. 1.]
 [1. 1. 1.]
 [1. 1. 0.]
 [1. 1. 1.]
 [1. 1. 0.]]
action0:[3 2 1]
action1:[0 0 0]
sub_loc:
[[0. 0. 1.]
 [0. 1. 0.]
 [1. 0. 1.]
 [1. 0. 1.]
 [0. 0. 1.]
 [0. 0. 1.]]
action0:[3 1 5]
action1:[0 0 0]
sub_loc:
[[1. 1. 0.]
 [0. 1. 1.]
 [0. 1. 1.]
 [0. 0. 1.]
 [1. 1. 1.]
 [0. 0. 1.]]
action0:[4 1 2]
action1:[0 0 0]
sub_loc:
[[0. 1. 0.]
 [1. 1. 1.]
 [1. 0. 1.]
 [1. 0. 1.]
 [1. 1. 0.]
 [1. 1. 1.]]
action0:[1 0 2]
action1:[0 0 0]
sub_loc:
[[1. 0. 1.]
 [1. 0. 1.]
 [1. 0. 1.]
 [1. 1. 1.]
 [1. 0. 1.]
 [1. 0. 0.]]
action0:[4 3 0]
action1:[0 0 0]
sub_loc:
[[1. 1. 0.]
 [0. 0. 1.]
 [1. 0. 0.]
 [0. 0. 1.]
 [0. 1. 0.]
 [0. 1. 1.]]
action0:[2 0 5]
action1:[0 0 0]
sub_loc:
[[0. 1. 0.]
 [1. 1. 1.]
 [1. 1. 1.]
 [1. 1. 1.]
 [0. 1. 1.]
 [1. 1. 1.]]
action0:[1 0 2]
action1:[0 0 0]
sub_loc:
[[1. 0. 1.]
 [1. 0. 1.]
 [1. 0. 1.]
 [1. 1. 0.]
 [1. 1. 1.]
 [1. 0. 1.]]
action0:[5 3 5]
action1:[0 0 0]
sub_loc:
[[1. 0. 0.]
 [0. 1. 0.]
 [1. 0. 1.]
 [0. 1. 1.]
 [1. 1. 1.]
 [0. 1. 0.]]
action0:[0 1 4]
action1:[0 0 0]
sub_loc:
[[1. 0. 0.]
 [0. 0. 0.]
 [0. 0. 1.]
 [1. 0. 1.]
 [0. 1. 0.]
 [1. 1. 0.]]
action0:[5 4 3]
action1:[0 0 0]
sub_loc:
[[1. 0. 0.]
 [1. 1. 0.]
 [0. 1. 0.]
 [0. 1. 0.]
 [1. 0. 1.]
 [1. 0. 0.]]
action0:[4 2 4]
action1:[0 0 0]
sub_loc:
[[0. 1. 1.]
 [1. 0. 0.]
 [1. 0. 0.]
 [1. 0. 1.]
 [1. 1. 0.]
 [1. 0. 0.]]
action0:[3 4 0]
action1:[0 0 0]
sub_loc:
[[0. 1. 1.]
 [0. 1. 0.]
 [1. 0. 0.]
 [1. 0. 1.]
 [1. 0. 0.]
 [1. 1. 0.]]
action0:[5 1 3]
action1:[0 0 0]
sub_loc:
[[1. 1. 1.]
 [1. 0. 1.]
 [1. 0. 0.]
 [1. 0. 1.]
 [0. 0. 1.]
 [1. 1. 1.]]
action0:[2 5 4]
action1:[0 0 0]
sub_loc:
[[0. 1. 0.]
 [0. 1. 1.]
 [0. 1. 1.]
 [0. 1. 1.]
 [0. 0. 1.]
 [1. 0. 1.]]
action0:[5 2 5]
action1:[0 0 0]
sub_loc:
[[0. 0. 0.]
 [0. 1. 1.]
 [0. 1. 1.]
 [0. 1. 0.]
 [1. 0. 1.]
 [1. 1. 1.]]
action0:[5 3 4]
action1:[0 0 0]
sub_loc:
[[1. 1. 1.]
 [1. 1. 1.]
 [1. 0. 1.]
 [1. 0. 1.]
 [1. 0. 1.]
 [1. 1. 1.]]
action0:[3 0 2]
action1:[0 0 0]
sub_loc:
[[0. 0. 1.]
 [1. 0. 0.]
 [1. 1. 0.]
 [1. 0. 1.]
 [0. 1. 0.]
 [0. 1. 0.]]
action0:[2 4 3]
action1:[0 0 0]
sub_loc:
[[1. 0. 0.]
 [0. 1. 0.]
 [0. 0. 0.]
 [1. 1. 1.]
 [0. 1. 0.]
 [1. 1. 1.]]
action0:[3 4 5]
action1:[0 0 0]
sub_loc:
[[0. 0. 1.]
 [1. 0. 1.]
 [1. 0. 1.]
 [1. 1. 0.]
 [0. 1. 1.]
 [1. 1. 1.]]
action0:[1 5 2]
action1:[0 0 0]
sub_loc:
[[1. 1. 1.]
 [0. 1. 0.]
 [0. 0. 0.]
 [0. 1. 1.]
 [1. 0. 1.]
 [1. 0. 1.]]
action0:[5 1 0]
action1:[0 0 0]
sub_loc:
[[0. 0. 1.]
 [1. 1. 1.]
 [1. 0. 1.]
 [1. 0. 1.]
 [1. 0. 1.]
 [1. 1. 1.]]
action0:[1 5 5]
action1:[0 0 0]
sub_loc:
[[0. 0. 1.]
 [0. 1. 0.]
 [1. 1. 0.]
 [0. 1. 0.]
 [0. 0. 1.]
 [0. 1. 0.]]
action0:[2 1 4]
action1:[0 0 0]
sub_loc:
[[1. 0. 0.]
 [0. 0. 0.]
 [1. 0. 0.]
 [0. 1. 1.]
 [0. 0. 1.]
 [0. 1. 0.]]
action0:[2 5 4]
action1:[0 0 0]
sub_loc:
[[0. 1. 0.]
 [0. 0. 1.]
 [0. 1. 1.]
 [1. 0. 0.]
 [0. 1. 1.]
 [0. 1. 1.]]
action0:[3 0 2]
action1:[0 0 0]
sub_loc:
[[0. 1. 0.]
 [0. 1. 1.]
 [1. 1. 1.]
 [0. 0. 0.]
 [0. 0. 0.]
 [0. 1. 1.]]
action0:[2 1 5]
action1:[0 0 0]
sub_loc:
[[0. 1. 1.]
 [0. 0. 1.]
 [1. 1. 0.]
 [0. 0. 0.]
 [1. 1. 0.]
 [0. 0. 1.]]
action0:[2 2 5]
action1:[0 0 0]
sub_loc:
[[0. 1. 1.]
 [0. 1. 1.]
 [0. 1. 1.]
 [0. 1. 1.]
 [1. 1. 1.]
 [1. 1. 1.]]
action0:[4 4 3]
action1:[0 0 0]
sub_loc:
[[0. 1. 0.]
 [0. 0. 0.]
 [0. 1. 0.]
 [0. 0. 0.]
 [0. 1. 1.]
 [1. 0. 0.]]
action0:[5 2 4]
action1:[0 0 0]
sub_loc:
[[1. 0. 1.]
 [0. 0. 0.]
 [1. 0. 0.]
 [0. 0. 0.]
 [1. 1. 0.]
 [1. 0. 1.]]
action0:[4 4 0]
action1:[0 0 0]
sub_loc:
[[1. 1. 0.]
 [1. 1. 1.]
 [1. 0. 0.]
 [1. 0. 0.]
 [1. 0. 1.]
 [1. 1. 1.]]
action0:[0 0 1]
action1:[0 0 0]
sub_loc:
[[1. 0. 1.]
 [1. 0. 1.]
 [1. 0. 0.]
 [1. 0. 1.]
 [1. 1. 0.]
 [1. 0. 0.]]
action0:[3 4 3]
action1:[0 0 0]
sub_loc:
[[0. 0. 0.]
 [1. 0. 1.]
 [1. 1. 1.]
 [1. 0. 1.]
 [1. 0. 1.]
 [1. 0. 1.]]
action0:[3 2 1]
action1:[0 0 0]
sub_loc:
[[0. 0. 1.]
 [1. 1. 1.]
 [1. 1. 0.]
 [1. 1. 0.]
 [1. 1. 1.]
 [1. 1. 0.]]
action0:[2 2 4]
action1:[0 0 0]
sub_loc:
[[0. 1. 0.]
 [0. 0. 0.]
 [0. 1. 0.]
 [1. 0. 0.]
 [1. 1. 0.]
 [0. 0. 1.]]
action0:[3 0 5]
action1:[0 0 0]
sub_loc:
[[1. 1. 1.]
 [1. 1. 1.]
 [1. 1. 1.]
 [1. 1. 1.]
 [0. 1. 0.]
 [1. 1. 1.]]
action0:[1 4 3]
action1:[0 0 0]
sub_loc:
[[1. 1. 0.]
 [0. 1. 0.]
 [0. 0. 1.]
 [1. 1. 0.]
 [0. 1. 0.]
 [1. 0. 1.]]
action0:[3 4 2]
action1:[0 0 0]
sub_loc:
[[0. 0. 1.]
 [0. 1. 1.]
 [1. 1. 0.]
 [1. 1. 0.]
 [0. 1. 0.]
 [0. 1. 0.]]
action0:[3 2 0]
action1:[0 0 0]
sub_loc:
[[0. 1. 0.]
 [1. 0. 0.]
 [0. 1. 0.]
 [0. 0. 1.]
 [0. 0. 0.]
 [1. 0. 1.]]
action0:[1 2 3]
action1:[0 0 0]
sub_loc:
[[1. 0. 1.]
 [0. 0. 1.]
 [1. 0. 1.]
 [1. 1. 1.]
 [0. 1. 1.]
 [0. 0. 1.]]
action0:[3 3 2]
action1:[0 0 0]
sub_loc:
[[1. 1. 0.]
 [1. 1. 0.]
 [1. 0. 1.]
 [1. 1. 0.]
 [1. 1. 0.]
 [1. 1. 1.]]
action0:[5 4 5]
action1:[0 0 0]
sub_loc:
[[1. 0. 0.]
 [1. 1. 1.]
 [0. 0. 1.]
 [1. 1. 0.]
 [1. 1. 1.]
 [0. 0. 0.]]
action0:[3 4 2]
action1:[0 0 0]
sub_loc:
[[0. 1. 1.]
 [1. 1. 1.]
 [0. 0. 1.]
 [1. 1. 1.]
 [0. 1. 0.]
 [0. 0. 1.]]
action0:[1 1 2]
action1:[0 0 0]
sub_loc:
[[1. 1. 0.]
 [1. 1. 1.]
 [1. 1. 1.]
 [1. 1. 1.]
 [1. 0. 1.]
 [1. 0. 1.]]
action0:[5 3 4]
action1:[0 0 0]
sub_loc:
[[1. 1. 1.]
 [1. 1. 1.]
 [1. 1. 1.]
 [1. 1. 1.]
 [1. 0. 1.]
 [1. 0. 0.]]
action0:[1 2 2]
action1:[0 0 0]
sub_loc:
[[1. 1. 1.]
 [0. 1. 0.]
 [0. 1. 1.]
 [1. 1. 0.]
 [1. 1. 0.]
 [1. 0. 0.]]
action0:[0 3 0]
action1:[0 0 0]
sub_loc:
[[0. 0. 0.]
 [1. 1. 1.]
 [0. 1. 1.]
 [0. 1. 1.]
 [1. 1. 1.]
 [0. 1. 0.]]
action0:[1 1 3]
action1:[0 0 0]
sub_loc:
[[1. 0. 0.]
 [1. 0. 0.]
 [0. 0. 1.]
 [1. 0. 1.]
 [0. 1. 1.]
 [0. 0. 1.]]
action0:[0 4 4]
action1:[0 0 0]
sub_loc:
[[1. 0. 0.]
 [1. 1. 0.]
 [1. 1. 1.]
 [1. 1. 0.]
 [1. 0. 1.]
 [1. 0. 0.]]
action0:[5 1 2]
action1:[0 0 0]
sub_loc:
[[0. 1. 1.]
 [1. 1. 1.]
 [1. 0. 0.]
 [1. 1. 1.]
 [0. 1. 1.]
 [1. 1. 1.]]
action0:[3 5 4]
action1:[0 0 0]
sub_loc:
[[1. 0. 1.]
 [0. 0. 0.]
 [0. 0. 1.]
 [1. 0. 0.]
 [0. 1. 0.]
 [1. 1. 0.]]
action0:[3 5 2]
action1:[0 0 0]
sub_loc:
[[1. 0. 1.]
 [1. 1. 0.]
 [0. 0. 0.]
 [0. 1. 0.]
 [0. 0. 1.]
 [0. 0. 1.]]
action0:[0 3 4]
action1:[0 0 0]
sub_loc:
[[1. 1. 1.]
 [1. 1. 1.]
 [1. 0. 0.]
 [1. 1. 1.]
 [1. 1. 1.]
 [1. 0. 0.]]
action0:[4 3 3]
action1:[0 0 0]
sub_loc:
[[0. 1. 0.]
 [1. 1. 1.]
 [1. 0. 0.]
 [1. 1. 1.]
 [1. 0. 1.]
 [0. 0. 1.]]
action0:[1 1 4]
action1:[0 0 0]
sub_loc:
[[1. 0. 0.]
 [1. 1. 1.]
 [1. 1. 0.]
 [1. 1. 1.]
 [1. 1. 1.]
 [1. 0. 1.]]
action0:[5 3 5]
action1:[0 0 0]
sub_loc:
[[0. 0. 0.]
 [1. 1. 1.]
 [0. 1. 1.]
 [0. 0. 1.]
 [0. 0. 1.]
 [1. 1. 1.]]
action0:[1 5 4]
action1:[0 0 0]
sub_loc:
[[0. 0. 1.]
 [1. 0. 0.]
 [1. 0. 1.]
 [0. 1. 1.]
 [0. 1. 1.]
 [1. 0. 0.]]
action0:[2 4 3]
action1:[0 0 0]
sub_loc:
[[0. 1. 0.]
 [0. 1. 0.]
 [0. 0. 0.]
 [0. 0. 1.]
 [0. 1. 0.]
 [1. 0. 0.]]
action0:[5 4 3]
action1:[0 0 0]
sub_loc:
[[1. 1. 0.]
 [1. 0. 1.]
 [0. 0. 0.]
 [1. 0. 0.]
 [0. 0. 0.]
 [0. 1. 0.]]
action0:[1 5 1]
action1:[0 0 0]
sub_loc:
[[0. 1. 0.]
 [1. 0. 0.]
 [1. 0. 1.]
 [1. 0. 1.]
 [1. 0. 1.]
 [1. 1. 1.]]
action0:[4 0 3]
action1:[0 0 0]
sub_loc:
[[0. 1. 1.]
 [0. 1. 0.]
 [0. 1. 0.]
 [0. 1. 1.]
 [0. 0. 0.]
 [1. 0. 1.]]
action0:[5 2 5]
action1:[0 0 0]
sub_loc:
[[0. 1. 0.]
 [1. 0. 0.]
 [1. 0. 1.]
 [0. 1. 1.]
 [0. 1. 0.]
 [0. 1. 1.]]
action0:[2 5 3]
action1:[0 0 0]
sub_loc:
[[0. 0. 0.]
 [1. 1. 0.]
 [1. 1. 0.]
 [0. 1. 0.]
 [1. 1. 0.]
 [1. 1. 1.]]
action0:[5 4 5]
action1:[0 0 0]
sub_loc:
[[0. 0. 0.]
 [1. 0. 0.]
 [1. 1. 0.]
 [1. 1. 0.]
 [1. 1. 1.]
 [1. 0. 0.]]
action0:[1 2 4]
action1:[0 0 0]
sub_loc:
[[1. 0. 0.]
 [0. 0. 1.]
 [1. 1. 0.]
 [1. 0. 1.]
 [1. 0. 0.]
 [0. 0. 1.]]
action0:[2 2 5]
action1:[0 0 0]
sub_loc:
[[0. 1. 1.]
 [1. 1. 1.]
 [1. 0. 1.]
 [1. 0. 1.]
 [0. 1. 1.]
 [1. 1. 1.]]
action0:[1 4 0]
action1:[0 0 0]
sub_loc:
[[0. 0. 1.]
 [1. 0. 1.]
 [0. 1. 0.]
 [0. 0. 0.]
 [0. 1. 0.]
 [0. 0. 0.]]
action0:[1 4 1]
action1:[0 0 0]
sub_loc:
[[0. 0. 0.]
 [0. 0. 1.]
 [0. 0. 1.]
 [1. 1. 1.]
 [0. 0. 1.]
 [1. 0. 1.]]
action0:[5 3 3]
action1:[0 0 0]
sub_loc:
[[0. 1. 0.]
 [1. 0. 1.]
 [0. 0. 0.]
 [0. 0. 1.]
 [0. 1. 1.]
 [0. 1. 0.]]
action0:[1 4 4]
action1:[0 0 0]
sub_loc:
[[1. 1. 1.]
 [1. 0. 0.]
 [0. 1. 1.]
 [0. 1. 0.]
 [0. 1. 0.]
 [0. 1. 0.]]
action0:[0 4 0]
action1:[0 0 0]
sub_loc:
[[1. 0. 1.]
 [1. 0. 0.]
 [0. 1. 0.]
 [0. 1. 0.]
 [0. 1. 0.]
 [0. 1. 1.]]
action0:[1 2 5]
action1:[0 0 0]
sub_loc:
[[0. 0. 1.]
 [1. 1. 1.]
 [0. 1. 1.]
 [0. 0. 1.]
 [1. 0. 0.]
 [1. 0. 1.]]
action0:[1 1 5]
action1:[0 0 0]
sub_loc:
[[0. 1. 1.]
 [0. 0. 0.]
 [0. 0. 0.]
 [0. 1. 1.]
 [0. 0. 0.]
 [1. 1. 1.]]
action0:[5 0 3]
action1:[0 0 0]
sub_loc:
[[0. 0. 0.]
 [1. 1. 1.]
 [0. 1. 1.]
 [0. 1. 1.]
 [1. 0. 1.]
 [1. 1. 1.]]
action0:[5 1 1]
action1:[0 0 0]
sub_loc:
[[1. 0. 0.]
 [0. 1. 1.]
 [1. 1. 1.]
 [1. 0. 1.]
 [0. 1. 1.]
 [1. 1. 1.]]
action0:[2 2 4]
action1:[0 0 0]
sub_loc:
[[1. 1. 1.]
 [1. 0. 1.]
 [1. 1. 0.]
 [1. 1. 0.]
 [1. 0. 1.]
 [1. 0. 1.]]
action0:[3 2 0]
action1:[0 0 0]
success
686.3193324606756 54679.22338004915
