episode:10, reward:-106.69389058398262
time is too long
episode:20, reward:-258.63299689570164
episode:30, reward:-27.73980259580645
episode:40, reward:-48.46861993929685
time is too long
episode:50, reward:-73.25786953270159
episode:60, reward:-49.23099064652612
episode:70, reward:-48.46861993929685
time is too long
episode:80, reward:-73.25786953270159
episode:90, reward:-49.23099064652612
episode:100, reward:-48.46861993929685
sub_loc:
[[1. 1. 0. 0.]
 [1. 0. 1. 1.]
 [1. 0. 1. 1.]
 [1. 0. 0. 1.]
 [1. 1. 1. 1.]
 [1. 1. 1. 1.]
 [1. 0. 1. 1.]
 [1. 0. 0. 1.]]
action0:[7 4 4 4]
action1:[0 2 3 1]
sub_loc:
[[1. 1. 1. 0.]
 [0. 0. 1. 1.]
 [0. 0. 1. 1.]
 [0. 1. 0. 0.]
 [1. 1. 0. 1.]
 [0. 1. 0. 1.]
 [1. 1. 1. 1.]
 [0. 0. 0. 1.]]
action0:[0 4 0 4]
action1:[0 2 3 1]
sub_loc:
[[0. 0. 1. 1.]
 [0. 1. 0. 0.]
 [0. 1. 1. 1.]
 [0. 0. 1. 0.]
 [1. 0. 0. 1.]
 [1. 0. 1. 1.]
 [1. 0. 0. 0.]
 [1. 1. 0. 1.]]
action0:[7 2 3 0]
action1:[0 2 3 1]
sub_loc:
[[1. 0. 1. 1.]
 [0. 1. 0. 0.]
 [0. 1. 0. 1.]
 [0. 1. 1. 0.]
 [1. 1. 1. 0.]
 [0. 1. 0. 0.]
 [0. 1. 1. 1.]
 [1. 1. 1. 1.]]
action0:[7 2 3 0]
action1:[0 2 3 1]
sub_loc:
[[1. 0. 0. 0.]
 [0. 1. 0. 1.]
 [1. 1. 1. 1.]
 [0. 1. 0. 0.]
 [0. 0. 1. 1.]
 [0. 1. 1. 1.]
 [0. 1. 0. 1.]
 [0. 1. 0. 1.]]
action0:[0 2 4 4]
action1:[0 2 3 1]
sub_loc:
[[1. 1. 0. 1.]
 [1. 0. 0. 1.]
 [0. 1. 1. 1.]
 [1. 0. 0. 1.]
 [0. 0. 0. 1.]
 [1. 0. 1. 1.]
 [1. 0. 1. 0.]
 [0. 0. 0. 0.]]
action0:[0 2 6 0]
action1:[0 2 3 1]
sub_loc:
[[1. 0. 1. 1.]
 [0. 1. 1. 0.]
 [0. 1. 0. 0.]
 [1. 0. 1. 0.]
 [0. 1. 0. 0.]
 [0. 1. 0. 0.]
 [0. 0. 1. 0.]
 [0. 1. 0. 1.]]
action0:[0 2 3 0]
action1:[0 2 3 1]
sub_loc:
[[1. 1. 1. 0.]
 [0. 0. 1. 1.]
 [1. 1. 1. 1.]
 [0. 1. 1. 1.]
 [1. 1. 1. 1.]
 [1. 1. 0. 1.]
 [0. 0. 1. 1.]
 [0. 0. 0. 0.]]
action0:[0 2 3 4]
action1:[0 2 3 1]
sub_loc:
[[1. 0. 0. 0.]
 [1. 0. 1. 1.]
 [1. 0. 0. 1.]
 [1. 1. 1. 1.]
 [1. 1. 1. 0.]
 [1. 0. 1. 1.]
 [1. 0. 1. 1.]
 [1. 1. 0. 1.]]
action0:[7 4 3 1]
action1:[0 2 3 1]
sub_loc:
[[0. 1. 1. 1.]
 [0. 0. 1. 0.]
 [0. 1. 0. 1.]
 [1. 1. 0. 1.]
 [1. 1. 0. 1.]
 [1. 1. 0. 1.]
 [0. 1. 1. 1.]
 [0. 0. 0. 1.]]
action0:[4 2 0 0]
action1:[0 2 3 1]
sub_loc:
[[1. 0. 1. 0.]
 [0. 0. 0. 0.]
 [1. 0. 1. 0.]
 [0. 1. 0. 0.]
 [0. 1. 1. 0.]
 [1. 1. 0. 0.]
 [0. 0. 0. 1.]
 [1. 0. 0. 0.]]
action0:[7 4 4 6]
action1:[0 2 3 1]
sub_loc:
[[1. 0. 0. 1.]
 [0. 0. 0. 0.]
 [1. 1. 0. 0.]
 [0. 0. 1. 1.]
 [0. 1. 1. 0.]
 [0. 0. 1. 1.]
 [0. 0. 0. 1.]
 [1. 1. 1. 0.]]
action0:[7 2 3 0]
action1:[0 2 3 1]
sub_loc:
[[0. 1. 1. 0.]
 [1. 1. 0. 0.]
 [1. 0. 1. 0.]
 [1. 1. 1. 0.]
 [1. 0. 1. 1.]
 [1. 1. 0. 0.]
 [1. 1. 1. 0.]
 [0. 1. 0. 0.]]
action0:[4 6 3 4]
action1:[0 2 3 1]
sub_loc:
[[0. 1. 0. 1.]
 [0. 0. 1. 1.]
 [1. 1. 1. 0.]
 [0. 0. 1. 0.]
 [1. 1. 1. 0.]
 [1. 0. 1. 1.]
 [1. 0. 1. 0.]
 [1. 1. 1. 0.]]
action0:[7 2 3 0]
action1:[0 2 3 1]
sub_loc:
[[0. 0. 0. 0.]
 [1. 1. 0. 0.]
 [1. 0. 0. 0.]
 [1. 0. 1. 0.]
 [0. 0. 0. 1.]
 [1. 0. 0. 0.]
 [1. 1. 0. 0.]
 [1. 0. 0. 0.]]
action0:[7 6 3 4]
action1:[0 2 3 1]
sub_loc:
[[1. 1. 1. 1.]
 [0. 0. 1. 1.]
 [0. 0. 1. 1.]
 [0. 0. 0. 0.]
 [0. 0. 0. 0.]
 [1. 0. 0. 1.]
 [0. 0. 0. 0.]
 [0. 1. 0. 1.]]
action0:[0 0 0 0]
action1:[0 2 3 1]
sub_loc:
[[0. 1. 1. 1.]
 [1. 0. 0. 1.]
 [0. 1. 0. 1.]
 [1. 0. 0. 1.]
 [1. 0. 1. 0.]
 [1. 1. 0. 1.]
 [0. 1. 0. 1.]
 [1. 0. 1. 0.]]
action0:[7 2 4 0]
action1:[0 2 3 1]
sub_loc:
[[1. 0. 1. 0.]
 [1. 1. 1. 0.]
 [1. 0. 1. 1.]
 [1. 1. 1. 0.]
 [0. 1. 1. 0.]
 [0. 0. 1. 1.]
 [1. 1. 1. 0.]
 [1. 1. 1. 1.]]
action0:[7 4 3 7]
action1:[0 2 3 1]
sub_loc:
[[1. 1. 0. 1.]
 [1. 1. 0. 1.]
 [0. 0. 1. 1.]
 [1. 0. 0. 1.]
 [0. 1. 1. 1.]
 [1. 0. 1. 1.]
 [1. 0. 0. 1.]
 [1. 0. 1. 1.]]
action0:[7 4 4 0]
action1:[0 2 3 1]
sub_loc:
[[0. 1. 0. 1.]
 [0. 0. 1. 1.]
 [1. 1. 0. 1.]
 [0. 1. 1. 1.]
 [1. 0. 1. 1.]
 [0. 0. 1. 1.]
 [1. 1. 0. 1.]
 [0. 0. 1. 1.]]
action0:[4 2 3 0]
action1:[0 2 3 1]
sub_loc:
[[0. 0. 0. 1.]
 [1. 1. 0. 1.]
 [1. 1. 1. 1.]
 [1. 1. 0. 1.]
 [0. 0. 1. 1.]
 [1. 0. 0. 1.]
 [1. 1. 1. 1.]
 [0. 0. 1. 1.]]
action0:[6 2 4 0]
action1:[0 2 3 1]
sub_loc:
[[1. 1. 1. 0.]
 [1. 0. 1. 1.]
 [0. 1. 0. 0.]
 [0. 1. 1. 0.]
 [0. 1. 1. 1.]
 [0. 1. 1. 0.]
 [0. 1. 1. 1.]
 [0. 1. 1. 1.]]
action0:[0 2 3 4]
action1:[0 2 3 1]
sub_loc:
[[0. 0. 1. 1.]
 [0. 0. 1. 0.]
 [0. 1. 0. 1.]
 [1. 0. 0. 1.]
 [1. 0. 1. 1.]
 [1. 1. 1. 1.]
 [0. 0. 0. 0.]
 [0. 1. 0. 0.]]
action0:[4 2 4 0]
action1:[0 2 3 1]
sub_loc:
[[1. 1. 1. 0.]
 [1. 1. 1. 1.]
 [1. 0. 1. 1.]
 [1. 1. 1. 0.]
 [1. 1. 1. 0.]
 [1. 1. 1. 1.]
 [1. 0. 1. 0.]
 [1. 1. 1. 0.]]
action0:[7 4 3 1]
action1:[0 2 3 1]
sub_loc:
[[0. 1. 1. 1.]
 [1. 0. 0. 0.]
 [1. 0. 1. 0.]
 [1. 0. 0. 1.]
 [1. 0. 0. 1.]
 [1. 1. 0. 0.]
 [1. 0. 0. 0.]
 [1. 0. 0. 0.]]
action0:[7 0 0 0]
action1:[0 2 3 1]
sub_loc:
[[0. 1. 1. 1.]
 [0. 0. 1. 1.]
 [0. 0. 0. 1.]
 [1. 0. 1. 1.]
 [1. 1. 1. 1.]
 [0. 0. 1. 1.]
 [1. 1. 1. 1.]
 [1. 0. 0. 1.]]
action0:[7 4 3 0]
action1:[0 2 3 1]
sub_loc:
[[0. 0. 1. 1.]
 [1. 1. 0. 0.]
 [1. 1. 0. 1.]
 [1. 1. 0. 0.]
 [1. 1. 1. 0.]
 [0. 1. 0. 1.]
 [1. 1. 0. 1.]
 [0. 1. 1. 0.]]
action0:[4 2 4 0]
action1:[0 2 3 1]
sub_loc:
[[1. 0. 0. 1.]
 [1. 1. 1. 0.]
 [1. 1. 0. 1.]
 [0. 0. 1. 1.]
 [1. 0. 1. 0.]
 [1. 0. 1. 1.]
 [0. 0. 1. 1.]
 [1. 0. 1. 0.]]
action0:[7 2 3 0]
action1:[0 2 3 1]
sub_loc:
[[0. 0. 0. 0.]
 [1. 1. 1. 0.]
 [1. 0. 0. 1.]
 [1. 0. 1. 0.]
 [1. 1. 0. 0.]
 [1. 1. 1. 0.]
 [1. 1. 1. 1.]
 [1. 1. 1. 1.]]
action0:[7 4 3 7]
action1:[0 2 3 1]
sub_loc:
[[0. 0. 0. 0.]
 [0. 0. 0. 1.]
 [0. 1. 0. 1.]
 [1. 1. 0. 0.]
 [1. 0. 0. 1.]
 [1. 0. 0. 1.]
 [0. 1. 0. 0.]
 [1. 1. 1. 1.]]
action0:[7 2 7 4]
action1:[0 2 3 1]
sub_loc:
[[1. 0. 0. 0.]
 [1. 1. 1. 1.]
 [1. 1. 1. 1.]
 [1. 1. 1. 1.]
 [1. 1. 1. 1.]
 [1. 1. 1. 1.]
 [1. 1. 1. 1.]
 [1. 1. 1. 1.]]
action0:[7 2 3 4]
action1:[0 2 3 1]
sub_loc:
[[1. 1. 0. 0.]
 [0. 1. 1. 1.]
 [0. 1. 1. 1.]
 [0. 1. 1. 1.]
 [0. 1. 1. 0.]
 [0. 0. 1. 1.]
 [1. 1. 1. 1.]
 [0. 1. 1. 1.]]
action0:[0 2 3 1]
action1:[0 2 3 1]
sub_loc:
[[0. 1. 1. 0.]
 [1. 1. 1. 1.]
 [1. 0. 0. 0.]
 [1. 0. 1. 0.]
 [1. 1. 0. 1.]
 [1. 1. 1. 1.]
 [1. 1. 0. 0.]
 [1. 1. 0. 1.]]
action0:[7 4 3 4]
action1:[0 2 3 1]
sub_loc:
[[0. 0. 0. 0.]
 [1. 1. 0. 0.]
 [1. 0. 0. 0.]
 [1. 0. 0. 0.]
 [1. 0. 1. 1.]
 [1. 0. 0. 0.]
 [1. 0. 0. 0.]
 [0. 0. 0. 0.]]
action0:[4 1 4 4]
action1:[0 2 3 1]
sub_loc:
[[0. 1. 0. 0.]
 [0. 0. 1. 1.]
 [0. 1. 1. 1.]
 [0. 0. 1. 1.]
 [0. 0. 1. 1.]
 [1. 0. 1. 0.]
 [0. 0. 1. 0.]
 [1. 1. 0. 0.]]
action0:[7 2 3 4]
action1:[0 2 3 1]
sub_loc:
[[1. 0. 0. 1.]
 [1. 0. 1. 1.]
 [0. 1. 0. 0.]
 [1. 1. 1. 0.]
 [1. 1. 1. 1.]
 [1. 0. 1. 0.]
 [0. 1. 1. 1.]
 [1. 1. 1. 0.]]
action0:[7 2 3 0]
action1:[0 2 3 1]
sub_loc:
[[1. 0. 0. 1.]
 [1. 1. 0. 0.]
 [1. 0. 1. 1.]
 [1. 0. 1. 0.]
 [0. 0. 1. 0.]
 [1. 1. 1. 0.]
 [1. 1. 1. 0.]
 [1. 1. 1. 0.]]
action0:[7 6 3 0]
action1:[0 2 3 1]
sub_loc:
[[1. 0. 0. 0.]
 [1. 0. 1. 1.]
 [1. 0. 1. 1.]
 [0. 0. 0. 1.]
 [1. 0. 1. 1.]
 [0. 1. 0. 1.]
 [1. 1. 0. 1.]
 [0. 1. 1. 1.]]
action0:[0 6 4 4]
action1:[0 2 3 1]
sub_loc:
[[0. 0. 0. 0.]
 [0. 0. 1. 0.]
 [1. 1. 1. 0.]
 [1. 1. 0. 0.]
 [0. 1. 1. 0.]
 [1. 0. 0. 0.]
 [1. 1. 1. 1.]
 [1. 1. 0. 0.]]
action0:[7 2 4 6]
action1:[0 2 3 1]
sub_loc:
[[0. 1. 0. 1.]
 [1. 0. 0. 0.]
 [1. 0. 0. 0.]
 [1. 0. 1. 0.]
 [1. 0. 0. 1.]
 [1. 0. 0. 0.]
 [1. 0. 0. 0.]
 [1. 1. 1. 0.]]
action0:[7 0 3 0]
action1:[0 2 3 1]
sub_loc:
[[1. 0. 1. 0.]
 [0. 0. 0. 0.]
 [1. 1. 0. 1.]
 [1. 1. 0. 0.]
 [1. 1. 1. 0.]
 [1. 1. 0. 0.]
 [1. 0. 0. 0.]
 [0. 0. 0. 0.]]
action0:[0 2 4 2]
action1:[0 2 3 1]
sub_loc:
[[1. 0. 0. 1.]
 [1. 1. 1. 0.]
 [0. 1. 1. 0.]
 [0. 1. 1. 0.]
 [1. 0. 1. 1.]
 [1. 1. 0. 0.]
 [1. 1. 1. 0.]
 [0. 1. 1. 0.]]
action0:[0 2 3 0]
action1:[0 2 3 1]
sub_loc:
[[0. 0. 0. 1.]
 [0. 0. 1. 0.]
 [1. 0. 1. 0.]
 [1. 0. 1. 0.]
 [0. 1. 1. 0.]
 [1. 1. 1. 1.]
 [0. 1. 1. 0.]
 [0. 0. 1. 0.]]
action0:[5 4 3 0]
action1:[0 2 3 1]
sub_loc:
[[1. 0. 0. 0.]
 [0. 0. 0. 1.]
 [1. 0. 0. 1.]
 [1. 1. 1. 1.]
 [1. 1. 0. 1.]
 [1. 1. 0. 1.]
 [0. 0. 1. 0.]
 [1. 1. 0. 1.]]
action0:[7 4 3 4]
action1:[0 2 3 1]
sub_loc:
[[1. 1. 1. 1.]
 [1. 1. 0. 1.]
 [1. 1. 1. 0.]
 [1. 1. 0. 0.]
 [1. 1. 0. 0.]
 [1. 1. 0. 0.]
 [1. 1. 0. 0.]
 [1. 1. 0. 0.]]
action0:[7 2 0 0]
action1:[0 2 3 1]
sub_loc:
[[0. 1. 1. 1.]
 [0. 1. 0. 0.]
 [1. 0. 0. 1.]
 [1. 0. 1. 0.]
 [1. 1. 1. 0.]
 [1. 0. 0. 1.]
 [1. 1. 0. 1.]
 [1. 0. 0. 1.]]
action0:[7 4 3 0]
action1:[0 2 3 1]
sub_loc:
[[1. 1. 1. 0.]
 [0. 1. 0. 1.]
 [0. 1. 1. 1.]
 [1. 1. 1. 0.]
 [1. 1. 1. 1.]
 [0. 1. 1. 0.]
 [0. 1. 0. 1.]
 [0. 1. 0. 1.]]
action0:[0 2 3 4]
action1:[0 2 3 1]
sub_loc:
[[0. 1. 0. 1.]
 [1. 1. 1. 1.]
 [0. 1. 1. 1.]
 [1. 1. 0. 1.]
 [1. 0. 1. 1.]
 [1. 1. 1. 1.]
 [1. 1. 0. 1.]
 [1. 1. 1. 1.]]
action0:[7 2 4 0]
action1:[0 2 3 1]
sub_loc:
[[0. 1. 0. 0.]
 [1. 0. 1. 1.]
 [1. 1. 1. 1.]
 [1. 0. 1. 1.]
 [1. 0. 1. 1.]
 [1. 1. 0. 1.]
 [1. 0. 1. 1.]
 [1. 0. 0. 1.]]
action0:[7 2 3 4]
action1:[0 2 3 1]
sub_loc:
[[1. 1. 0. 1.]
 [0. 0. 1. 0.]
 [1. 0. 1. 1.]
 [1. 1. 0. 1.]
 [1. 0. 0. 1.]
 [0. 0. 1. 0.]
 [1. 0. 1. 1.]
 [1. 0. 1. 0.]]
action0:[7 0 1 0]
action1:[0 2 3 1]
sub_loc:
[[0. 1. 0. 0.]
 [0. 1. 1. 1.]
 [1. 1. 1. 0.]
 [0. 0. 1. 0.]
 [0. 0. 0. 0.]
 [0. 0. 1. 0.]
 [0. 1. 1. 1.]
 [1. 0. 1. 0.]]
action0:[7 2 3 1]
action1:[0 2 3 1]
sub_loc:
[[0. 1. 0. 0.]
 [0. 1. 0. 0.]
 [1. 1. 1. 0.]
 [0. 1. 0. 1.]
 [1. 1. 0. 0.]
 [1. 1. 1. 0.]
 [1. 0. 1. 1.]
 [1. 1. 0. 0.]]
action0:[7 2 6 3]
action1:[0 2 3 1]
sub_loc:
[[0. 0. 1. 1.]
 [0. 1. 1. 1.]
 [0. 0. 1. 1.]
 [0. 0. 1. 1.]
 [1. 0. 0. 1.]
 [0. 0. 0. 1.]
 [0. 0. 0. 0.]
 [0. 1. 0. 0.]]
action0:[4 7 3 0]
action1:[0 2 3 1]
sub_loc:
[[1. 1. 1. 1.]
 [1. 0. 1. 1.]
 [1. 0. 1. 0.]
 [1. 0. 1. 1.]
 [1. 1. 1. 0.]
 [1. 1. 1. 1.]
 [1. 1. 1. 1.]
 [1. 1. 1. 1.]]
action0:[7 4 3 0]
action1:[0 2 3 1]
sub_loc:
[[0. 0. 0. 0.]
 [1. 1. 0. 0.]
 [0. 1. 1. 0.]
 [1. 1. 1. 1.]
 [1. 1. 0. 1.]
 [1. 1. 0. 0.]
 [1. 1. 0. 1.]
 [1. 0. 0. 0.]]
action0:[7 2 3 4]
action1:[0 2 3 1]
sub_loc:
[[1. 1. 0. 1.]
 [1. 0. 0. 1.]
 [1. 1. 0. 1.]
 [1. 0. 0. 0.]
 [1. 1. 0. 1.]
 [1. 0. 1. 1.]
 [1. 0. 0. 1.]
 [1. 1. 1. 1.]]
action0:[7 2 7 0]
action1:[0 2 3 1]
sub_loc:
[[0. 0. 0. 1.]
 [0. 1. 1. 0.]
 [1. 1. 0. 0.]
 [1. 1. 1. 0.]
 [0. 1. 0. 0.]
 [1. 1. 1. 1.]
 [1. 1. 0. 1.]
 [0. 1. 1. 1.]]
action0:[6 2 3 0]
action1:[0 2 3 1]
sub_loc:
[[0. 0. 0. 0.]
 [0. 0. 0. 0.]
 [1. 0. 0. 0.]
 [0. 1. 0. 0.]
 [0. 1. 1. 1.]
 [0. 1. 0. 1.]
 [0. 1. 0. 0.]
 [0. 0. 0. 0.]]
action0:[2 4 4 4]
action1:[0 2 3 1]
sub_loc:
[[0. 1. 1. 0.]
 [0. 1. 1. 1.]
 [1. 1. 0. 1.]
 [1. 1. 0. 0.]
 [1. 1. 1. 1.]
 [1. 1. 0. 1.]
 [1. 0. 0. 1.]
 [1. 0. 1. 1.]]
action0:[7 2 4 4]
action1:[0 2 3 1]
sub_loc:
[[1. 1. 1. 0.]
 [0. 1. 1. 0.]
 [1. 0. 1. 0.]
 [1. 1. 1. 1.]
 [0. 0. 0. 1.]
 [0. 0. 1. 1.]
 [1. 0. 1. 1.]
 [0. 0. 1. 1.]]
action0:[0 0 3 4]
action1:[0 2 3 1]
sub_loc:
[[0. 0. 0. 0.]
 [1. 1. 0. 1.]
 [1. 0. 0. 0.]
 [1. 1. 0. 1.]
 [1. 1. 0. 0.]
 [0. 0. 1. 1.]
 [1. 1. 1. 1.]
 [1. 1. 1. 0.]]
action0:[7 4 6 1]
action1:[0 2 3 1]
sub_loc:
[[1. 0. 0. 1.]
 [1. 1. 1. 0.]
 [0. 1. 1. 1.]
 [1. 0. 1. 0.]
 [1. 0. 1. 1.]
 [0. 0. 1. 0.]
 [0. 1. 0. 0.]
 [0. 0. 1. 0.]]
action0:[0 2 3 0]
action1:[0 2 3 1]
sub_loc:
[[0. 1. 1. 1.]
 [0. 0. 1. 0.]
 [0. 0. 1. 1.]
 [0. 1. 1. 0.]
 [0. 1. 1. 1.]
 [1. 1. 1. 0.]
 [0. 1. 1. 0.]
 [0. 1. 1. 1.]]
action0:[5 4 3 0]
action1:[0 2 3 1]
sub_loc:
[[1. 0. 1. 1.]
 [1. 1. 0. 1.]
 [0. 0. 1. 0.]
 [1. 1. 0. 0.]
 [0. 1. 0. 0.]
 [1. 0. 1. 1.]
 [0. 0. 0. 1.]
 [1. 0. 0. 0.]]
action0:[7 4 0 0]
action1:[0 2 3 1]
sub_loc:
[[0. 1. 0. 1.]
 [0. 1. 1. 1.]
 [0. 0. 1. 0.]
 [0. 0. 1. 0.]
 [1. 0. 1. 0.]
 [0. 1. 1. 1.]
 [1. 0. 1. 0.]
 [0. 0. 1. 0.]]
action0:[4 0 3 0]
action1:[0 2 3 1]
sub_loc:
[[1. 1. 0. 0.]
 [0. 1. 1. 0.]
 [1. 0. 1. 0.]
 [0. 0. 0. 1.]
 [1. 0. 1. 1.]
 [1. 0. 1. 0.]
 [0. 0. 1. 0.]
 [1. 0. 1. 0.]]
action0:[7 0 4 4]
action1:[0 2 3 1]
sub_loc:
[[0. 1. 0. 1.]
 [1. 0. 0. 0.]
 [1. 1. 1. 0.]
 [0. 1. 0. 0.]
 [1. 1. 0. 0.]
 [1. 1. 0. 0.]
 [1. 1. 0. 0.]
 [1. 1. 0. 1.]]
action0:[7 2 2 0]
action1:[0 2 3 1]
sub_loc:
[[1. 1. 0. 1.]
 [0. 1. 1. 0.]
 [0. 0. 1. 0.]
 [0. 0. 1. 0.]
 [0. 0. 1. 0.]
 [1. 1. 1. 0.]
 [1. 0. 1. 0.]
 [1. 0. 1. 1.]]
action0:[7 0 3 0]
action1:[0 2 3 1]
sub_loc:
[[1. 1. 0. 1.]
 [1. 1. 1. 1.]
 [1. 1. 1. 1.]
 [1. 1. 1. 1.]
 [1. 0. 1. 1.]
 [1. 1. 1. 1.]
 [1. 1. 1. 0.]
 [1. 1. 1. 1.]]
action0:[7 2 3 0]
action1:[0 2 3 1]
sub_loc:
[[0. 0. 1. 1.]
 [1. 0. 0. 0.]
 [1. 0. 1. 1.]
 [1. 0. 1. 0.]
 [0. 0. 1. 0.]
 [1. 0. 1. 0.]
 [1. 1. 1. 0.]
 [0. 0. 1. 0.]]
action0:[6 6 3 0]
action1:[0 2 3 1]
sub_loc:
[[0. 1. 0. 0.]
 [0. 0. 0. 1.]
 [0. 1. 0. 1.]
 [1. 0. 1. 1.]
 [0. 0. 0. 1.]
 [1. 0. 0. 1.]
 [1. 1. 0. 1.]
 [1. 0. 0. 1.]]
action0:[7 2 3 4]
action1:[0 2 3 1]
sub_loc:
[[0. 1. 0. 0.]
 [1. 0. 1. 0.]
 [1. 0. 0. 0.]
 [1. 0. 0. 0.]
 [1. 0. 0. 0.]
 [1. 0. 0. 1.]
 [1. 1. 0. 1.]
 [1. 0. 1. 0.]]
action0:[7 6 1 5]
action1:[0 2 3 1]
sub_loc:
[[0. 0. 0. 1.]
 [0. 1. 1. 1.]
 [1. 1. 1. 1.]
 [0. 0. 1. 1.]
 [1. 1. 1. 0.]
 [0. 1. 1. 1.]
 [1. 1. 1. 1.]
 [0. 1. 1. 0.]]
action0:[4 2 3 0]
action1:[0 2 3 1]
sub_loc:
[[1. 1. 1. 0.]
 [1. 1. 0. 0.]
 [0. 1. 1. 1.]
 [0. 0. 0. 1.]
 [1. 1. 0. 1.]
 [1. 0. 0. 1.]
 [1. 0. 0. 1.]
 [1. 1. 0. 1.]]
action0:[7 2 0 4]
action1:[0 2 3 1]
sub_loc:
[[1. 1. 0. 0.]
 [0. 1. 1. 0.]
 [1. 1. 0. 1.]
 [0. 1. 0. 0.]
 [0. 1. 0. 0.]
 [0. 0. 0. 1.]
 [0. 1. 0. 1.]
 [0. 1. 0. 0.]]
action0:[0 2 1 5]
action1:[0 2 3 1]
sub_loc:
[[1. 0. 0. 0.]
 [0. 1. 1. 0.]
 [0. 0. 1. 0.]
 [0. 0. 1. 0.]
 [0. 0. 1. 0.]
 [0. 1. 0. 1.]
 [1. 0. 1. 1.]
 [0. 1. 1. 1.]]
action0:[0 7 3 7]
action1:[0 2 3 1]
sub_loc:
[[1. 1. 0. 1.]
 [1. 1. 0. 0.]
 [1. 1. 0. 1.]
 [1. 1. 1. 0.]
 [1. 1. 1. 0.]
 [1. 1. 1. 1.]
 [1. 0. 0. 1.]
 [1. 1. 0. 0.]]
action0:[7 2 3 0]
action1:[0 2 3 1]
sub_loc:
[[0. 0. 1. 1.]
 [1. 0. 1. 1.]
 [1. 1. 1. 0.]
 [1. 1. 1. 0.]
 [1. 1. 1. 0.]
 [1. 1. 1. 0.]
 [1. 1. 1. 0.]
 [1. 1. 1. 1.]]
action0:[7 2 3 0]
action1:[0 2 3 1]
sub_loc:
[[1. 0. 1. 1.]
 [1. 1. 0. 1.]
 [1. 0. 0. 1.]
 [0. 1. 0. 0.]
 [1. 1. 0. 1.]
 [0. 1. 1. 1.]
 [0. 1. 0. 1.]
 [0. 1. 0. 1.]]
action0:[0 4 0 0]
action1:[0 2 3 1]
sub_loc:
[[1. 1. 0. 1.]
 [1. 1. 1. 0.]
 [1. 0. 0. 0.]
 [1. 1. 1. 0.]
 [1. 1. 1. 0.]
 [0. 0. 1. 0.]
 [1. 1. 1. 1.]
 [1. 0. 1. 0.]]
action0:[7 4 3 0]
action1:[0 2 3 1]
sub_loc:
[[1. 1. 0. 1.]
 [1. 0. 1. 0.]
 [1. 1. 1. 0.]
 [0. 0. 0. 1.]
 [0. 1. 1. 0.]
 [1. 0. 1. 0.]
 [0. 0. 1. 0.]
 [1. 1. 1. 1.]]
action0:[7 2 4 0]
action1:[0 2 3 1]
sub_loc:
[[0. 0. 1. 0.]
 [1. 1. 0. 1.]
 [0. 1. 0. 1.]
 [0. 0. 0. 0.]
 [1. 0. 1. 0.]
 [1. 1. 0. 1.]
 [0. 1. 0. 1.]
 [0. 1. 0. 0.]]
action0:[4 2 4 1]
action1:[0 2 3 1]
sub_loc:
[[1. 1. 1. 0.]
 [0. 0. 0. 0.]
 [0. 0. 0. 1.]
 [0. 0. 0. 0.]
 [0. 0. 0. 1.]
 [0. 0. 1. 0.]
 [0. 1. 0. 0.]
 [1. 0. 0. 0.]]
action0:[7 6 0 4]
action1:[0 2 3 1]
sub_loc:
[[0. 1. 0. 1.]
 [1. 0. 0. 1.]
 [0. 1. 1. 1.]
 [0. 0. 0. 0.]
 [1. 0. 0. 0.]
 [1. 0. 0. 0.]
 [0. 0. 0. 0.]
 [1. 0. 1. 0.]]
action0:[7 2 2 0]
action1:[0 2 3 1]
sub_loc:
[[0. 0. 1. 0.]
 [1. 0. 0. 0.]
 [1. 1. 0. 1.]
 [1. 0. 1. 0.]
 [1. 0. 0. 0.]
 [1. 1. 1. 0.]
 [1. 1. 0. 1.]
 [1. 1. 1. 1.]]
action0:[7 2 3 7]
action1:[0 2 3 1]
sub_loc:
[[0. 0. 1. 0.]
 [0. 1. 0. 1.]
 [0. 1. 0. 1.]
 [0. 1. 1. 1.]
 [0. 1. 1. 1.]
 [1. 1. 0. 1.]
 [0. 1. 1. 1.]
 [0. 1. 1. 1.]]
action0:[5 2 3 4]
action1:[0 2 3 1]
sub_loc:
[[0. 1. 0. 1.]
 [1. 1. 1. 1.]
 [1. 1. 0. 1.]
 [1. 1. 0. 0.]
 [0. 1. 1. 1.]
 [1. 1. 1. 1.]
 [1. 1. 1. 1.]
 [1. 1. 1. 1.]]
action0:[7 2 4 0]
action1:[0 2 3 1]
sub_loc:
[[0. 0. 1. 1.]
 [1. 1. 0. 1.]
 [1. 0. 0. 1.]
 [0. 0. 0. 1.]
 [1. 0. 1. 1.]
 [0. 0. 1. 1.]
 [1. 1. 1. 1.]
 [0. 0. 0. 1.]]
action0:[4 6 4 0]
action1:[0 2 3 1]
sub_loc:
[[0. 0. 0. 1.]
 [1. 0. 1. 0.]
 [0. 0. 1. 0.]
 [0. 1. 1. 1.]
 [0. 0. 1. 0.]
 [1. 1. 0. 1.]
 [0. 0. 1. 0.]
 [0. 1. 1. 1.]]
action0:[5 7 3 0]
action1:[0 2 3 1]
sub_loc:
[[1. 1. 0. 1.]
 [0. 1. 1. 1.]
 [1. 1. 0. 0.]
 [0. 1. 1. 0.]
 [0. 1. 1. 0.]
 [0. 1. 0. 1.]
 [0. 1. 0. 1.]
 [1. 1. 0. 1.]]
action0:[7 2 3 0]
action1:[0 2 3 1]
sub_loc:
[[0. 1. 1. 1.]
 [1. 1. 1. 1.]
 [1. 1. 1. 0.]
 [1. 1. 1. 1.]
 [1. 1. 1. 0.]
 [0. 1. 0. 1.]
 [1. 1. 0. 1.]
 [1. 1. 1. 1.]]
action0:[7 2 3 0]
action1:[0 2 3 1]
sub_loc:
[[1. 0. 0. 0.]
 [1. 1. 0. 1.]
 [1. 1. 0. 0.]
 [1. 1. 0. 0.]
 [1. 0. 0. 0.]
 [0. 1. 0. 0.]
 [1. 1. 1. 0.]
 [1. 1. 0. 0.]]
action0:[7 2 6 1]
action1:[0 2 3 1]
sub_loc:
[[0. 1. 0. 1.]
 [1. 1. 1. 1.]
 [1. 0. 0. 1.]
 [1. 1. 0. 0.]
 [1. 1. 0. 1.]
 [1. 1. 0. 0.]
 [1. 1. 0. 0.]
 [0. 1. 0. 1.]]
action0:[4 4 1 0]
action1:[0 2 3 1]
sub_loc:
[[0. 1. 0. 1.]
 [0. 1. 1. 1.]
 [1. 1. 1. 0.]
 [0. 1. 1. 1.]
 [1. 1. 1. 1.]
 [0. 1. 1. 0.]
 [0. 1. 0. 1.]
 [0. 1. 1. 1.]]
action0:[4 2 3 0]
action1:[0 2 3 1]
sub_loc:
[[0. 1. 0. 1.]
 [0. 1. 0. 0.]
 [1. 1. 1. 1.]
 [1. 1. 0. 1.]
 [0. 0. 0. 1.]
 [0. 1. 0. 1.]
 [0. 0. 0. 1.]
 [1. 1. 0. 1.]]
action0:[7 2 2 0]
action1:[0 2 3 1]
sub_loc:
[[0. 1. 0. 0.]
 [1. 0. 1. 1.]
 [1. 0. 1. 1.]
 [1. 1. 0. 1.]
 [0. 1. 1. 0.]
 [0. 0. 1. 1.]
 [1. 0. 0. 1.]
 [1. 1. 0. 1.]]
action0:[7 4 4 1]
action1:[0 2 3 1]
sub_loc:
[[1. 1. 1. 0.]
 [1. 0. 1. 0.]
 [1. 0. 1. 0.]
 [0. 0. 0. 1.]
 [1. 0. 1. 0.]
 [1. 1. 1. 1.]
 [1. 0. 0. 1.]
 [1. 1. 0. 0.]]
action0:[7 0 4 3]
action1:[0 2 3 1]
sub_loc:
[[1. 1. 1. 1.]
 [0. 1. 1. 1.]
 [1. 1. 0. 0.]
 [0. 1. 0. 1.]
 [0. 1. 0. 1.]
 [0. 1. 0. 1.]
 [0. 1. 1. 0.]
 [0. 0. 0. 0.]]
action0:[0 2 0 0]
action1:[0 2 3 1]
sub_loc:
[[0. 0. 0. 0.]
 [1. 0. 0. 1.]
 [1. 1. 0. 1.]
 [1. 1. 0. 1.]
 [1. 0. 0. 1.]
 [1. 0. 0. 1.]
 [0. 0. 1. 1.]
 [1. 1. 1. 0.]]
action0:[7 2 6 4]
action1:[0 2 3 1]
sub_loc:
[[0. 0. 1. 1.]
 [0. 1. 1. 1.]
 [1. 0. 1. 1.]
 [0. 0. 1. 1.]
 [0. 1. 1. 1.]
 [1. 1. 1. 1.]
 [0. 0. 1. 1.]
 [0. 0. 1. 0.]]
action0:[5 4 3 0]
action1:[0 2 3 1]
sub_loc:
[[1. 0. 0. 0.]
 [1. 1. 0. 1.]
 [1. 1. 0. 0.]
 [1. 1. 0. 1.]
 [1. 1. 1. 1.]
 [1. 1. 1. 0.]
 [1. 0. 0. 1.]
 [1. 1. 0. 0.]]
action0:[7 2 4 4]
action1:[0 2 3 1]
sub_loc:
[[0. 1. 1. 0.]
 [1. 0. 0. 0.]
 [1. 0. 0. 0.]
 [1. 0. 0. 1.]
 [1. 0. 0. 0.]
 [1. 1. 1. 1.]
 [1. 1. 0. 0.]
 [1. 0. 0. 0.]]
action0:[7 6 0 3]
action1:[0 2 3 1]
sub_loc:
[[0. 1. 0. 1.]
 [0. 1. 1. 0.]
 [1. 1. 1. 1.]
 [0. 0. 1. 1.]
 [1. 0. 1. 1.]
 [1. 0. 1. 1.]
 [1. 0. 0. 1.]
 [0. 0. 1. 1.]]
action0:[4 2 3 0]
action1:[0 2 3 1]
sub_loc:
[[0. 1. 1. 0.]
 [1. 0. 1. 0.]
 [1. 0. 0. 1.]
 [0. 0. 0. 1.]
 [0. 0. 0. 1.]
 [1. 0. 1. 1.]
 [0. 1. 1. 1.]
 [1. 1. 1. 1.]]
action0:[7 6 0 4]
action1:[0 2 3 1]
sub_loc:
[[1. 1. 1. 0.]
 [0. 0. 1. 0.]
 [1. 0. 1. 1.]
 [1. 1. 0. 1.]
 [1. 0. 1. 1.]
 [1. 0. 1. 1.]
 [1. 1. 1. 0.]
 [1. 1. 1. 1.]]
action0:[7 6 4 4]
action1:[0 2 3 1]
sub_loc:
[[0. 1. 1. 1.]
 [0. 1. 0. 0.]
 [1. 0. 0. 1.]
 [0. 1. 0. 0.]
 [1. 0. 1. 1.]
 [1. 0. 1. 0.]
 [0. 0. 1. 1.]
 [1. 0. 1. 0.]]
action0:[7 0 4 0]
action1:[0 2 3 1]
sub_loc:
[[0. 0. 0. 0.]
 [1. 1. 1. 1.]
 [0. 1. 0. 1.]
 [0. 1. 0. 1.]
 [1. 0. 1. 1.]
 [1. 1. 0. 1.]
 [1. 1. 0. 0.]
 [1. 1. 1. 1.]]
action0:[7 2 4 4]
action1:[0 2 3 1]
sub_loc:
[[0. 0. 0. 0.]
 [1. 1. 1. 1.]
 [1. 0. 0. 1.]
 [1. 1. 0. 1.]
 [1. 0. 1. 1.]
 [1. 0. 1. 1.]
 [1. 1. 1. 1.]
 [1. 1. 1. 1.]]
action0:[7 6 4 4]
action1:[0 2 3 1]
sub_loc:
[[0. 1. 1. 1.]
 [1. 1. 1. 1.]
 [0. 1. 1. 0.]
 [1. 1. 1. 0.]
 [1. 1. 1. 0.]
 [0. 1. 1. 0.]
 [1. 1. 1. 0.]
 [0. 0. 1. 0.]]
action0:[4 2 3 0]
action1:[0 2 3 1]
sub_loc:
[[0. 0. 1. 1.]
 [1. 1. 0. 0.]
 [1. 0. 1. 0.]
 [1. 1. 1. 0.]
 [1. 1. 0. 0.]
 [1. 1. 0. 0.]
 [1. 1. 0. 1.]
 [0. 0. 0. 0.]]
action0:[4 4 3 0]
action1:[0 2 3 1]
sub_loc:
[[1. 0. 0. 0.]
 [1. 0. 0. 1.]
 [1. 0. 1. 1.]
 [0. 0. 1. 1.]
 [1. 0. 1. 1.]
 [1. 1. 1. 1.]
 [1. 1. 1. 1.]
 [1. 1. 1. 1.]]
action0:[7 6 3 4]
action1:[0 2 3 1]
sub_loc:
[[0. 0. 0. 1.]
 [0. 0. 1. 0.]
 [0. 0. 0. 0.]
 [1. 0. 0. 0.]
 [0. 0. 0. 1.]
 [0. 0. 0. 1.]
 [0. 0. 0. 0.]
 [1. 1. 1. 0.]]
action0:[7 7 1 0]
action1:[0 2 3 1]
sub_loc:
[[0. 0. 0. 0.]
 [0. 1. 1. 1.]
 [0. 1. 0. 1.]
 [1. 0. 0. 1.]
 [0. 1. 1. 1.]
 [1. 1. 1. 1.]
 [0. 0. 1. 1.]
 [1. 1. 1. 1.]]
action0:[7 2 4 4]
action1:[0 2 3 1]
sub_loc:
[[1. 0. 0. 1.]
 [1. 0. 1. 1.]
 [1. 0. 0. 1.]
 [1. 0. 1. 1.]
 [1. 0. 1. 1.]
 [1. 1. 1. 1.]
 [1. 0. 1. 1.]
 [1. 0. 1. 1.]]
action0:[7 5 3 0]
action1:[0 2 3 1]
sub_loc:
[[1. 1. 1. 0.]
 [1. 1. 0. 0.]
 [0. 1. 1. 1.]
 [0. 0. 0. 1.]
 [0. 0. 0. 1.]
 [0. 0. 0. 0.]
 [1. 1. 0. 1.]
 [1. 1. 0. 0.]]
action0:[7 2 0 4]
action1:[0 2 3 1]
sub_loc:
[[1. 1. 1. 0.]
 [0. 0. 1. 0.]
 [0. 0. 1. 0.]
 [0. 0. 1. 0.]
 [0. 1. 1. 0.]
 [1. 0. 1. 0.]
 [0. 0. 1. 0.]
 [1. 0. 1. 1.]]
action0:[7 4 3 7]
action1:[0 2 3 1]
sub_loc:
[[0. 1. 1. 0.]
 [1. 1. 1. 1.]
 [1. 0. 0. 0.]
 [1. 0. 1. 0.]
 [1. 0. 0. 1.]
 [1. 0. 1. 1.]
 [1. 0. 1. 1.]
 [1. 1. 1. 0.]]
action0:[7 0 3 4]
action1:[0 2 3 1]
sub_loc:
[[0. 0. 1. 1.]
 [0. 0. 1. 1.]
 [1. 0. 1. 0.]
 [1. 0. 1. 0.]
 [1. 1. 1. 0.]
 [1. 0. 1. 0.]
 [0. 1. 1. 0.]
 [1. 0. 1. 0.]]
action0:[7 4 3 0]
action1:[0 2 3 1]
sub_loc:
[[1. 0. 1. 0.]
 [1. 0. 1. 1.]
 [1. 1. 1. 1.]
 [1. 0. 1. 1.]
 [1. 0. 1. 1.]
 [1. 0. 1. 1.]
 [0. 0. 1. 1.]
 [0. 0. 1. 1.]]
action0:[0 2 3 4]
action1:[0 2 3 1]
sub_loc:
[[1. 0. 0. 1.]
 [0. 1. 0. 1.]
 [1. 1. 0. 0.]
 [1. 1. 1. 0.]
 [0. 1. 1. 0.]
 [1. 1. 0. 1.]
 [1. 1. 0. 1.]
 [0. 1. 0. 0.]]
action0:[0 2 3 0]
action1:[0 2 3 1]
time is too long
next_agent##################################################
sub_loc:
[[1. 1. 0. 0.]
 [1. 0. 1. 1.]
 [1. 0. 1. 1.]
 [1. 0. 0. 1.]
 [1. 1. 1. 1.]
 [1. 1. 1. 1.]
 [1. 0. 1. 1.]
 [1. 0. 0. 1.]]
action0:[2 5 5 4]
action1:[0 0 0 0]
sub_loc:
[[0. 1. 0. 1.]
 [0. 0. 0. 0.]
 [0. 0. 1. 1.]
 [0. 0. 0. 0.]
 [0. 1. 0. 0.]
 [1. 0. 1. 0.]
 [0. 0. 1. 0.]
 [0. 0. 0. 1.]]
action0:[5 4 6 2]
action1:[0 0 0 0]
sub_loc:
[[0. 0. 1. 0.]
 [0. 0. 0. 1.]
 [0. 0. 0. 1.]
 [0. 0. 0. 1.]
 [0. 1. 1. 1.]
 [1. 1. 0. 1.]
 [0. 0. 0. 1.]
 [0. 0. 1. 1.]]
action0:[5 4 0 4]
action1:[0 0 0 0]
sub_loc:
[[0. 1. 1. 1.]
 [1. 0. 0. 1.]
 [1. 1. 1. 1.]
 [1. 1. 1. 0.]
 [1. 1. 0. 0.]
 [0. 1. 0. 1.]
 [1. 1. 1. 1.]
 [1. 1. 1. 1.]]
action0:[6 6 2 0]
action1:[0 0 0 0]
sub_loc:
[[1. 1. 1. 0.]
 [1. 1. 0. 1.]
 [1. 1. 1. 1.]
 [1. 1. 1. 1.]
 [1. 1. 1. 1.]
 [1. 1. 0. 1.]
 [1. 1. 1. 1.]
 [1. 1. 0. 1.]]
action0:[3 5 2 4]
action1:[0 0 0 0]
sub_loc:
[[1. 0. 0. 1.]
 [0. 0. 1. 1.]
 [1. 1. 1. 0.]
 [1. 1. 0. 1.]
 [0. 0. 1. 0.]
 [1. 1. 1. 0.]
 [1. 0. 0. 1.]
 [1. 1. 1. 0.]]
action0:[7 3 5 3]
action1:[0 0 0 0]
sub_loc:
[[0. 1. 1. 0.]
 [1. 0. 1. 1.]
 [1. 1. 1. 1.]
 [1. 1. 1. 1.]
 [0. 1. 1. 1.]
 [1. 1. 0. 1.]
 [1. 0. 1. 1.]
 [1. 0. 0. 0.]]
action0:[2 3 3 1]
action1:[0 0 0 0]
sub_loc:
[[0. 0. 1. 0.]
 [1. 1. 1. 1.]
 [1. 1. 0. 0.]
 [1. 0. 0. 1.]
 [1. 1. 1. 1.]
 [1. 1. 0. 1.]
 [0. 1. 0. 1.]
 [0. 1. 0. 0.]]
action0:[3 2 0 1]
action1:[0 0 0 0]
sub_loc:
[[0. 1. 1. 1.]
 [1. 0. 0. 1.]
 [0. 0. 0. 1.]
 [1. 0. 0. 0.]
 [1. 0. 0. 1.]
 [1. 1. 0. 1.]
 [1. 0. 0. 0.]
 [1. 0. 1. 1.]]
action0:[6 0 0 0]
action1:[0 0 0 0]
sub_loc:
[[1. 0. 0. 1.]
 [1. 1. 1. 1.]
 [0. 1. 1. 1.]
 [0. 0. 1. 1.]
 [1. 1. 0. 1.]
 [1. 0. 0. 1.]
 [1. 1. 1. 1.]
 [0. 1. 0. 1.]]
action0:[1 4 1 7]
action1:[0 0 0 0]
sub_loc:
[[0. 0. 1. 0.]
 [1. 0. 0. 0.]
 [0. 1. 1. 0.]
 [1. 1. 0. 0.]
 [0. 0. 1. 0.]
 [0. 0. 0. 0.]
 [1. 0. 1. 1.]
 [1. 0. 0. 1.]]
action0:[7 2 4 7]
action1:[0 0 0 0]
sub_loc:
[[0. 1. 1. 1.]
 [0. 1. 1. 1.]
 [1. 0. 1. 1.]
 [1. 1. 0. 1.]
 [1. 1. 1. 0.]
 [1. 1. 0. 1.]
 [1. 1. 0. 0.]
 [1. 1. 0. 1.]]
action0:[2 7 1 1]
action1:[0 0 0 0]
sub_loc:
[[1. 0. 1. 1.]
 [0. 1. 1. 0.]
 [1. 0. 0. 1.]
 [0. 0. 1. 1.]
 [1. 0. 1. 1.]
 [1. 1. 0. 1.]
 [0. 0. 0. 1.]
 [1. 1. 0. 1.]]
action0:[0 7 0 7]
action1:[0 0 0 0]
sub_loc:
[[1. 1. 0. 1.]
 [1. 1. 1. 0.]
 [0. 0. 1. 1.]
 [0. 1. 1. 0.]
 [0. 0. 1. 0.]
 [0. 1. 1. 1.]
 [1. 1. 1. 0.]
 [0. 0. 1. 1.]]
action0:[0 5 7 2]
action1:[0 0 0 0]
sub_loc:
[[1. 1. 0. 0.]
 [1. 0. 1. 1.]
 [0. 1. 1. 0.]
 [1. 1. 1. 1.]
 [1. 0. 0. 1.]
 [0. 1. 1. 0.]
 [0. 0. 1. 1.]
 [0. 0. 0. 1.]]
action0:[1 3 3 4]
action1:[0 0 0 0]
sub_loc:
[[0. 0. 1. 1.]
 [0. 1. 1. 1.]
 [1. 1. 1. 0.]
 [0. 0. 1. 0.]
 [0. 0. 1. 1.]
 [0. 1. 1. 0.]
 [0. 1. 1. 0.]
 [0. 0. 1. 0.]]
action0:[2 2 5 4]
action1:[0 0 0 0]
sub_loc:
[[1. 0. 0. 1.]
 [1. 0. 1. 1.]
 [1. 1. 1. 1.]
 [0. 0. 1. 1.]
 [1. 1. 0. 0.]
 [0. 0. 0. 1.]
 [0. 1. 1. 1.]
 [1. 0. 1. 1.]]
action0:[1 4 3 1]
action1:[0 0 0 0]
sub_loc:
[[0. 1. 0. 0.]
 [1. 1. 1. 1.]
 [1. 1. 0. 1.]
 [1. 1. 0. 1.]
 [1. 1. 1. 1.]
 [0. 0. 0. 1.]
 [1. 1. 1. 1.]
 [1. 0. 0. 1.]]
action0:[2 1 4 6]
action1:[0 0 0 0]
sub_loc:
[[1. 0. 1. 0.]
 [1. 1. 1. 0.]
 [0. 1. 1. 0.]
 [0. 0. 0. 0.]
 [0. 0. 1. 1.]
 [0. 0. 1. 0.]
 [0. 1. 1. 0.]
 [0. 0. 1. 0.]]
action0:[1 6 2 4]
action1:[0 0 0 0]
sub_loc:
[[0. 1. 1. 1.]
 [1. 0. 1. 1.]
 [1. 1. 1. 0.]
 [1. 1. 0. 1.]
 [1. 1. 0. 0.]
 [1. 1. 1. 1.]
 [1. 0. 1. 0.]
 [1. 0. 1. 1.]]
action0:[7 4 5 1]
action1:[0 0 0 0]
sub_loc:
[[0. 1. 0. 0.]
 [1. 1. 0. 0.]
 [1. 1. 1. 0.]
 [1. 1. 0. 0.]
 [1. 1. 1. 0.]
 [1. 1. 0. 1.]
 [1. 1. 0. 0.]
 [1. 0. 1. 0.]]
action0:[5 0 4 5]
action1:[0 0 0 0]
sub_loc:
[[1. 0. 0. 1.]
 [1. 0. 1. 1.]
 [1. 1. 0. 1.]
 [1. 0. 0. 1.]
 [1. 0. 0. 1.]
 [1. 0. 1. 1.]
 [1. 1. 1. 1.]
 [1. 0. 1. 1.]]
action0:[2 2 7 4]
action1:[0 0 0 0]
sub_loc:
[[1. 0. 0. 1.]
 [0. 1. 1. 1.]
 [0. 0. 1. 1.]
 [0. 1. 0. 1.]
 [0. 1. 0. 1.]
 [1. 1. 1. 1.]
 [1. 1. 0. 1.]
 [1. 1. 0. 1.]]
action0:[7 4 2 7]
action1:[0 0 0 0]
sub_loc:
[[0. 1. 0. 0.]
 [1. 0. 0. 0.]
 [0. 1. 1. 1.]
 [1. 1. 0. 1.]
 [1. 0. 0. 1.]
 [1. 1. 0. 1.]
 [1. 1. 0. 1.]
 [1. 0. 0. 1.]]
action0:[5 2 2 4]
action1:[0 0 0 0]
sub_loc:
[[0. 0. 1. 0.]
 [0. 1. 0. 0.]
 [1. 1. 1. 1.]
 [0. 1. 1. 0.]
 [0. 1. 0. 0.]
 [0. 0. 1. 0.]
 [1. 1. 1. 0.]
 [1. 0. 1. 1.]]
action0:[7 6 0 2]
action1:[0 0 0 0]
sub_loc:
[[1. 1. 1. 0.]
 [1. 0. 1. 1.]
 [0. 1. 1. 1.]
 [0. 0. 1. 1.]
 [0. 0. 1. 1.]
 [0. 0. 0. 1.]
 [0. 0. 1. 1.]
 [0. 0. 1. 1.]]
action0:[0 2 7 6]
action1:[0 0 0 0]
sub_loc:
[[0. 0. 0. 0.]
 [1. 1. 0. 1.]
 [1. 1. 1. 1.]
 [1. 1. 0. 1.]
 [1. 1. 0. 0.]
 [1. 1. 0. 1.]
 [1. 1. 0. 1.]
 [1. 1. 0. 1.]]
action0:[7 1 2 5]
action1:[0 0 0 0]
sub_loc:
[[1. 0. 1. 0.]
 [1. 1. 0. 0.]
 [0. 1. 1. 0.]
 [0. 1. 1. 0.]
 [1. 1. 1. 1.]
 [1. 1. 0. 0.]
 [0. 1. 1. 0.]
 [1. 1. 1. 0.]]
action0:[7 3 3 4]
action1:[0 0 0 0]
sub_loc:
[[1. 1. 1. 0.]
 [0. 0. 1. 1.]
 [0. 0. 0. 1.]
 [0. 0. 1. 1.]
 [0. 0. 1. 0.]
 [0. 1. 0. 0.]
 [0. 1. 0. 1.]
 [1. 0. 0. 1.]]
action0:[7 6 4 7]
action1:[0 0 0 0]
sub_loc:
[[1. 0. 0. 1.]
 [1. 0. 1. 1.]
 [0. 1. 0. 0.]
 [1. 1. 1. 0.]
 [1. 1. 1. 1.]
 [0. 0. 1. 0.]
 [0. 1. 1. 1.]
 [1. 1. 1. 0.]]
action0:[3 3 3 0]
action1:[0 0 0 0]
sub_loc:
[[1. 1. 1. 1.]
 [0. 0. 0. 0.]
 [1. 0. 0. 0.]
 [0. 0. 0. 0.]
 [0. 1. 0. 1.]
 [1. 1. 1. 1.]
 [0. 1. 0. 0.]
 [0. 0. 0. 1.]]
action0:[0 6 5 4]
action1:[0 0 0 0]
sub_loc:
[[0. 0. 1. 0.]
 [1. 1. 0. 0.]
 [0. 1. 0. 0.]
 [1. 0. 0. 1.]
 [1. 0. 0. 0.]
 [1. 0. 0. 1.]
 [1. 1. 1. 1.]
 [1. 1. 1. 1.]]
action0:[4 2 7 3]
action1:[0 0 0 0]
sub_loc:
[[0. 0. 1. 1.]
 [1. 1. 0. 1.]
 [0. 1. 0. 1.]
 [1. 1. 0. 1.]
 [1. 1. 0. 1.]
 [1. 1. 1. 1.]
 [1. 1. 0. 1.]
 [1. 0. 0. 1.]]
action0:[7 1 5 1]
action1:[0 0 0 0]
sub_loc:
[[1. 0. 0. 0.]
 [1. 1. 1. 0.]
 [0. 0. 1. 1.]
 [0. 1. 0. 1.]
 [0. 1. 1. 0.]
 [0. 0. 1. 0.]
 [0. 0. 0. 0.]
 [0. 0. 0. 0.]]
action0:[1 4 4 2]
action1:[0 0 0 0]
sub_loc:
[[0. 0. 0. 0.]
 [1. 1. 1. 0.]
 [1. 1. 1. 0.]
 [1. 1. 0. 1.]
 [1. 1. 1. 1.]
 [0. 1. 1. 1.]
 [1. 1. 1. 1.]
 [1. 1. 0. 1.]]
action0:[4 6 5 6]
action1:[0 0 0 0]
sub_loc:
[[1. 1. 1. 1.]
 [0. 0. 1. 0.]
 [0. 0. 1. 0.]
 [0. 0. 0. 0.]
 [0. 0. 0. 0.]
 [0. 0. 0. 1.]
 [1. 1. 1. 1.]
 [0. 0. 0. 0.]]
action0:[6 6 1 0]
action1:[0 0 0 0]
sub_loc:
[[1. 0. 1. 0.]
 [0. 0. 0. 1.]
 [0. 1. 1. 0.]
 [0. 1. 1. 0.]
 [1. 1. 1. 1.]
 [0. 1. 1. 0.]
 [1. 0. 1. 0.]
 [0. 1. 0. 0.]]
action0:[6 4 5 4]
action1:[0 0 0 0]
sub_loc:
[[0. 1. 0. 1.]
 [1. 1. 1. 1.]
 [1. 0. 1. 1.]
 [0. 1. 1. 1.]
 [1. 1. 0. 1.]
 [1. 1. 0. 1.]
 [1. 0. 1. 1.]
 [1. 0. 1. 1.]]
action0:[6 1 7 5]
action1:[0 0 0 0]
sub_loc:
[[0. 1. 0. 0.]
 [1. 0. 0. 0.]
 [1. 0. 1. 0.]
 [1. 1. 0. 1.]
 [1. 0. 0. 0.]
 [1. 1. 1. 0.]
 [1. 0. 0. 1.]
 [1. 1. 0. 0.]]
action0:[5 0 2 6]
action1:[0 0 0 0]
sub_loc:
[[0. 1. 1. 1.]
 [0. 1. 0. 1.]
 [0. 1. 0. 0.]
 [0. 1. 0. 0.]
 [1. 1. 0. 1.]
 [1. 1. 0. 1.]
 [1. 1. 1. 0.]
 [0. 1. 1. 0.]]
action0:[6 7 6 5]
action1:[0 0 0 0]
sub_loc:
[[1. 1. 0. 0.]
 [1. 0. 0. 0.]
 [0. 0. 1. 1.]
 [0. 0. 1. 1.]
 [1. 0. 0. 1.]
 [0. 1. 1. 1.]
 [0. 0. 1. 0.]
 [0. 0. 1. 1.]]
action0:[0 5 3 4]
action1:[0 0 0 0]
sub_loc:
[[0. 0. 0. 1.]
 [0. 1. 0. 1.]
 [0. 0. 1. 0.]
 [0. 1. 1. 0.]
 [1. 1. 1. 1.]
 [0. 0. 0. 0.]
 [1. 1. 1. 0.]
 [0. 0. 1. 0.]]
action0:[4 1 7 4]
action1:[0 0 0 0]
sub_loc:
[[0. 0. 1. 0.]
 [1. 1. 1. 0.]
 [1. 0. 1. 1.]
 [1. 0. 1. 0.]
 [0. 0. 1. 1.]
 [1. 0. 1. 0.]
 [1. 1. 1. 0.]
 [1. 0. 1. 0.]]
action0:[5 1 7 2]
action1:[0 0 0 0]
sub_loc:
[[1. 0. 1. 0.]
 [0. 0. 0. 0.]
 [0. 1. 0. 0.]
 [0. 1. 1. 0.]
 [0. 0. 1. 1.]
 [1. 0. 0. 1.]
 [0. 1. 1. 1.]
 [0. 1. 0. 0.]]
action0:[0 2 0 5]
action1:[0 0 0 0]
sub_loc:
[[0. 1. 1. 0.]
 [1. 0. 1. 1.]
 [1. 0. 1. 0.]
 [1. 1. 1. 0.]
 [1. 1. 1. 0.]
 [1. 0. 1. 1.]
 [1. 0. 1. 1.]
 [1. 1. 0. 1.]]
action0:[5 3 5 7]
action1:[0 0 0 0]
sub_loc:
[[0. 1. 0. 0.]
 [0. 1. 0. 0.]
 [1. 1. 0. 0.]
 [0. 1. 0. 1.]
 [0. 1. 1. 1.]
 [0. 1. 1. 0.]
 [0. 1. 0. 1.]
 [1. 1. 0. 0.]]
action0:[2 4 4 3]
action1:[0 0 0 0]
sub_loc:
[[1. 0. 1. 0.]
 [1. 0. 1. 1.]
 [1. 0. 1. 0.]
 [0. 1. 0. 1.]
 [1. 0. 0. 0.]
 [1. 1. 0. 0.]
 [1. 0. 1. 0.]
 [1. 1. 0. 0.]]
action0:[1 5 1 3]
action1:[0 0 0 0]
sub_loc:
[[0. 1. 1. 0.]
 [1. 1. 0. 1.]
 [0. 1. 1. 1.]
 [0. 1. 0. 1.]
 [0. 1. 0. 0.]
 [1. 0. 1. 1.]
 [1. 1. 1. 1.]
 [0. 1. 0. 1.]]
action0:[5 7 2 3]
action1:[0 0 0 0]
sub_loc:
[[1. 1. 0. 0.]
 [1. 0. 0. 1.]
 [0. 0. 1. 0.]
 [1. 0. 1. 1.]
 [1. 0. 1. 1.]
 [1. 0. 0. 1.]
 [0. 1. 0. 0.]
 [1. 0. 1. 1.]]
action0:[5 0 7 7]
action1:[0 0 0 0]
sub_loc:
[[0. 1. 1. 1.]
 [0. 0. 0. 1.]
 [0. 1. 1. 0.]
 [0. 0. 1. 1.]
 [0. 1. 0. 0.]
 [0. 0. 0. 0.]
 [0. 0. 1. 0.]
 [1. 0. 0. 0.]]
action0:[7 0 0 0]
action1:[0 0 0 0]
sub_loc:
[[1. 0. 1. 0.]
 [0. 1. 1. 1.]
 [0. 1. 1. 1.]
 [1. 1. 0. 1.]
 [0. 1. 0. 1.]
 [0. 0. 1. 1.]
 [0. 0. 1. 1.]
 [0. 0. 1. 1.]]
action0:[3 2 7 5]
action1:[0 0 0 0]
sub_loc:
[[0. 0. 1. 1.]
 [1. 1. 0. 1.]
 [1. 1. 1. 1.]
 [0. 1. 0. 1.]
 [1. 1. 1. 1.]
 [0. 1. 0. 1.]
 [0. 0. 0. 0.]
 [1. 1. 0. 1.]]
action0:[4 3 0 3]
action1:[0 0 0 0]
sub_loc:
[[1. 1. 0. 1.]
 [1. 0. 1. 1.]
 [1. 1. 1. 1.]
 [1. 0. 1. 1.]
 [1. 1. 0. 1.]
 [1. 0. 1. 1.]
 [1. 0. 0. 1.]
 [1. 1. 1. 1.]]
action0:[4 0 2 4]
action1:[0 0 0 0]
sub_loc:
[[0. 0. 1. 1.]
 [1. 1. 0. 1.]
 [1. 1. 0. 0.]
 [0. 0. 1. 0.]
 [0. 1. 1. 0.]
 [0. 0. 0. 0.]
 [0. 0. 1. 0.]
 [1. 0. 0. 0.]]
action0:[1 2 4 1]
action1:[0 0 0 0]
sub_loc:
[[1. 1. 1. 0.]
 [1. 0. 0. 0.]
 [1. 1. 0. 1.]
 [1. 1. 0. 0.]
 [0. 0. 0. 0.]
 [0. 0. 0. 1.]
 [0. 0. 1. 0.]
 [0. 1. 0. 0.]]
action0:[1 7 6 5]
action1:[0 0 0 0]
sub_loc:
[[1. 0. 1. 0.]
 [0. 1. 0. 0.]
 [0. 1. 0. 1.]
 [0. 0. 1. 1.]
 [0. 1. 1. 1.]
 [1. 1. 0. 1.]
 [0. 1. 1. 1.]
 [0. 1. 0. 1.]]
action0:[0 6 0 3]
action1:[0 0 0 0]
sub_loc:
[[1. 0. 1. 1.]
 [0. 0. 0. 1.]
 [1. 0. 1. 1.]
 [0. 0. 1. 1.]
 [0. 0. 1. 1.]
 [0. 1. 1. 1.]
 [0. 0. 1. 1.]
 [0. 0. 1. 1.]]
action0:[2 5 5 0]
action1:[0 0 0 0]
sub_loc:
[[0. 1. 0. 1.]
 [1. 1. 0. 1.]
 [1. 1. 1. 1.]
 [1. 1. 1. 1.]
 [1. 1. 0. 1.]
 [1. 1. 1. 1.]
 [1. 0. 1. 1.]
 [1. 1. 0. 1.]]
action0:[7 5 5 6]
action1:[0 0 0 0]
sub_loc:
[[0. 0. 1. 1.]
 [0. 1. 0. 0.]
 [1. 1. 0. 1.]
 [1. 0. 0. 1.]
 [1. 0. 0. 1.]
 [1. 1. 0. 1.]
 [0. 1. 1. 1.]
 [0. 0. 0. 1.]]
action0:[2 5 6 5]
action1:[0 0 0 0]
sub_loc:
[[1. 1. 0. 0.]
 [0. 0. 0. 1.]
 [0. 1. 0. 1.]
 [1. 0. 1. 1.]
 [0. 0. 0. 1.]
 [1. 0. 0. 1.]
 [0. 1. 0. 1.]
 [0. 0. 0. 1.]]
action0:[3 0 3 7]
action1:[0 0 0 0]
sub_loc:
[[0. 0. 1. 0.]
 [0. 0. 1. 0.]
 [0. 1. 1. 1.]
 [0. 0. 0. 0.]
 [0. 0. 1. 0.]
 [1. 0. 0. 0.]
 [1. 0. 1. 1.]
 [0. 0. 0. 1.]]
action0:[6 2 4 6]
action1:[0 0 0 0]
sub_loc:
[[1. 1. 1. 0.]
 [0. 0. 1. 1.]
 [0. 1. 1. 0.]
 [0. 0. 1. 0.]
 [1. 0. 0. 1.]
 [0. 0. 0. 1.]
 [0. 0. 0. 0.]
 [0. 0. 0. 0.]]
action0:[0 2 1 1]
action1:[0 0 0 0]
sub_loc:
[[0. 0. 1. 0.]
 [0. 0. 1. 0.]
 [1. 0. 1. 0.]
 [1. 0. 0. 0.]
 [1. 1. 0. 0.]
 [0. 0. 0. 1.]
 [0. 1. 0. 0.]
 [0. 1. 0. 1.]]
action0:[4 4 0 5]
action1:[0 0 0 0]
sub_loc:
[[0. 1. 0. 0.]
 [1. 1. 0. 0.]
 [1. 0. 0. 0.]
 [0. 1. 1. 0.]
 [0. 0. 1. 1.]
 [1. 1. 1. 1.]
 [1. 0. 1. 0.]
 [1. 0. 0. 0.]]
action0:[5 0 5 4]
action1:[0 0 0 0]
sub_loc:
[[1. 1. 0. 0.]
 [1. 0. 0. 1.]
 [1. 0. 1. 1.]
 [1. 0. 0. 1.]
 [1. 1. 0. 1.]
 [0. 0. 1. 1.]
 [1. 1. 1. 1.]
 [1. 0. 0. 1.]]
action0:[7 6 5 1]
action1:[0 0 0 0]
sub_loc:
[[1. 0. 1. 0.]
 [1. 1. 1. 0.]
 [1. 1. 1. 0.]
 [1. 0. 1. 0.]
 [1. 0. 1. 1.]
 [1. 1. 0. 0.]
 [1. 1. 1. 1.]
 [1. 1. 1. 1.]]
action0:[5 5 3 6]
action1:[0 0 0 0]
sub_loc:
[[1. 1. 0. 1.]
 [1. 1. 1. 0.]
 [1. 0. 0. 0.]
 [1. 1. 1. 0.]
 [1. 1. 1. 0.]
 [0. 0. 1. 0.]
 [1. 1. 1. 1.]
 [1. 0. 1. 0.]]
action0:[3 3 6 0]
action1:[0 0 0 0]
sub_loc:
[[0. 0. 1. 1.]
 [1. 0. 1. 1.]
 [1. 1. 0. 1.]
 [1. 0. 1. 1.]
 [1. 1. 1. 1.]
 [1. 1. 1. 1.]
 [1. 0. 1. 0.]
 [1. 0. 1. 1.]]
action0:[4 2 0 5]
action1:[0 0 0 0]
sub_loc:
[[1. 1. 1. 0.]
 [0. 0. 0. 0.]
 [0. 0. 0. 1.]
 [0. 0. 0. 0.]
 [0. 0. 0. 1.]
 [0. 0. 1. 0.]
 [0. 1. 0. 0.]
 [1. 0. 0. 0.]]
action0:[0 0 5 2]
action1:[0 0 0 0]
sub_loc:
[[0. 1. 1. 0.]
 [0. 1. 1. 0.]
 [1. 1. 0. 0.]
 [0. 0. 1. 0.]
 [0. 0. 1. 0.]
 [0. 0. 0. 0.]
 [0. 0. 1. 0.]
 [1. 0. 0. 1.]]
action0:[2 2 3 7]
action1:[0 0 0 0]
sub_loc:
[[1. 0. 0. 0.]
 [1. 0. 0. 1.]
 [1. 1. 1. 1.]
 [1. 1. 0. 1.]
 [1. 0. 0. 0.]
 [1. 1. 1. 0.]
 [1. 0. 0. 0.]
 [1. 0. 0. 0.]]
action0:[0 2 2 3]
action1:[0 0 0 0]
sub_loc:
[[0. 1. 0. 1.]
 [1. 1. 1. 1.]
 [1. 1. 0. 1.]
 [0. 1. 0. 0.]
 [0. 1. 1. 1.]
 [1. 1. 1. 1.]
 [0. 1. 1. 1.]
 [0. 1. 1. 1.]]
action0:[1 2 5 1]
action1:[0 0 0 0]
sub_loc:
[[0. 0. 0. 1.]
 [1. 1. 0. 1.]
 [1. 1. 1. 0.]
 [1. 1. 0. 0.]
 [1. 1. 0. 0.]
 [1. 1. 1. 1.]
 [0. 1. 0. 0.]
 [0. 1. 0. 1.]]
action0:[5 5 5 0]
action1:[0 0 0 0]
sub_loc:
[[0. 0. 0. 0.]
 [1. 1. 0. 1.]
 [1. 1. 0. 1.]
 [1. 1. 1. 1.]
 [1. 1. 1. 0.]
 [1. 1. 1. 0.]
 [0. 0. 0. 1.]
 [1. 1. 1. 1.]]
action0:[2 2 3 1]
action1:[0 0 0 0]
sub_loc:
[[0. 1. 0. 1.]
 [1. 1. 1. 1.]
 [1. 1. 0. 1.]
 [1. 1. 1. 1.]
 [1. 1. 0. 1.]
 [1. 1. 1. 0.]
 [0. 0. 1. 1.]
 [1. 1. 0. 1.]]
action0:[2 7 3 3]
action1:[0 0 0 0]
sub_loc:
[[0. 1. 0. 1.]
 [1. 1. 1. 1.]
 [1. 1. 0. 0.]
 [1. 0. 1. 1.]
 [1. 0. 1. 1.]
 [0. 0. 1. 1.]
 [1. 0. 1. 0.]
 [1. 0. 1. 1.]]
action0:[4 2 3 7]
action1:[0 0 0 0]
sub_loc:
[[1. 1. 1. 1.]
 [1. 0. 1. 1.]
 [1. 1. 1. 1.]
 [0. 1. 1. 1.]
 [1. 1. 1. 1.]
 [1. 1. 1. 0.]
 [1. 1. 1. 1.]
 [1. 1. 1. 1.]]
action0:[1 3 6 2]
action1:[0 0 0 0]
sub_loc:
[[0. 0. 1. 1.]
 [1. 1. 0. 1.]
 [1. 0. 1. 0.]
 [1. 0. 0. 1.]
 [1. 0. 0. 1.]
 [1. 0. 0. 0.]
 [1. 0. 0. 1.]
 [1. 0. 1. 1.]]
action0:[7 1 2 1]
action1:[0 0 0 0]
sub_loc:
[[1. 0. 0. 1.]
 [0. 1. 1. 0.]
 [0. 1. 1. 0.]
 [1. 0. 1. 0.]
 [1. 1. 0. 0.]
 [0. 1. 1. 1.]
 [0. 0. 1. 1.]
 [1. 0. 1. 1.]]
action0:[3 5 7 5]
action1:[0 0 0 0]
sub_loc:
[[1. 0. 0. 0.]
 [1. 1. 1. 0.]
 [1. 0. 1. 0.]
 [1. 1. 0. 0.]
 [1. 0. 1. 0.]
 [0. 1. 1. 0.]
 [0. 1. 0. 1.]
 [1. 1. 0. 1.]]
action0:[1 1 5 6]
action1:[0 0 0 0]
sub_loc:
[[0. 0. 0. 1.]
 [1. 1. 1. 0.]
 [1. 0. 0. 0.]
 [1. 1. 0. 0.]
 [0. 1. 0. 1.]
 [1. 1. 0. 1.]
 [1. 0. 0. 1.]
 [1. 1. 1. 1.]]
action0:[5 7 1 4]
action1:[0 0 0 0]
sub_loc:
[[0. 0. 1. 1.]
 [0. 1. 0. 0.]
 [1. 1. 0. 1.]
 [0. 1. 0. 0.]
 [1. 1. 1. 0.]
 [0. 0. 1. 1.]
 [1. 1. 0. 0.]
 [1. 1. 0. 1.]]
action0:[2 4 0 2]
action1:[0 0 0 0]
sub_loc:
[[0. 0. 0. 1.]
 [0. 1. 1. 0.]
 [0. 1. 1. 0.]
 [1. 1. 0. 0.]
 [0. 1. 0. 1.]
 [1. 1. 1. 1.]
 [1. 0. 1. 0.]
 [0. 1. 0. 1.]]
action0:[3 3 6 0]
action1:[0 0 0 0]
sub_loc:
[[1. 1. 0. 0.]
 [0. 1. 0. 1.]
 [0. 0. 0. 0.]
 [0. 0. 1. 0.]
 [0. 0. 0. 1.]
 [0. 0. 1. 1.]
 [1. 1. 0. 0.]
 [1. 0. 1. 1.]]
action0:[0 0 7 5]
action1:[0 0 0 0]
sub_loc:
[[0. 1. 0. 1.]
 [0. 0. 0. 1.]
 [0. 1. 0. 0.]
 [0. 0. 0. 0.]
 [0. 1. 1. 0.]
 [1. 1. 1. 0.]
 [0. 1. 0. 0.]
 [0. 0. 0. 0.]]
action0:[5 0 5 1]
action1:[0 0 0 0]
sub_loc:
[[1. 0. 1. 1.]
 [1. 0. 1. 1.]
 [1. 1. 1. 0.]
 [1. 1. 1. 1.]
 [0. 1. 1. 1.]
 [1. 1. 1. 0.]
 [0. 1. 1. 1.]
 [0. 1. 1. 1.]]
action0:[0 6 1 0]
action1:[0 0 0 0]
sub_loc:
[[0. 1. 1. 1.]
 [0. 1. 0. 0.]
 [1. 1. 1. 1.]
 [1. 0. 0. 1.]
 [1. 0. 1. 0.]
 [1. 0. 0. 1.]
 [1. 0. 1. 1.]
 [0. 1. 1. 1.]]
action0:[2 0 7 0]
action1:[0 0 0 0]
sub_loc:
[[0. 0. 0. 0.]
 [1. 0. 1. 1.]
 [1. 1. 1. 0.]
 [0. 0. 1. 0.]
 [0. 0. 0. 0.]
 [0. 0. 1. 1.]
 [0. 0. 0. 0.]
 [1. 0. 1. 0.]]
action0:[2 2 5 5]
action1:[0 0 0 0]
sub_loc:
[[1. 0. 0. 0.]
 [0. 0. 1. 1.]
 [0. 1. 1. 1.]
 [0. 1. 1. 0.]
 [0. 1. 1. 1.]
 [1. 1. 1. 0.]
 [1. 0. 1. 1.]
 [0. 1. 1. 1.]]
action0:[6 7 7 6]
action1:[0 0 0 0]
sub_loc:
[[1. 1. 1. 1.]
 [0. 1. 1. 1.]
 [0. 0. 1. 1.]
 [1. 1. 1. 1.]
 [0. 1. 1. 1.]
 [1. 0. 1. 1.]
 [0. 1. 1. 1.]
 [0. 1. 0. 1.]]
action0:[3 0 6 2]
action1:[0 0 0 0]
sub_loc:
[[1. 0. 1. 1.]
 [0. 1. 0. 0.]
 [0. 1. 1. 0.]
 [1. 1. 1. 0.]
 [0. 1. 0. 0.]
 [0. 1. 0. 0.]
 [0. 1. 0. 1.]
 [0. 1. 0. 0.]]
action0:[0 5 0 0]
action1:[0 0 0 0]
sub_loc:
[[0. 0. 0. 1.]
 [1. 0. 1. 0.]
 [1. 1. 1. 0.]
 [1. 0. 0. 1.]
 [1. 1. 0. 0.]
 [1. 0. 0. 1.]
 [1. 0. 0. 0.]
 [0. 1. 0. 0.]]
action0:[2 4 1 3]
action1:[0 0 0 0]
sub_loc:
[[0. 0. 1. 0.]
 [1. 1. 0. 0.]
 [1. 1. 0. 1.]
 [1. 1. 0. 0.]
 [1. 1. 1. 0.]
 [1. 1. 1. 0.]
 [1. 1. 0. 1.]
 [1. 1. 0. 0.]]
action0:[1 4 5 6]
action1:[0 0 0 0]
sub_loc:
[[0. 0. 0. 1.]
 [0. 1. 0. 1.]
 [1. 0. 0. 1.]
 [0. 1. 0. 1.]
 [0. 0. 0. 1.]
 [0. 1. 1. 1.]
 [1. 0. 0. 1.]
 [1. 1. 1. 0.]]
action0:[6 7 7 6]
action1:[0 0 0 0]
sub_loc:
[[1. 1. 1. 1.]
 [1. 1. 1. 1.]
 [1. 1. 1. 1.]
 [0. 1. 1. 0.]
 [1. 0. 1. 1.]
 [1. 0. 0. 1.]
 [0. 1. 1. 1.]
 [1. 0. 1. 1.]]
action0:[2 3 6 1]
action1:[0 0 0 0]
sub_loc:
[[0. 1. 0. 0.]
 [1. 0. 0. 0.]
 [0. 0. 0. 0.]
 [0. 0. 1. 0.]
 [0. 1. 0. 0.]
 [0. 1. 0. 0.]
 [0. 0. 0. 1.]
 [0. 1. 0. 0.]]
action0:[1 4 3 6]
action1:[0 0 0 0]
sub_loc:
[[1. 1. 0. 0.]
 [1. 1. 1. 0.]
 [1. 0. 0. 0.]
 [1. 1. 1. 1.]
 [1. 1. 0. 0.]
 [1. 0. 1. 1.]
 [1. 0. 1. 1.]
 [1. 0. 0. 0.]]
action0:[3 0 5 6]
action1:[0 0 0 0]
sub_loc:
[[1. 1. 0. 0.]
 [0. 1. 1. 1.]
 [1. 0. 1. 1.]
 [0. 0. 1. 1.]
 [0. 1. 1. 1.]
 [0. 0. 0. 1.]
 [1. 0. 1. 1.]
 [1. 0. 1. 1.]]
action0:[0 4 7 6]
action1:[0 0 0 0]
sub_loc:
[[0. 0. 0. 1.]
 [1. 0. 1. 0.]
 [1. 1. 0. 1.]
 [1. 1. 0. 1.]
 [0. 1. 0. 1.]
 [1. 0. 1. 1.]
 [1. 1. 0. 1.]
 [0. 0. 1. 0.]]
action0:[1 2 5 2]
action1:[0 0 0 0]
sub_loc:
[[0. 1. 0. 0.]
 [1. 1. 0. 0.]
 [1. 1. 1. 1.]
 [1. 0. 1. 0.]
 [1. 0. 0. 0.]
 [1. 1. 0. 0.]
 [1. 0. 0. 1.]
 [1. 1. 0. 1.]]
action0:[7 5 2 7]
action1:[0 0 0 0]
sub_loc:
[[1. 0. 0. 0.]
 [1. 0. 0. 1.]
 [1. 0. 1. 0.]
 [1. 0. 1. 1.]
 [0. 0. 1. 1.]
 [1. 1. 1. 1.]
 [1. 0. 1. 0.]
 [0. 0. 0. 1.]]
action0:[2 5 3 4]
action1:[0 0 0 0]
sub_loc:
[[1. 0. 0. 0.]
 [0. 0. 1. 1.]
 [0. 0. 1. 0.]
 [0. 0. 1. 0.]
 [0. 1. 1. 1.]
 [1. 0. 1. 0.]
 [1. 0. 0. 1.]
 [0. 0. 1. 0.]]
action0:[5 4 3 6]
action1:[0 0 0 0]
sub_loc:
[[1. 1. 0. 0.]
 [0. 1. 1. 1.]
 [0. 1. 0. 1.]
 [0. 1. 1. 1.]
 [1. 1. 1. 1.]
 [0. 1. 1. 1.]
 [0. 1. 0. 0.]
 [0. 1. 1. 1.]]
action0:[0 7 4 3]
action1:[0 0 0 0]
sub_loc:
[[0. 0. 0. 0.]
 [0. 0. 1. 1.]
 [1. 0. 1. 1.]
 [0. 0. 1. 0.]
 [1. 0. 0. 0.]
 [1. 0. 1. 0.]
 [0. 1. 1. 0.]
 [0. 0. 0. 0.]]
action0:[2 6 6 2]
action1:[0 0 0 0]
sub_loc:
[[1. 1. 1. 0.]
 [0. 1. 1. 0.]
 [1. 1. 0. 1.]
 [1. 0. 0. 0.]
 [1. 0. 0. 1.]
 [0. 1. 0. 0.]
 [0. 1. 1. 1.]
 [1. 1. 0. 1.]]
action0:[2 0 1 6]
action1:[0 0 0 0]
sub_loc:
[[0. 1. 1. 0.]
 [1. 1. 1. 1.]
 [1. 1. 1. 0.]
 [1. 1. 1. 0.]
 [1. 1. 1. 0.]
 [1. 0. 1. 1.]
 [1. 1. 1. 1.]
 [1. 1. 1. 1.]]
action0:[5 2 0 7]
action1:[0 0 0 0]
sub_loc:
[[1. 0. 1. 0.]
 [0. 1. 1. 1.]
 [1. 1. 1. 1.]
 [1. 1. 1. 1.]
 [1. 1. 1. 1.]
 [0. 0. 1. 1.]
 [1. 1. 1. 1.]
 [0. 1. 1. 1.]]
action0:[0 6 6 5]
action1:[0 0 0 0]
sub_loc:
[[1. 1. 1. 1.]
 [1. 1. 1. 1.]
 [1. 1. 1. 1.]
 [0. 1. 1. 1.]
 [1. 0. 0. 1.]
 [1. 0. 0. 1.]
 [1. 1. 1. 1.]
 [1. 1. 1. 1.]]
action0:[4 3 7 0]
action1:[0 0 0 0]
sub_loc:
[[0. 0. 0. 0.]
 [1. 0. 0. 1.]
 [0. 0. 0. 0.]
 [0. 0. 0. 0.]
 [1. 0. 0. 0.]
 [1. 1. 1. 1.]
 [0. 0. 0. 1.]
 [0. 1. 0. 0.]]
action0:[1 7 5 6]
action1:[0 0 0 0]
sub_loc:
[[0. 0. 1. 1.]
 [0. 1. 1. 1.]
 [1. 1. 0. 1.]
 [1. 0. 0. 1.]
 [1. 1. 0. 0.]
 [0. 1. 1. 0.]
 [1. 1. 1. 1.]
 [1. 1. 1. 0.]]
action0:[6 7 6 3]
action1:[0 0 0 0]
sub_loc:
[[0. 1. 1. 1.]
 [0. 0. 0. 0.]
 [1. 0. 1. 0.]
 [1. 0. 0. 0.]
 [1. 0. 1. 0.]
 [1. 0. 1. 0.]
 [1. 1. 1. 1.]
 [1. 0. 0. 1.]]
action0:[5 6 2 0]
action1:[0 0 0 0]
sub_loc:
[[1. 1. 0. 0.]
 [1. 0. 1. 0.]
 [0. 0. 1. 1.]
 [1. 1. 1. 1.]
 [1. 0. 1. 1.]
 [0. 1. 1. 1.]
 [0. 0. 1. 1.]
 [0. 0. 1. 0.]]
action0:[1 5 4 4]
action1:[0 0 0 0]
sub_loc:
[[1. 1. 0. 1.]
 [1. 0. 1. 1.]
 [1. 0. 0. 1.]
 [0. 1. 0. 1.]
 [1. 0. 0. 1.]
 [1. 1. 0. 1.]
 [0. 0. 1. 1.]
 [1. 0. 1. 1.]]
action0:[5 0 7 0]
action1:[0 0 0 0]
sub_loc:
[[1. 0. 1. 1.]
 [1. 1. 1. 1.]
 [1. 1. 1. 1.]
 [1. 1. 1. 1.]
 [0. 1. 1. 1.]
 [1. 0. 1. 1.]
 [1. 0. 1. 1.]
 [0. 0. 1. 1.]]
action0:[1 3 5 6]
action1:[0 0 0 0]
sub_loc:
[[1. 0. 0. 0.]
 [1. 1. 1. 1.]
 [0. 1. 1. 1.]
 [0. 0. 1. 1.]
 [0. 0. 1. 1.]
 [0. 0. 1. 1.]
 [0. 1. 1. 1.]
 [0. 0. 1. 1.]]
action0:[0 2 2 3]
action1:[0 0 0 0]
sub_loc:
[[0. 1. 0. 1.]
 [0. 0. 0. 1.]
 [0. 0. 1. 1.]
 [1. 0. 0. 1.]
 [0. 0. 1. 1.]
 [0. 1. 1. 1.]
 [0. 0. 0. 1.]
 [0. 0. 1. 1.]]
action0:[3 0 2 5]
action1:[0 0 0 0]
sub_loc:
[[1. 0. 1. 1.]
 [1. 0. 1. 1.]
 [0. 1. 0. 0.]
 [0. 1. 0. 1.]
 [0. 0. 0. 0.]
 [1. 0. 1. 0.]
 [0. 0. 0. 0.]
 [0. 0. 0. 0.]]
action0:[5 2 0 0]
action1:[0 0 0 0]
sub_loc:
[[0. 0. 0. 0.]
 [0. 0. 0. 0.]
 [1. 0. 1. 0.]
 [0. 1. 0. 0.]
 [1. 1. 0. 0.]
 [1. 0. 0. 1.]
 [0. 0. 0. 1.]
 [0. 0. 0. 0.]]
action0:[4 3 2 5]
action1:[0 0 0 0]
sub_loc:
[[0. 0. 0. 1.]
 [0. 1. 1. 0.]
 [1. 0. 1. 0.]
 [0. 0. 1. 0.]
 [0. 0. 1. 0.]
 [0. 0. 1. 1.]
 [1. 0. 1. 0.]
 [1. 1. 1. 0.]]
action0:[7 7 3 5]
action1:[0 0 0 0]
sub_loc:
[[0. 1. 0. 1.]
 [0. 1. 1. 1.]
 [1. 1. 1. 1.]
 [0. 1. 0. 1.]
 [0. 0. 1. 1.]
 [0. 0. 0. 1.]
 [0. 1. 0. 1.]
 [0. 1. 1. 1.]]
action0:[2 6 7 6]
action1:[0 0 0 0]
sub_loc:
[[1. 0. 1. 0.]
 [1. 1. 0. 0.]
 [0. 1. 0. 1.]
 [0. 1. 1. 1.]
 [0. 1. 1. 1.]
 [0. 0. 1. 1.]
 [1. 1. 1. 1.]
 [0. 0. 1. 1.]]
action0:[1 2 5 2]
action1:[0 0 0 0]
sub_loc:
[[1. 0. 1. 0.]
 [1. 0. 0. 1.]
 [1. 1. 0. 0.]
 [1. 0. 1. 1.]
 [1. 1. 0. 0.]
 [1. 1. 0. 1.]
 [0. 1. 0. 1.]
 [1. 0. 0. 0.]]
action0:[3 5 0 1]
action1:[0 0 0 0]
sub_loc:
[[0. 1. 1. 0.]
 [1. 1. 1. 1.]
 [1. 1. 1. 1.]
 [1. 0. 0. 1.]
 [1. 1. 0. 1.]
 [1. 1. 1. 1.]
 [1. 0. 1. 1.]
 [1. 1. 0. 0.]]
action0:[6 7 0 4]
action1:[0 0 0 0]
sub_loc:
[[1. 1. 1. 0.]
 [1. 0. 1. 1.]
 [1. 1. 0. 1.]
 [0. 0. 0. 1.]
 [1. 1. 1. 1.]
 [1. 0. 0. 1.]
 [1. 1. 0. 1.]
 [1. 1. 1. 1.]]
action0:[7 4 7 4]
action1:[0 0 0 0]
sub_loc:
[[1. 1. 0. 0.]
 [1. 0. 1. 1.]
 [1. 1. 1. 1.]
 [1. 1. 1. 1.]
 [1. 1. 0. 1.]
 [1. 1. 0. 0.]
 [0. 1. 0. 1.]
 [1. 1. 1. 0.]]
action0:[1 5 1 3]
action1:[0 0 0 0]
sub_loc:
[[0. 1. 0. 0.]
 [1. 1. 0. 1.]
 [1. 1. 1. 1.]
 [1. 1. 0. 1.]
 [1. 0. 0. 1.]
 [1. 0. 1. 1.]
 [1. 0. 0. 1.]
 [1. 1. 1. 1.]]
action0:[2 1 2 2]
action1:[0 0 0 0]
sub_loc:
[[0. 1. 1. 0.]
 [0. 1. 0. 1.]
 [0. 1. 0. 1.]
 [1. 1. 0. 1.]
 [0. 1. 1. 1.]
 [0. 1. 0. 1.]
 [1. 1. 0. 1.]
 [0. 0. 0. 1.]]
action0:[6 4 0 6]
action1:[0 0 0 0]
sub_loc:
[[1. 0. 0. 0.]
 [0. 1. 1. 0.]
 [1. 0. 1. 0.]
 [0. 0. 0. 1.]
 [1. 0. 0. 1.]
 [1. 1. 1. 0.]
 [1. 0. 0. 0.]
 [1. 1. 1. 0.]]
action0:[0 7 7 4]
action1:[0 0 0 0]
sub_loc:
[[0. 0. 0. 1.]
 [0. 0. 1. 0.]
 [1. 1. 1. 0.]
 [1. 0. 1. 1.]
 [0. 1. 1. 0.]
 [1. 1. 0. 0.]
 [0. 0. 0. 0.]
 [0. 1. 0. 0.]]
action0:[2 2 2 3]
action1:[0 0 0 0]
sub_loc:
[[1. 0. 0. 1.]
 [1. 1. 1. 0.]
 [0. 1. 0. 0.]
 [1. 1. 1. 0.]
 [1. 0. 1. 1.]
 [0. 1. 1. 0.]
 [0. 0. 1. 0.]
 [1. 0. 1. 0.]]
action0:[0 2 4 4]
action1:[0 0 0 0]
sub_loc:
[[0. 1. 0. 0.]
 [0. 1. 0. 0.]
 [0. 1. 1. 0.]
 [0. 1. 1. 1.]
 [0. 1. 1. 0.]
 [0. 0. 1. 1.]
 [0. 1. 1. 0.]
 [1. 1. 1. 1.]]
action0:[7 6 3 3]
action1:[0 0 0 0]
sub_loc:
[[0. 0. 1. 0.]
 [1. 0. 1. 1.]
 [1. 1. 0. 1.]
 [1. 1. 0. 1.]
 [0. 0. 1. 1.]
 [1. 1. 1. 1.]
 [0. 0. 1. 0.]
 [1. 1. 1. 1.]]
action0:[2 5 4 2]
action1:[0 0 0 0]
sub_loc:
[[0. 0. 1. 1.]
 [0. 1. 1. 0.]
 [0. 1. 1. 1.]
 [1. 1. 1. 0.]
 [0. 1. 1. 1.]
 [0. 1. 1. 1.]
 [0. 1. 1. 1.]
 [1. 1. 0. 1.]]
action0:[3 4 3 5]
action1:[0 0 0 0]
sub_loc:
[[1. 1. 0. 0.]
 [1. 1. 1. 1.]
 [1. 0. 1. 1.]
 [1. 1. 1. 1.]
 [1. 1. 0. 0.]
 [1. 0. 1. 1.]
 [1. 1. 0. 1.]
 [1. 0. 0. 1.]]
action0:[1 0 3 6]
action1:[0 0 0 0]
sub_loc:
[[1. 1. 1. 0.]
 [1. 0. 1. 1.]
 [0. 1. 1. 1.]
 [0. 0. 0. 0.]
 [0. 1. 1. 0.]
 [0. 1. 0. 0.]
 [0. 1. 0. 1.]
 [1. 1. 0. 1.]]
action0:[7 6 2 7]
action1:[0 0 0 0]
sub_loc:
[[1. 0. 0. 0.]
 [1. 1. 1. 0.]
 [1. 1. 0. 1.]
 [1. 1. 1. 0.]
 [0. 0. 0. 0.]
 [1. 1. 1. 0.]
 [0. 1. 1. 0.]
 [1. 1. 0. 1.]]
action0:[0 1 1 7]
action1:[0 0 0 0]
sub_loc:
[[1. 0. 0. 0.]
 [1. 1. 1. 1.]
 [1. 1. 1. 1.]
 [1. 0. 1. 1.]
 [1. 0. 0. 1.]
 [0. 0. 0. 0.]
 [0. 0. 1. 1.]
 [1. 1. 1. 1.]]
action0:[7 1 3 1]
action1:[0 0 0 0]
sub_loc:
[[1. 0. 1. 1.]
 [1. 0. 0. 1.]
 [1. 0. 0. 1.]
 [0. 0. 0. 1.]
 [1. 1. 0. 1.]
 [1. 0. 0. 1.]
 [1. 1. 0. 1.]
 [1. 0. 1. 1.]]
action0:[5 4 7 6]
action1:[0 0 0 0]
sub_loc:
[[1. 0. 1. 1.]
 [1. 1. 1. 1.]
 [1. 1. 0. 1.]
 [1. 1. 0. 0.]
 [0. 1. 1. 1.]
 [0. 1. 1. 1.]
 [0. 0. 0. 1.]
 [0. 1. 1. 1.]]
action0:[1 2 1 4]
action1:[0 0 0 0]
sub_loc:
[[0. 0. 0. 0.]
 [1. 1. 1. 1.]
 [1. 1. 1. 0.]
 [1. 1. 1. 0.]
 [1. 1. 1. 0.]
 [1. 1. 0. 1.]
 [1. 1. 1. 0.]
 [1. 1. 1. 0.]]
action0:[1 4 1 5]
action1:[0 0 0 0]
sub_loc:
[[0. 1. 0. 1.]
 [1. 0. 1. 1.]
 [1. 1. 1. 0.]
 [1. 1. 1. 0.]
 [1. 0. 1. 0.]
 [1. 0. 1. 0.]
 [0. 1. 1. 0.]
 [1. 1. 1. 0.]]
action0:[7 6 3 1]
action1:[0 0 0 0]
sub_loc:
[[1. 0. 1. 0.]
 [1. 0. 0. 1.]
 [0. 0. 1. 0.]
 [0. 0. 0. 1.]
 [0. 0. 0. 1.]
 [1. 1. 1. 1.]
 [1. 1. 1. 1.]
 [0. 1. 0. 1.]]
action0:[0 5 6 1]
action1:[0 0 0 0]
sub_loc:
[[0. 1. 1. 0.]
 [1. 0. 0. 1.]
 [1. 0. 1. 0.]
 [1. 0. 0. 1.]
 [1. 1. 0. 0.]
 [0. 0. 0. 1.]
 [0. 0. 0. 0.]
 [1. 0. 0. 0.]]
action0:[2 4 0 1]
action1:[0 0 0 0]
sub_loc:
[[0. 1. 1. 0.]
 [1. 1. 1. 1.]
 [1. 1. 0. 0.]
 [1. 0. 1. 0.]
 [1. 0. 0. 0.]
 [1. 0. 0. 1.]
 [1. 0. 1. 0.]
 [1. 0. 1. 1.]]
action0:[6 0 7 1]
action1:[0 0 0 0]
sub_loc:
[[0. 0. 1. 1.]
 [1. 1. 1. 1.]
 [1. 0. 0. 1.]
 [1. 0. 0. 1.]
 [1. 0. 0. 1.]
 [1. 0. 1. 1.]
 [1. 0. 1. 1.]
 [0. 0. 1. 1.]]
action0:[2 1 7 2]
action1:[0 0 0 0]
sub_loc:
[[1. 1. 1. 0.]
 [0. 1. 1. 0.]
 [0. 1. 1. 1.]
 [0. 1. 1. 1.]
 [1. 0. 1. 1.]
 [1. 0. 1. 0.]
 [1. 1. 1. 1.]
 [0. 0. 1. 1.]]
action0:[0 6 7 2]
action1:[0 0 0 0]
sub_loc:
[[1. 1. 1. 0.]
 [1. 1. 1. 0.]
 [1. 1. 0. 1.]
 [1. 1. 0. 1.]
 [1. 1. 1. 1.]
 [1. 1. 0. 1.]
 [1. 0. 0. 1.]
 [1. 0. 1. 1.]]
action0:[6 3 4 5]
action1:[0 0 0 0]
sub_loc:
[[1. 0. 1. 0.]
 [0. 1. 0. 0.]
 [0. 1. 0. 1.]
 [1. 1. 0. 0.]
 [1. 1. 1. 1.]
 [1. 1. 0. 1.]
 [1. 0. 1. 1.]
 [1. 1. 0. 0.]]
action0:[0 5 6 5]
action1:[0 0 0 0]
sub_loc:
[[1. 1. 0. 0.]
 [0. 0. 1. 1.]
 [1. 1. 1. 0.]
 [0. 1. 1. 1.]
 [0. 0. 1. 1.]
 [0. 0. 1. 0.]
 [0. 0. 1. 1.]
 [0. 0. 1. 1.]]
action0:[2 0 7 3]
action1:[0 0 0 0]
sub_loc:
[[1. 0. 0. 0.]
 [1. 1. 0. 1.]
 [0. 1. 0. 0.]
 [0. 0. 1. 1.]
 [0. 0. 1. 0.]
 [0. 1. 1. 0.]
 [0. 1. 1. 1.]
 [0. 1. 0. 0.]]
action0:[1 1 6 6]
action1:[0 0 0 0]
sub_loc:
[[0. 1. 0. 1.]
 [0. 0. 0. 1.]
 [0. 1. 0. 1.]
 [1. 1. 0. 1.]
 [1. 1. 0. 1.]
 [0. 0. 1. 1.]
 [0. 0. 0. 1.]
 [0. 0. 1. 1.]]
action0:[3 3 7 3]
action1:[0 0 0 0]
sub_loc:
[[0. 1. 1. 0.]
 [1. 0. 1. 0.]
 [1. 0. 0. 1.]
 [1. 0. 0. 0.]
 [1. 1. 0. 0.]
 [1. 1. 0. 1.]
 [1. 0. 1. 0.]
 [1. 0. 1. 0.]]
action0:[4 4 6 2]
action1:[0 0 0 0]
sub_loc:
[[1. 1. 0. 0.]
 [0. 0. 1. 0.]
 [0. 0. 1. 0.]
 [0. 0. 1. 0.]
 [0. 1. 1. 1.]
 [0. 0. 1. 0.]
 [1. 0. 1. 0.]
 [0. 1. 1. 0.]]
action0:[6 7 7 4]
action1:[0 0 0 0]
sub_loc:
[[0. 0. 0. 0.]
 [1. 1. 0. 1.]
 [0. 1. 1. 1.]
 [0. 1. 0. 0.]
 [1. 1. 1. 0.]
 [1. 1. 0. 0.]
 [0. 1. 0. 0.]
 [0. 1. 0. 0.]]
action0:[5 3 2 1]
action1:[0 0 0 0]
sub_loc:
[[1. 1. 0. 0.]
 [1. 0. 1. 1.]
 [0. 0. 1. 1.]
 [0. 0. 1. 1.]
 [0. 1. 1. 1.]
 [1. 1. 0. 1.]
 [0. 1. 1. 1.]
 [0. 0. 1. 1.]]
action0:[1 6 7 2]
action1:[0 0 0 0]
sub_loc:
[[0. 0. 0. 0.]
 [1. 0. 1. 1.]
 [1. 1. 0. 1.]
 [0. 0. 0. 1.]
 [0. 0. 1. 1.]
 [0. 0. 1. 1.]
 [0. 0. 0. 1.]
 [1. 0. 1. 1.]]
action0:[7 2 7 7]
action1:[0 0 0 0]
sub_loc:
[[1. 1. 0. 1.]
 [0. 1. 1. 1.]
 [0. 1. 1. 1.]
 [0. 0. 1. 1.]
 [1. 1. 1. 1.]
 [0. 1. 0. 1.]
 [0. 1. 1. 1.]
 [1. 1. 1. 1.]]
action0:[7 1 1 5]
action1:[0 0 0 0]
sub_loc:
[[0. 0. 1. 0.]
 [1. 1. 0. 0.]
 [0. 0. 1. 0.]
 [0. 0. 1. 0.]
 [0. 0. 1. 0.]
 [0. 1. 0. 1.]
 [1. 0. 1. 0.]
 [0. 1. 0. 0.]]
action0:[6 7 6 5]
action1:[0 0 0 0]
sub_loc:
[[1. 0. 1. 0.]
 [0. 1. 0. 0.]
 [0. 0. 0. 0.]
 [0. 1. 0. 1.]
 [0. 0. 0. 0.]
 [0. 1. 0. 1.]
 [0. 1. 1. 0.]
 [1. 1. 0. 1.]]
action0:[0 5 0 3]
action1:[0 0 0 0]
sub_loc:
[[0. 0. 0. 0.]
 [1. 1. 1. 1.]
 [1. 1. 0. 1.]
 [0. 1. 1. 0.]
 [1. 1. 1. 0.]
 [0. 0. 1. 0.]
 [1. 0. 1. 0.]
 [1. 1. 1. 1.]]
action0:[2 4 7 7]
action1:[0 0 0 0]
success
21076.386148603004 24564.138187211407
