episode:10, reward:1.0951182058256193
episode:20, reward:-0.2813982890576589
success
episode:30, reward:1.196226074892748
episode:40, reward:1.2769484198547418
success
episode:50, reward:1.4018387932751633
episode:60, reward:1.070433569416731
success
episode:70, reward:1.3416704506343766
episode:80, reward:1.5376684766783277
success
episode:90, reward:1.4335573429692063
episode:100, reward:1.5973495446581996
success
episode:110, reward:1.6270725449629677
episode:120, reward:1.4415613479967855
episode:130, reward:1.5977757799373824
success
episode:140, reward:1.2889779841547195
episode:150, reward:1.5473487191569626
success
episode:160, reward:1.484720399496213
episode:170, reward:1.5486240938500577
success
episode:180, reward:1.478366773410294
episode:190, reward:1.7121509300930575
success
episode:200, reward:1.6060858753990321
episode:210, reward:1.6677832989905603
success
episode:220, reward:1.6812607486797078
episode:230, reward:1.6668182270218692
episode:240, reward:1.6628567202922464
success
episode:250, reward:1.426161910083173
episode:260, reward:1.6095655765585977
success
episode:270, reward:1.5532692985526277
episode:280, reward:1.650035658154664
success
episode:290, reward:1.4666233403156375
episode:300, reward:1.6810554013237362
sub_loc:
[[1. 1.]
 [1. 1.]
 [1. 0.]
 [1. 1.]]
action0:[1 0]
action1:[0 1]
sub_loc:
[[1. 0.]
 [0. 1.]
 [1. 1.]
 [1. 1.]]
action0:[0 3]
action1:[1 0]
sub_loc:
[[0. 0.]
 [1. 1.]
 [0. 1.]
 [1. 0.]]
action0:[1 1]
action1:[1 0]
sub_loc:
[[1. 0.]
 [0. 0.]
 [1. 1.]
 [0. 1.]]
action0:[0 3]
action1:[1 0]
sub_loc:
[[1. 0.]
 [0. 0.]
 [1. 1.]
 [1. 0.]]
action0:[0 2]
action1:[0 1]
sub_loc:
[[1. 1.]
 [1. 1.]
 [1. 1.]
 [1. 1.]]
action0:[1 0]
action1:[1 0]
sub_loc:
[[1. 1.]
 [1. 1.]
 [0. 1.]
 [0. 0.]]
action0:[1 1]
action1:[1 0]
sub_loc:
[[1. 0.]
 [0. 0.]
 [1. 1.]
 [1. 1.]]
action0:[3 3]
action1:[1 0]
sub_loc:
[[1. 0.]
 [0. 0.]
 [0. 1.]
 [1. 1.]]
action0:[3 3]
action1:[1 0]
sub_loc:
[[1. 1.]
 [0. 1.]
 [0. 0.]
 [1. 1.]]
action0:[0 3]
action1:[1 0]
sub_loc:
[[1. 0.]
 [0. 1.]
 [1. 0.]
 [0. 0.]]
action0:[0 1]
action1:[0 1]
sub_loc:
[[0. 0.]
 [1. 1.]
 [1. 1.]
 [1. 1.]]
action0:[1 3]
action1:[1 0]
sub_loc:
[[0. 1.]
 [0. 0.]
 [1. 0.]
 [1. 1.]]
action0:[3 0]
action1:[0 1]
sub_loc:
[[1. 1.]
 [1. 1.]
 [1. 1.]
 [1. 0.]]
action0:[1 2]
action1:[0 1]
sub_loc:
[[0. 1.]
 [1. 1.]
 [1. 0.]
 [0. 1.]]
action0:[1 0]
action1:[0 1]
sub_loc:
[[0. 0.]
 [0. 1.]
 [1. 0.]
 [0. 1.]]
action0:[2 3]
action1:[1 0]
sub_loc:
[[0. 0.]
 [0. 1.]
 [1. 1.]
 [0. 0.]]
action0:[2 1]
action1:[1 0]
sub_loc:
[[1. 0.]
 [1. 1.]
 [1. 1.]
 [1. 0.]]
action0:[1 1]
action1:[1 0]
sub_loc:
[[0. 1.]
 [1. 0.]
 [1. 1.]
 [1. 1.]]
action0:[1 0]
action1:[1 0]
sub_loc:
[[0. 0.]
 [1. 1.]
 [1. 1.]
 [1. 1.]]
action0:[3 1]
action1:[1 0]
sub_loc:
[[1. 0.]
 [1. 1.]
 [0. 1.]
 [0. 0.]]
action0:[1 2]
action1:[1 0]
sub_loc:
[[0. 0.]
 [1. 1.]
 [1. 1.]
 [1. 1.]]
action0:[1 3]
action1:[0 1]
sub_loc:
[[1. 1.]
 [0. 0.]
 [0. 1.]
 [1. 0.]]
action0:[0 0]
action1:[1 0]
sub_loc:
[[1. 1.]
 [0. 0.]
 [0. 1.]
 [1. 0.]]
action0:[0 0]
action1:[1 0]
sub_loc:
[[0. 1.]
 [1. 1.]
 [0. 1.]
 [0. 0.]]
action0:[1 0]
action1:[0 1]
sub_loc:
[[1. 0.]
 [1. 0.]
 [0. 1.]
 [1. 0.]]
action0:[1 2]
action1:[0 1]
sub_loc:
[[1. 0.]
 [1. 1.]
 [1. 1.]
 [0. 1.]]
action0:[0 3]
action1:[0 1]
sub_loc:
[[1. 1.]
 [0. 1.]
 [1. 1.]
 [1. 1.]]
action0:[0 0]
action1:[1 0]
sub_loc:
[[0. 0.]
 [1. 1.]
 [0. 0.]
 [0. 0.]]
action0:[1 1]
action1:[0 1]
sub_loc:
[[1. 1.]
 [0. 1.]
 [1. 1.]
 [1. 0.]]
action0:[3 0]
action1:[1 0]
sub_loc:
[[1. 1.]
 [0. 1.]
 [0. 1.]
 [1. 1.]]
action0:[3 1]
action1:[1 0]
sub_loc:
[[1. 0.]
 [1. 0.]
 [1. 0.]
 [1. 1.]]
action0:[1 3]
action1:[1 0]
sub_loc:
[[0. 0.]
 [1. 0.]
 [1. 0.]
 [1. 1.]]
action0:[1 3]
action1:[1 0]
sub_loc:
[[0. 0.]
 [0. 0.]
 [0. 1.]
 [1. 0.]]
action0:[3 2]
action1:[0 1]
sub_loc:
[[0. 0.]
 [1. 1.]
 [1. 1.]
 [1. 1.]]
action0:[1 3]
action1:[1 0]
sub_loc:
[[0. 0.]
 [1. 1.]
 [0. 0.]
 [1. 1.]]
action0:[1 1]
action1:[0 1]
sub_loc:
[[1. 1.]
 [1. 0.]
 [1. 0.]
 [1. 1.]]
action0:[1 0]
action1:[1 0]
sub_loc:
[[0. 0.]
 [0. 1.]
 [1. 1.]
 [0. 0.]]
action0:[2 1]
action1:[1 0]
sub_loc:
[[0. 0.]
 [0. 0.]
 [1. 1.]
 [1. 0.]]
action0:[3 2]
action1:[0 1]
sub_loc:
[[0. 0.]
 [0. 1.]
 [0. 1.]
 [1. 1.]]
action0:[3 1]
action1:[1 0]
sub_loc:
[[1. 1.]
 [1. 1.]
 [0. 1.]
 [1. 1.]]
action0:[1 0]
action1:[1 0]
sub_loc:
[[0. 1.]
 [1. 1.]
 [1. 0.]
 [1. 1.]]
action0:[1 0]
action1:[1 0]
sub_loc:
[[1. 0.]
 [1. 0.]
 [1. 1.]
 [1. 1.]]
action0:[1 3]
action1:[1 0]
sub_loc:
[[0. 0.]
 [1. 0.]
 [1. 0.]
 [1. 1.]]
action0:[1 3]
action1:[1 0]
sub_loc:
[[1. 0.]
 [0. 0.]
 [1. 1.]
 [1. 1.]]
action0:[0 3]
action1:[1 0]
sub_loc:
[[0. 1.]
 [1. 1.]
 [0. 1.]
 [1. 1.]]
action0:[1 0]
action1:[1 0]
sub_loc:
[[1. 1.]
 [1. 1.]
 [0. 0.]
 [1. 0.]]
action0:[0 0]
action1:[1 0]
sub_loc:
[[0. 1.]
 [1. 1.]
 [0. 1.]
 [0. 1.]]
action0:[1 0]
action1:[1 0]
sub_loc:
[[1. 1.]
 [0. 0.]
 [1. 0.]
 [0. 1.]]
action0:[0 3]
action1:[0 1]
sub_loc:
[[0. 1.]
 [0. 1.]
 [1. 0.]
 [1. 0.]]
action0:[3 0]
action1:[1 0]
sub_loc:
[[1. 1.]
 [0. 1.]
 [1. 1.]
 [1. 1.]]
action0:[0 0]
action1:[0 1]
sub_loc:
[[1. 1.]
 [1. 0.]
 [0. 1.]
 [0. 0.]]
action0:[1 0]
action1:[1 0]
sub_loc:
[[0. 1.]
 [1. 1.]
 [0. 1.]
 [0. 1.]]
action0:[1 0]
action1:[1 0]
sub_loc:
[[1. 1.]
 [1. 1.]
 [0. 1.]
 [1. 1.]]
action0:[1 3]
action1:[1 0]
sub_loc:
[[0. 0.]
 [0. 0.]
 [1. 1.]
 [0. 0.]]
action0:[2 2]
action1:[1 0]
sub_loc:
[[0. 0.]
 [1. 1.]
 [1. 0.]
 [1. 0.]]
action0:[1 1]
action1:[0 1]
sub_loc:
[[0. 0.]
 [1. 1.]
 [1. 1.]
 [0. 0.]]
action0:[1 1]
action1:[1 0]
sub_loc:
[[0. 0.]
 [0. 0.]
 [1. 1.]
 [1. 0.]]
action0:[3 2]
action1:[1 0]
sub_loc:
[[0. 1.]
 [0. 1.]
 [1. 1.]
 [1. 1.]]
action0:[3 0]
action1:[1 0]
sub_loc:
[[0. 0.]
 [1. 1.]
 [1. 0.]
 [1. 0.]]
action0:[1 1]
action1:[1 0]
sub_loc:
[[1. 0.]
 [1. 0.]
 [1. 1.]
 [1. 1.]]
action0:[1 3]
action1:[1 0]
sub_loc:
[[1. 1.]
 [1. 1.]
 [1. 1.]
 [1. 0.]]
action0:[1 1]
action1:[0 1]
sub_loc:
[[0. 0.]
 [1. 1.]
 [0. 1.]
 [1. 1.]]
action0:[1 3]
action1:[1 0]
sub_loc:
[[1. 1.]
 [0. 0.]
 [1. 0.]
 [1. 1.]]
action0:[3 0]
action1:[1 0]
sub_loc:
[[0. 1.]
 [1. 1.]
 [1. 1.]
 [1. 0.]]
action0:[1 0]
action1:[0 1]
sub_loc:
[[1. 0.]
 [0. 1.]
 [1. 1.]
 [1. 0.]]
action0:[3 1]
action1:[0 1]
sub_loc:
[[0. 1.]
 [0. 1.]
 [1. 0.]
 [0. 1.]]
action0:[2 0]
action1:[1 0]
sub_loc:
[[1. 1.]
 [1. 1.]
 [1. 1.]
 [0. 1.]]
action0:[1 3]
action1:[1 0]
sub_loc:
[[0. 1.]
 [1. 1.]
 [0. 0.]
 [0. 0.]]
action0:[1 0]
action1:[0 1]
sub_loc:
[[0. 0.]
 [1. 0.]
 [0. 1.]
 [1. 1.]]
action0:[1 3]
action1:[1 0]
sub_loc:
[[1. 1.]
 [1. 1.]
 [1. 1.]
 [1. 0.]]
action0:[1 0]
action1:[1 0]
sub_loc:
[[1. 0.]
 [1. 0.]
 [1. 0.]
 [1. 1.]]
action0:[1 3]
action1:[1 0]
sub_loc:
[[1. 0.]
 [0. 1.]
 [1. 1.]
 [1. 1.]]
action0:[0 3]
action1:[0 1]
sub_loc:
[[0. 0.]
 [0. 1.]
 [1. 1.]
 [0. 1.]]
action0:[2 3]
action1:[0 1]
sub_loc:
[[0. 1.]
 [1. 1.]
 [1. 1.]
 [1. 1.]]
action0:[1 3]
action1:[1 0]
sub_loc:
[[0. 0.]
 [1. 1.]
 [0. 0.]
 [1. 0.]]
action0:[1 1]
action1:[0 1]
sub_loc:
[[1. 0.]
 [1. 0.]
 [0. 1.]
 [0. 0.]]
action0:[1 2]
action1:[1 0]
sub_loc:
[[0. 1.]
 [0. 0.]
 [1. 0.]
 [0. 1.]]
action0:[2 3]
action1:[1 0]
sub_loc:
[[1. 1.]
 [0. 1.]
 [1. 0.]
 [1. 0.]]
action0:[0 1]
action1:[1 0]
sub_loc:
[[0. 0.]
 [0. 1.]
 [0. 0.]
 [1. 0.]]
action0:[3 1]
action1:[1 0]
sub_loc:
[[0. 0.]
 [0. 0.]
 [1. 0.]
 [0. 1.]]
action0:[2 3]
action1:[1 0]
sub_loc:
[[1. 1.]
 [0. 1.]
 [1. 1.]
 [1. 1.]]
action0:[0 0]
action1:[1 0]
sub_loc:
[[0. 0.]
 [1. 1.]
 [1. 1.]
 [1. 1.]]
action0:[1 1]
action1:[1 0]
sub_loc:
[[1. 0.]
 [1. 1.]
 [0. 1.]
 [1. 1.]]
action0:[1 3]
action1:[1 0]
sub_loc:
[[1. 1.]
 [1. 1.]
 [1. 1.]
 [0. 1.]]
action0:[1 3]
action1:[1 0]
sub_loc:
[[1. 0.]
 [1. 1.]
 [1. 1.]
 [1. 1.]]
action0:[1 3]
action1:[0 1]
sub_loc:
[[0. 0.]
 [1. 1.]
 [1. 1.]
 [0. 0.]]
action0:[1 1]
action1:[1 0]
sub_loc:
[[1. 0.]
 [1. 1.]
 [1. 1.]
 [1. 1.]]
action0:[1 3]
action1:[1 0]
sub_loc:
[[1. 0.]
 [1. 1.]
 [0. 0.]
 [0. 1.]]
action0:[1 3]
action1:[1 0]
sub_loc:
[[0. 1.]
 [0. 1.]
 [1. 1.]
 [1. 1.]]
action0:[3 0]
action1:[0 1]
sub_loc:
[[0. 0.]
 [1. 1.]
 [1. 1.]
 [0. 1.]]
action0:[1 3]
action1:[1 0]
sub_loc:
[[1. 0.]
 [1. 1.]
 [0. 1.]
 [0. 1.]]
action0:[0 3]
action1:[1 0]
sub_loc:
[[0. 1.]
 [1. 1.]
 [1. 1.]
 [1. 1.]]
action0:[1 0]
action1:[1 0]
sub_loc:
[[0. 1.]
 [1. 0.]
 [1. 1.]
 [1. 1.]]
action0:[1 0]
action1:[0 1]
sub_loc:
[[1. 1.]
 [0. 1.]
 [0. 1.]
 [1. 1.]]
action0:[0 0]
action1:[1 0]
sub_loc:
[[1. 1.]
 [1. 1.]
 [1. 1.]
 [1. 0.]]
action0:[1 0]
action1:[1 0]
sub_loc:
[[0. 0.]
 [1. 0.]
 [1. 1.]
 [0. 1.]]
action0:[1 3]
action1:[1 0]
sub_loc:
[[0. 1.]
 [1. 0.]
 [0. 1.]
 [0. 1.]]
action0:[1 0]
action1:[1 0]
sub_loc:
[[1. 0.]
 [1. 1.]
 [1. 1.]
 [1. 1.]]
action0:[1 3]
action1:[1 0]
sub_loc:
[[0. 0.]
 [1. 1.]
 [1. 1.]
 [0. 1.]]
action0:[1 3]
action1:[1 0]
sub_loc:
[[0. 0.]
 [1. 1.]
 [1. 1.]
 [1. 1.]]
action0:[1 3]
action1:[1 0]
sub_loc:
[[0. 1.]
 [1. 0.]
 [1. 1.]
 [1. 1.]]
action0:[1 3]
action1:[1 0]
sub_loc:
[[0. 0.]
 [0. 1.]
 [1. 0.]
 [1. 0.]]
action0:[3 1]
action1:[0 1]
sub_loc:
[[1. 1.]
 [1. 1.]
 [1. 1.]
 [0. 1.]]
action0:[1 0]
action1:[0 1]
sub_loc:
[[0. 1.]
 [1. 0.]
 [0. 0.]
 [1. 1.]]
action0:[3 0]
action1:[1 0]
sub_loc:
[[0. 0.]
 [1. 1.]
 [1. 0.]
 [1. 0.]]
action0:[1 1]
action1:[1 0]
sub_loc:
[[1. 0.]
 [0. 0.]
 [1. 0.]
 [0. 1.]]
action0:[0 3]
action1:[1 0]
sub_loc:
[[1. 0.]
 [1. 1.]
 [1. 1.]
 [1. 0.]]
action0:[1 1]
action1:[1 0]
sub_loc:
[[1. 0.]
 [0. 1.]
 [1. 1.]
 [0. 1.]]
action0:[0 1]
action1:[0 1]
sub_loc:
[[1. 0.]
 [1. 1.]
 [0. 1.]
 [1. 1.]]
action0:[1 3]
action1:[1 0]
sub_loc:
[[1. 0.]
 [1. 1.]
 [0. 1.]
 [1. 1.]]
action0:[1 3]
action1:[1 0]
sub_loc:
[[1. 0.]
 [0. 1.]
 [0. 0.]
 [1. 1.]]
action0:[0 3]
action1:[1 0]
sub_loc:
[[0. 0.]
 [1. 0.]
 [1. 1.]
 [1. 0.]]
action0:[1 2]
action1:[1 0]
sub_loc:
[[1. 1.]
 [1. 0.]
 [0. 1.]
 [1. 1.]]
action0:[1 0]
action1:[1 0]
sub_loc:
[[0. 0.]
 [0. 0.]
 [1. 1.]
 [0. 0.]]
action0:[2 2]
action1:[0 1]
sub_loc:
[[0. 1.]
 [1. 1.]
 [0. 1.]
 [0. 0.]]
action0:[1 0]
action1:[1 0]
sub_loc:
[[0. 1.]
 [1. 0.]
 [1. 1.]
 [1. 1.]]
action0:[1 0]
action1:[1 0]
sub_loc:
[[0. 0.]
 [1. 1.]
 [0. 1.]
 [0. 1.]]
action0:[1 3]
action1:[1 0]
sub_loc:
[[0. 0.]
 [1. 0.]
 [1. 1.]
 [1. 0.]]
action0:[1 2]
action1:[1 0]
sub_loc:
[[0. 1.]
 [1. 1.]
 [1. 1.]
 [0. 0.]]
action0:[1 0]
action1:[0 1]
sub_loc:
[[0. 1.]
 [1. 1.]
 [0. 1.]
 [1. 0.]]
action0:[1 0]
action1:[1 0]
sub_loc:
[[1. 1.]
 [1. 1.]
 [1. 0.]
 [1. 0.]]
action0:[1 0]
action1:[1 0]
sub_loc:
[[1. 0.]
 [1. 1.]
 [1. 1.]
 [1. 1.]]
action0:[1 3]
action1:[1 0]
sub_loc:
[[0. 1.]
 [1. 0.]
 [1. 1.]
 [1. 0.]]
action0:[1 0]
action1:[0 1]
sub_loc:
[[0. 1.]
 [1. 1.]
 [1. 1.]
 [1. 1.]]
action0:[1 0]
action1:[1 0]
sub_loc:
[[1. 1.]
 [1. 0.]
 [0. 1.]
 [0. 1.]]
action0:[1 0]
action1:[1 0]
sub_loc:
[[1. 0.]
 [1. 1.]
 [1. 1.]
 [1. 1.]]
action0:[1 3]
action1:[1 0]
sub_loc:
[[1. 0.]
 [0. 1.]
 [0. 1.]
 [1. 1.]]
action0:[0 3]
action1:[1 0]
sub_loc:
[[1. 1.]
 [0. 1.]
 [1. 1.]
 [1. 1.]]
action0:[0 0]
action1:[1 0]
sub_loc:
[[0. 1.]
 [1. 1.]
 [0. 1.]
 [0. 1.]]
action0:[1 0]
action1:[1 0]
sub_loc:
[[1. 1.]
 [0. 1.]
 [1. 0.]
 [1. 0.]]
action0:[3 0]
action1:[1 0]
sub_loc:
[[1. 1.]
 [0. 1.]
 [1. 0.]
 [0. 0.]]
action0:[0 1]
action1:[1 0]
sub_loc:
[[0. 1.]
 [1. 1.]
 [1. 1.]
 [1. 1.]]
action0:[1 3]
action1:[0 1]
sub_loc:
[[0. 0.]
 [1. 1.]
 [0. 1.]
 [1. 0.]]
action0:[1 1]
action1:[1 0]
sub_loc:
[[1. 0.]
 [1. 1.]
 [1. 1.]
 [1. 0.]]
action0:[1 1]
action1:[0 1]
sub_loc:
[[0. 0.]
 [1. 1.]
 [0. 0.]
 [0. 1.]]
action0:[1 3]
action1:[1 0]
sub_loc:
[[0. 1.]
 [0. 0.]
 [1. 1.]
 [1. 1.]]
action0:[3 0]
action1:[1 0]
sub_loc:
[[1. 0.]
 [0. 1.]
 [0. 0.]
 [1. 0.]]
action0:[0 1]
action1:[1 0]
sub_loc:
[[1. 1.]
 [0. 1.]
 [1. 0.]
 [0. 0.]]
action0:[0 0]
action1:[1 0]
sub_loc:
[[1. 1.]
 [1. 1.]
 [0. 1.]
 [0. 1.]]
action0:[1 0]
action1:[0 1]
sub_loc:
[[1. 0.]
 [1. 1.]
 [1. 1.]
 [1. 1.]]
action0:[1 3]
action1:[0 1]
sub_loc:
[[0. 0.]
 [1. 1.]
 [1. 1.]
 [1. 0.]]
action0:[1 1]
action1:[1 0]
sub_loc:
[[0. 0.]
 [1. 1.]
 [1. 1.]
 [0. 1.]]
action0:[1 3]
action1:[1 0]
sub_loc:
[[1. 0.]
 [0. 0.]
 [0. 1.]
 [1. 1.]]
action0:[0 3]
action1:[0 1]
sub_loc:
[[1. 1.]
 [1. 1.]
 [1. 1.]
 [0. 1.]]
action0:[0 0]
action1:[1 0]
sub_loc:
[[0. 0.]
 [0. 1.]
 [0. 1.]
 [1. 0.]]
action0:[3 1]
action1:[1 0]
sub_loc:
[[0. 0.]
 [1. 1.]
 [1. 0.]
 [1. 1.]]
action0:[1 3]
action1:[1 0]
sub_loc:
[[1. 1.]
 [1. 1.]
 [0. 0.]
 [1. 1.]]
action0:[1 0]
action1:[0 1]
sub_loc:
[[0. 0.]
 [0. 1.]
 [1. 1.]
 [1. 0.]]
action0:[3 1]
action1:[1 0]
sub_loc:
[[0. 0.]
 [1. 0.]
 [1. 1.]
 [1. 1.]]
action0:[1 3]
action1:[0 1]
sub_loc:
[[1. 1.]
 [0. 1.]
 [0. 1.]
 [1. 1.]]
action0:[0 0]
action1:[1 0]
sub_loc:
[[0. 0.]
 [1. 1.]
 [1. 1.]
 [1. 1.]]
action0:[1 3]
action1:[1 0]
sub_loc:
[[1. 1.]
 [0. 0.]
 [1. 1.]
 [1. 1.]]
action0:[0 0]
action1:[1 0]
sub_loc:
[[1. 0.]
 [0. 1.]
 [1. 1.]
 [1. 1.]]
action0:[0 3]
action1:[1 0]
sub_loc:
[[1. 1.]
 [1. 0.]
 [0. 0.]
 [1. 1.]]
action0:[1 0]
action1:[1 0]
sub_loc:
[[0. 1.]
 [1. 0.]
 [1. 1.]
 [0. 0.]]
action0:[1 0]
action1:[0 1]
sub_loc:
[[1. 1.]
 [0. 1.]
 [0. 1.]
 [1. 1.]]
action0:[0 0]
action1:[0 1]
sub_loc:
[[0. 0.]
 [1. 1.]
 [0. 1.]
 [0. 1.]]
action0:[1 3]
action1:[1 0]
sub_loc:
[[1. 1.]
 [1. 0.]
 [1. 1.]
 [0. 0.]]
action0:[1 0]
action1:[1 0]
sub_loc:
[[0. 1.]
 [1. 1.]
 [1. 1.]
 [1. 1.]]
action0:[1 0]
action1:[1 0]
sub_loc:
[[1. 1.]
 [1. 1.]
 [0. 0.]
 [0. 1.]]
action0:[1 3]
action1:[1 0]
sub_loc:
[[0. 0.]
 [0. 0.]
 [1. 1.]
 [1. 0.]]
action0:[3 2]
action1:[1 0]
sub_loc:
[[0. 0.]
 [1. 1.]
 [0. 1.]
 [1. 1.]]
action0:[1 3]
action1:[1 0]
sub_loc:
[[0. 1.]
 [0. 0.]
 [1. 1.]
 [1. 0.]]
action0:[3 0]
action1:[1 0]
sub_loc:
[[0. 0.]
 [0. 1.]
 [1. 0.]
 [1. 0.]]
action0:[3 1]
action1:[1 0]
sub_loc:
[[1. 0.]
 [0. 0.]
 [1. 1.]
 [0. 0.]]
action0:[0 2]
action1:[0 1]
sub_loc:
[[0. 1.]
 [1. 1.]
 [0. 1.]
 [1. 1.]]
action0:[1 0]
action1:[0 1]
sub_loc:
[[0. 0.]
 [1. 1.]
 [0. 0.]
 [0. 0.]]
action0:[1 1]
action1:[0 1]
sub_loc:
[[0. 1.]
 [0. 1.]
 [0. 1.]
 [1. 1.]]
action0:[3 0]
action1:[1 0]
sub_loc:
[[0. 1.]
 [0. 1.]
 [1. 1.]
 [0. 0.]]
action0:[2 0]
action1:[0 1]
sub_loc:
[[0. 1.]
 [1. 1.]
 [1. 1.]
 [1. 0.]]
action0:[1 0]
action1:[1 0]
sub_loc:
[[1. 1.]
 [1. 1.]
 [1. 0.]
 [1. 1.]]
action0:[1 0]
action1:[1 0]
sub_loc:
[[0. 0.]
 [1. 1.]
 [1. 1.]
 [1. 0.]]
action0:[1 1]
action1:[0 1]
sub_loc:
[[0. 1.]
 [1. 1.]
 [0. 1.]
 [1. 1.]]
action0:[1 3]
action1:[1 0]
sub_loc:
[[1. 1.]
 [1. 0.]
 [1. 0.]
 [1. 1.]]
action0:[1 0]
action1:[1 0]
sub_loc:
[[1. 1.]
 [1. 0.]
 [1. 0.]
 [0. 1.]]
action0:[1 0]
action1:[1 0]
sub_loc:
[[1. 1.]
 [1. 0.]
 [1. 1.]
 [0. 0.]]
action0:[1 0]
action1:[0 1]
sub_loc:
[[0. 1.]
 [0. 1.]
 [1. 1.]
 [1. 1.]]
action0:[3 0]
action1:[1 0]
sub_loc:
[[1. 0.]
 [1. 1.]
 [0. 1.]
 [0. 0.]]
action0:[1 1]
action1:[1 0]
sub_loc:
[[1. 1.]
 [0. 1.]
 [0. 1.]
 [1. 1.]]
action0:[3 1]
action1:[1 0]
sub_loc:
[[0. 0.]
 [0. 0.]
 [0. 1.]
 [1. 1.]]
action0:[3 3]
action1:[1 0]
sub_loc:
[[1. 0.]
 [0. 1.]
 [0. 1.]
 [1. 1.]]
action0:[0 3]
action1:[0 1]
sub_loc:
[[1. 1.]
 [1. 1.]
 [1. 1.]
 [1. 1.]]
action0:[1 3]
action1:[1 0]
sub_loc:
[[1. 1.]
 [0. 0.]
 [1. 1.]
 [1. 1.]]
action0:[0 0]
action1:[1 0]
sub_loc:
[[1. 1.]
 [1. 1.]
 [1. 1.]
 [1. 0.]]
action0:[1 0]
action1:[1 0]
sub_loc:
[[1. 0.]
 [1. 1.]
 [1. 0.]
 [0. 0.]]
action0:[1 1]
action1:[1 0]
sub_loc:
[[1. 0.]
 [1. 1.]
 [1. 0.]
 [0. 0.]]
action0:[1 1]
action1:[1 0]
sub_loc:
[[1. 0.]
 [1. 0.]
 [0. 1.]
 [1. 0.]]
action0:[1 2]
action1:[1 0]
sub_loc:
[[1. 0.]
 [1. 1.]
 [1. 1.]
 [1. 0.]]
action0:[1 1]
action1:[1 0]
sub_loc:
[[0. 0.]
 [0. 1.]
 [0. 1.]
 [1. 0.]]
action0:[3 1]
action1:[0 1]
sub_loc:
[[0. 1.]
 [1. 1.]
 [1. 1.]
 [1. 0.]]
action0:[1 0]
action1:[1 0]
sub_loc:
[[0. 0.]
 [0. 1.]
 [1. 0.]
 [0. 0.]]
action0:[2 1]
action1:[0 1]
sub_loc:
[[0. 0.]
 [1. 0.]
 [1. 0.]
 [0. 1.]]
action0:[1 3]
action1:[1 0]
sub_loc:
[[1. 1.]
 [0. 0.]
 [0. 1.]
 [1. 0.]]
action0:[0 0]
action1:[1 0]
sub_loc:
[[1. 0.]
 [0. 0.]
 [0. 1.]
 [1. 1.]]
action0:[0 3]
action1:[1 0]
sub_loc:
[[1. 1.]
 [1. 1.]
 [0. 0.]
 [0. 0.]]
action0:[1 0]
action1:[1 0]
sub_loc:
[[1. 0.]
 [1. 1.]
 [0. 0.]
 [1. 0.]]
action0:[1 1]
action1:[0 1]
sub_loc:
[[1. 0.]
 [0. 1.]
 [1. 1.]
 [0. 1.]]
action0:[0 3]
action1:[0 1]
sub_loc:
[[1. 1.]
 [1. 0.]
 [0. 1.]
 [1. 1.]]
action0:[1 0]
action1:[0 1]
sub_loc:
[[1. 1.]
 [0. 1.]
 [1. 1.]
 [1. 0.]]
action0:[0 0]
action1:[1 0]
sub_loc:
[[1. 1.]
 [1. 0.]
 [1. 0.]
 [1. 1.]]
action0:[1 3]
action1:[1 0]
sub_loc:
[[1. 1.]
 [0. 1.]
 [0. 1.]
 [1. 0.]]
action0:[0 1]
action1:[1 0]
sub_loc:
[[1. 0.]
 [1. 0.]
 [1. 0.]
 [1. 1.]]
action0:[1 3]
action1:[0 1]
sub_loc:
[[0. 1.]
 [0. 1.]
 [1. 1.]
 [1. 1.]]
action0:[3 0]
action1:[1 0]
sub_loc:
[[0. 0.]
 [1. 1.]
 [1. 1.]
 [1. 1.]]
action0:[1 3]
action1:[1 0]
sub_loc:
[[0. 1.]
 [1. 0.]
 [0. 1.]
 [0. 0.]]
action0:[1 0]
action1:[1 0]
sub_loc:
[[1. 0.]
 [1. 1.]
 [1. 1.]
 [0. 1.]]
action0:[1 3]
action1:[1 0]
sub_loc:
[[1. 1.]
 [1. 1.]
 [1. 1.]
 [0. 1.]]
action0:[1 3]
action1:[1 0]
sub_loc:
[[1. 1.]
 [1. 1.]
 [0. 0.]
 [0. 0.]]
action0:[1 0]
action1:[1 0]
sub_loc:
[[1. 0.]
 [1. 1.]
 [1. 1.]
 [1. 1.]]
action0:[1 3]
action1:[1 0]
sub_loc:
[[0. 1.]
 [1. 0.]
 [1. 0.]
 [0. 1.]]
action0:[1 0]
action1:[1 0]
sub_loc:
[[0. 0.]
 [1. 1.]
 [1. 1.]
 [0. 1.]]
action0:[1 1]
action1:[1 0]
sub_loc:
[[1. 0.]
 [1. 1.]
 [1. 1.]
 [1. 1.]]
action0:[1 3]
action1:[1 0]
sub_loc:
[[0. 1.]
 [0. 1.]
 [1. 0.]
 [0. 0.]]
action0:[2 0]
action1:[1 0]
sub_loc:
[[1. 1.]
 [0. 1.]
 [0. 1.]
 [1. 0.]]
action0:[0 0]
action1:[1 0]
success
next_agent##################################################
sub_loc:
[[1. 1.]
 [1. 1.]
 [1. 0.]
 [1. 1.]]
action0:[2 0]
action1:[0 0]
sub_loc:
[[1. 0.]
 [0. 0.]
 [1. 0.]
 [0. 1.]]
action0:[0 3]
action1:[0 0]
sub_loc:
[[0. 1.]
 [1. 0.]
 [1. 1.]
 [1. 1.]]
action0:[2 0]
action1:[0 0]
sub_loc:
[[0. 1.]
 [1. 1.]
 [1. 0.]
 [0. 0.]]
action0:[1 0]
action1:[0 0]
sub_loc:
[[0. 1.]
 [1. 1.]
 [1. 0.]
 [1. 0.]]
action0:[1 1]
action1:[0 0]
sub_loc:
[[1. 0.]
 [1. 1.]
 [1. 1.]
 [1. 1.]]
action0:[1 1]
action1:[0 0]
sub_loc:
[[1. 0.]
 [0. 0.]
 [0. 1.]
 [1. 1.]]
action0:[3 3]
action1:[0 0]
sub_loc:
[[1. 1.]
 [1. 1.]
 [0. 0.]
 [1. 0.]]
action0:[3 0]
action1:[0 0]
sub_loc:
[[0. 1.]
 [1. 1.]
 [0. 0.]
 [0. 1.]]
action0:[1 0]
action1:[0 0]
sub_loc:
[[1. 1.]
 [0. 1.]
 [1. 1.]
 [0. 1.]]
action0:[0 3]
action1:[0 0]
sub_loc:
[[1. 1.]
 [1. 1.]
 [1. 1.]
 [1. 0.]]
action0:[3 2]
action1:[0 0]
sub_loc:
[[0. 1.]
 [1. 0.]
 [1. 1.]
 [1. 1.]]
action0:[2 2]
action1:[0 0]
sub_loc:
[[1. 0.]
 [0. 1.]
 [1. 1.]
 [1. 0.]]
action0:[2 1]
action1:[0 0]
sub_loc:
[[0. 0.]
 [1. 0.]
 [0. 1.]
 [0. 1.]]
action0:[1 2]
action1:[0 0]
sub_loc:
[[1. 1.]
 [1. 1.]
 [0. 0.]
 [0. 1.]]
action0:[1 1]
action1:[0 0]
sub_loc:
[[0. 1.]
 [1. 0.]
 [1. 1.]
 [1. 1.]]
action0:[2 3]
action1:[0 0]
sub_loc:
[[1. 1.]
 [1. 1.]
 [0. 1.]
 [0. 0.]]
action0:[0 2]
action1:[0 0]
sub_loc:
[[0. 0.]
 [1. 0.]
 [1. 1.]
 [1. 1.]]
action0:[2 2]
action1:[0 0]
sub_loc:
[[1. 1.]
 [0. 0.]
 [0. 1.]
 [1. 0.]]
action0:[3 0]
action1:[0 0]
sub_loc:
[[1. 0.]
 [1. 1.]
 [1. 1.]
 [1. 0.]]
action0:[3 2]
action1:[0 0]
sub_loc:
[[0. 1.]
 [1. 1.]
 [1. 1.]
 [0. 1.]]
action0:[1 2]
action1:[0 0]
sub_loc:
[[1. 1.]
 [1. 1.]
 [1. 0.]
 [1. 1.]]
action0:[2 3]
action1:[0 0]
sub_loc:
[[1. 1.]
 [1. 1.]
 [0. 1.]
 [0. 1.]]
action0:[1 2]
action1:[0 0]
sub_loc:
[[0. 1.]
 [1. 0.]
 [1. 1.]
 [0. 1.]]
action0:[1 3]
action1:[0 0]
sub_loc:
[[0. 0.]
 [1. 0.]
 [1. 0.]
 [1. 1.]]
action0:[1 3]
action1:[0 0]
sub_loc:
[[0. 1.]
 [0. 1.]
 [0. 0.]
 [1. 0.]]
action0:[3 0]
action1:[0 0]
sub_loc:
[[1. 0.]
 [0. 1.]
 [1. 1.]
 [0. 1.]]
action0:[0 3]
action1:[0 0]
sub_loc:
[[0. 1.]
 [1. 0.]
 [1. 1.]
 [1. 1.]]
action0:[3 2]
action1:[0 0]
sub_loc:
[[0. 0.]
 [1. 1.]
 [1. 1.]
 [0. 1.]]
action0:[1 1]
action1:[0 0]
sub_loc:
[[1. 1.]
 [1. 1.]
 [1. 1.]
 [1. 1.]]
action0:[3 0]
action1:[0 0]
sub_loc:
[[1. 0.]
 [1. 1.]
 [1. 0.]
 [1. 0.]]
action0:[3 1]
action1:[0 0]
sub_loc:
[[0. 0.]
 [0. 0.]
 [1. 1.]
 [1. 0.]]
action0:[2 2]
action1:[0 0]
sub_loc:
[[0. 0.]
 [1. 1.]
 [0. 1.]
 [1. 1.]]
action0:[3 1]
action1:[0 0]
sub_loc:
[[1. 0.]
 [1. 1.]
 [1. 1.]
 [0. 1.]]
action0:[1 3]
action1:[0 0]
sub_loc:
[[1. 0.]
 [1. 0.]
 [1. 1.]
 [1. 1.]]
action0:[0 2]
action1:[0 0]
sub_loc:
[[0. 0.]
 [0. 1.]
 [0. 1.]
 [1. 1.]]
action0:[3 2]
action1:[0 0]
sub_loc:
[[0. 1.]
 [0. 1.]
 [1. 1.]
 [1. 1.]]
action0:[3 2]
action1:[0 0]
sub_loc:
[[1. 0.]
 [1. 0.]
 [1. 1.]
 [1. 1.]]
action0:[0 3]
action1:[0 0]
sub_loc:
[[0. 1.]
 [1. 1.]
 [0. 0.]
 [1. 1.]]
action0:[3 3]
action1:[0 0]
sub_loc:
[[1. 0.]
 [0. 0.]
 [1. 1.]
 [1. 0.]]
action0:[0 2]
action1:[0 0]
sub_loc:
[[0. 1.]
 [1. 0.]
 [1. 0.]
 [1. 1.]]
action0:[2 3]
action1:[0 0]
sub_loc:
[[1. 0.]
 [0. 0.]
 [1. 1.]
 [1. 0.]]
action0:[2 2]
action1:[0 0]
sub_loc:
[[0. 0.]
 [1. 1.]
 [1. 0.]
 [1. 0.]]
action0:[3 1]
action1:[0 0]
sub_loc:
[[1. 1.]
 [1. 1.]
 [0. 1.]
 [1. 1.]]
action0:[3 1]
action1:[0 0]
sub_loc:
[[0. 0.]
 [1. 1.]
 [1. 0.]
 [1. 1.]]
action0:[3 1]
action1:[0 0]
sub_loc:
[[1. 1.]
 [1. 1.]
 [0. 1.]
 [0. 1.]]
action0:[1 1]
action1:[0 0]
sub_loc:
[[0. 1.]
 [1. 1.]
 [0. 0.]
 [0. 1.]]
action0:[1 3]
action1:[0 0]
sub_loc:
[[1. 0.]
 [1. 1.]
 [1. 0.]
 [1. 0.]]
action0:[0 1]
action1:[0 0]
sub_loc:
[[1. 0.]
 [1. 1.]
 [1. 0.]
 [0. 0.]]
action0:[1 1]
action1:[0 0]
sub_loc:
[[1. 1.]
 [1. 0.]
 [0. 1.]
 [0. 0.]]
action0:[0 2]
action1:[0 0]
sub_loc:
[[1. 0.]
 [1. 0.]
 [1. 1.]
 [0. 1.]]
action0:[1 2]
action1:[0 0]
sub_loc:
[[1. 0.]
 [1. 0.]
 [1. 1.]
 [1. 1.]]
action0:[1 3]
action1:[0 0]
sub_loc:
[[1. 1.]
 [1. 1.]
 [1. 0.]
 [1. 1.]]
action0:[1 3]
action1:[0 0]
sub_loc:
[[1. 1.]
 [0. 1.]
 [0. 1.]
 [1. 1.]]
action0:[0 3]
action1:[0 0]
sub_loc:
[[1. 0.]
 [1. 1.]
 [0. 1.]
 [1. 1.]]
action0:[3 3]
action1:[0 0]
sub_loc:
[[0. 0.]
 [1. 0.]
 [0. 0.]
 [1. 1.]]
action0:[1 3]
action1:[0 0]
sub_loc:
[[0. 1.]
 [1. 1.]
 [1. 1.]
 [1. 0.]]
action0:[3 1]
action1:[0 0]
sub_loc:
[[1. 0.]
 [1. 1.]
 [0. 1.]
 [1. 1.]]
action0:[1 2]
action1:[0 0]
sub_loc:
[[1. 1.]
 [0. 1.]
 [0. 1.]
 [1. 1.]]
action0:[0 3]
action1:[0 0]
sub_loc:
[[1. 1.]
 [1. 0.]
 [1. 1.]
 [1. 1.]]
action0:[0 2]
action1:[0 0]
sub_loc:
[[1. 0.]
 [0. 0.]
 [0. 1.]
 [1. 0.]]
action0:[0 2]
action1:[0 0]
sub_loc:
[[0. 1.]
 [0. 1.]
 [0. 0.]
 [1. 1.]]
action0:[3 3]
action1:[0 0]
sub_loc:
[[0. 0.]
 [1. 1.]
 [0. 1.]
 [0. 1.]]
action0:[1 2]
action1:[0 0]
sub_loc:
[[0. 0.]
 [1. 1.]
 [1. 1.]
 [1. 1.]]
action0:[2 2]
action1:[0 0]
sub_loc:
[[1. 1.]
 [0. 1.]
 [1. 1.]
 [1. 1.]]
action0:[3 0]
action1:[0 0]
sub_loc:
[[0. 1.]
 [0. 1.]
 [0. 1.]
 [1. 1.]]
action0:[3 3]
action1:[0 0]
sub_loc:
[[1. 0.]
 [0. 1.]
 [1. 1.]
 [0. 1.]]
action0:[0 2]
action1:[0 0]
sub_loc:
[[0. 1.]
 [1. 0.]
 [1. 1.]
 [1. 1.]]
action0:[1 2]
action1:[0 0]
sub_loc:
[[1. 0.]
 [0. 0.]
 [1. 1.]
 [0. 0.]]
action0:[0 2]
action1:[0 0]
sub_loc:
[[1. 1.]
 [1. 1.]
 [1. 1.]
 [1. 1.]]
action0:[1 1]
action1:[0 0]
sub_loc:
[[0. 0.]
 [1. 1.]
 [1. 0.]
 [1. 0.]]
action0:[3 1]
action1:[0 0]
sub_loc:
[[0. 1.]
 [1. 0.]
 [1. 1.]
 [1. 1.]]
action0:[3 2]
action1:[0 0]
sub_loc:
[[0. 0.]
 [1. 1.]
 [1. 1.]
 [1. 0.]]
action0:[3 2]
action1:[0 0]
sub_loc:
[[0. 1.]
 [1. 1.]
 [0. 0.]
 [1. 0.]]
action0:[3 1]
action1:[0 0]
sub_loc:
[[0. 1.]
 [1. 1.]
 [1. 0.]
 [0. 0.]]
action0:[2 1]
action1:[0 0]
sub_loc:
[[0. 0.]
 [1. 1.]
 [1. 1.]
 [0. 1.]]
action0:[2 3]
action1:[0 0]
sub_loc:
[[1. 0.]
 [1. 1.]
 [0. 1.]
 [0. 1.]]
action0:[0 2]
action1:[0 0]
sub_loc:
[[1. 1.]
 [0. 1.]
 [1. 1.]
 [0. 1.]]
action0:[0 3]
action1:[0 0]
sub_loc:
[[0. 1.]
 [1. 0.]
 [1. 0.]
 [1. 1.]]
action0:[1 3]
action1:[0 0]
sub_loc:
[[1. 1.]
 [1. 1.]
 [0. 0.]
 [0. 1.]]
action0:[0 1]
action1:[0 0]
sub_loc:
[[1. 1.]
 [1. 1.]
 [1. 0.]
 [1. 0.]]
action0:[2 1]
action1:[0 0]
sub_loc:
[[1. 0.]
 [0. 0.]
 [1. 1.]
 [1. 0.]]
action0:[0 2]
action1:[0 0]
sub_loc:
[[1. 1.]
 [1. 1.]
 [1. 0.]
 [1. 0.]]
action0:[3 0]
action1:[0 0]
sub_loc:
[[1. 1.]
 [0. 1.]
 [1. 1.]
 [0. 1.]]
action0:[0 2]
action1:[0 0]
sub_loc:
[[0. 0.]
 [0. 1.]
 [1. 0.]
 [0. 1.]]
action0:[2 1]
action1:[0 0]
sub_loc:
[[0. 1.]
 [1. 1.]
 [0. 1.]
 [0. 1.]]
action0:[1 0]
action1:[0 0]
sub_loc:
[[1. 0.]
 [1. 0.]
 [1. 1.]
 [0. 0.]]
action0:[0 2]
action1:[0 0]
sub_loc:
[[0. 0.]
 [1. 1.]
 [1. 0.]
 [1. 0.]]
action0:[1 1]
action1:[0 0]
sub_loc:
[[1. 0.]
 [1. 0.]
 [1. 1.]
 [1. 1.]]
action0:[0 3]
action1:[0 0]
sub_loc:
[[0. 1.]
 [0. 1.]
 [0. 1.]
 [1. 0.]]
action0:[3 0]
action1:[0 0]
sub_loc:
[[0. 0.]
 [1. 1.]
 [1. 1.]
 [1. 1.]]
action0:[3 2]
action1:[0 0]
sub_loc:
[[1. 1.]
 [0. 1.]
 [1. 0.]
 [1. 1.]]
action0:[3 1]
action1:[0 0]
sub_loc:
[[1. 0.]
 [0. 1.]
 [0. 0.]
 [1. 1.]]
action0:[3 3]
action1:[0 0]
sub_loc:
[[0. 1.]
 [1. 0.]
 [1. 1.]
 [1. 0.]]
action0:[1 2]
action1:[0 0]
sub_loc:
[[1. 1.]
 [0. 0.]
 [1. 1.]
 [0. 1.]]
action0:[2 2]
action1:[0 0]
sub_loc:
[[0. 0.]
 [0. 1.]
 [1. 0.]
 [1. 0.]]
action0:[2 1]
action1:[0 0]
sub_loc:
[[0. 1.]
 [1. 1.]
 [1. 0.]
 [1. 1.]]
action0:[2 3]
action1:[0 0]
sub_loc:
[[1. 1.]
 [0. 0.]
 [1. 0.]
 [0. 1.]]
action0:[2 3]
action1:[0 0]
sub_loc:
[[0. 1.]
 [1. 0.]
 [0. 1.]
 [0. 1.]]
action0:[1 3]
action1:[0 0]
sub_loc:
[[0. 1.]
 [0. 1.]
 [1. 1.]
 [1. 1.]]
action0:[3 1]
action1:[0 0]
sub_loc:
[[1. 0.]
 [1. 0.]
 [1. 1.]
 [1. 1.]]
action0:[2 3]
action1:[0 0]
sub_loc:
[[1. 0.]
 [1. 1.]
 [1. 1.]
 [1. 1.]]
action0:[3 3]
action1:[0 0]
sub_loc:
[[0. 1.]
 [1. 0.]
 [1. 1.]
 [1. 0.]]
action0:[1 0]
action1:[0 0]
sub_loc:
[[1. 1.]
 [1. 1.]
 [1. 1.]
 [1. 1.]]
action0:[1 3]
action1:[0 0]
sub_loc:
[[1. 1.]
 [1. 0.]
 [0. 1.]
 [0. 1.]]
action0:[0 3]
action1:[0 0]
sub_loc:
[[0. 0.]
 [0. 1.]
 [1. 1.]
 [1. 1.]]
action0:[3 3]
action1:[0 0]
sub_loc:
[[0. 1.]
 [1. 0.]
 [1. 0.]
 [1. 1.]]
action0:[1 0]
action1:[0 0]
sub_loc:
[[0. 1.]
 [1. 1.]
 [1. 1.]
 [1. 1.]]
action0:[1 3]
action1:[0 0]
sub_loc:
[[0. 0.]
 [1. 1.]
 [0. 1.]
 [1. 1.]]
action0:[3 1]
action1:[0 0]
sub_loc:
[[1. 0.]
 [1. 1.]
 [0. 1.]
 [1. 1.]]
action0:[0 3]
action1:[0 0]
sub_loc:
[[1. 1.]
 [0. 1.]
 [1. 1.]
 [0. 1.]]
action0:[2 1]
action1:[0 0]
sub_loc:
[[0. 0.]
 [1. 0.]
 [0. 0.]
 [0. 1.]]
action0:[1 3]
action1:[0 0]
sub_loc:
[[1. 0.]
 [1. 1.]
 [1. 1.]
 [1. 0.]]
action0:[1 1]
action1:[0 0]
sub_loc:
[[1. 1.]
 [0. 1.]
 [1. 0.]
 [0. 0.]]
action0:[0 1]
action1:[0 0]
sub_loc:
[[0. 1.]
 [1. 1.]
 [1. 0.]
 [1. 1.]]
action0:[3 3]
action1:[0 0]
sub_loc:
[[1. 1.]
 [0. 1.]
 [1. 0.]
 [0. 0.]]
action0:[2 1]
action1:[0 0]
sub_loc:
[[1. 1.]
 [1. 1.]
 [0. 1.]
 [0. 1.]]
action0:[0 1]
action1:[0 0]
sub_loc:
[[1. 0.]
 [1. 1.]
 [1. 1.]
 [1. 1.]]
action0:[2 2]
action1:[0 0]
sub_loc:
[[0. 1.]
 [1. 0.]
 [0. 0.]
 [0. 1.]]
action0:[1 0]
action1:[0 0]
sub_loc:
[[1. 1.]
 [1. 1.]
 [1. 0.]
 [1. 0.]]
action0:[0 0]
action1:[0 0]
sub_loc:
[[0. 1.]
 [0. 1.]
 [1. 1.]
 [0. 0.]]
action0:[2 2]
action1:[0 0]
sub_loc:
[[0. 1.]
 [1. 1.]
 [1. 1.]
 [1. 1.]]
action0:[2 1]
action1:[0 0]
sub_loc:
[[0. 0.]
 [1. 1.]
 [1. 0.]
 [1. 1.]]
action0:[1 1]
action1:[0 0]
sub_loc:
[[0. 0.]
 [1. 1.]
 [0. 1.]
 [1. 1.]]
action0:[1 3]
action1:[0 0]
sub_loc:
[[1. 1.]
 [1. 0.]
 [1. 1.]
 [1. 0.]]
action0:[3 2]
action1:[0 0]
sub_loc:
[[0. 1.]
 [1. 1.]
 [1. 1.]
 [0. 1.]]
action0:[1 0]
action1:[0 0]
sub_loc:
[[0. 0.]
 [1. 1.]
 [1. 0.]
 [1. 0.]]
action0:[2 1]
action1:[0 0]
sub_loc:
[[0. 0.]
 [0. 1.]
 [0. 1.]
 [1. 1.]]
action0:[3 1]
action1:[0 0]
sub_loc:
[[0. 0.]
 [0. 1.]
 [0. 1.]
 [1. 1.]]
action0:[3 1]
action1:[0 0]
sub_loc:
[[1. 1.]
 [0. 0.]
 [1. 0.]
 [1. 1.]]
action0:[3 0]
action1:[0 0]
sub_loc:
[[1. 0.]
 [0. 0.]
 [1. 1.]
 [0. 1.]]
action0:[0 2]
action1:[0 0]
sub_loc:
[[1. 1.]
 [1. 0.]
 [1. 1.]
 [0. 0.]]
action0:[0 2]
action1:[0 0]
sub_loc:
[[1. 1.]
 [1. 1.]
 [0. 1.]
 [1. 0.]]
action0:[1 0]
action1:[0 0]
sub_loc:
[[0. 0.]
 [1. 1.]
 [1. 1.]
 [0. 1.]]
action0:[2 3]
action1:[0 0]
sub_loc:
[[1. 1.]
 [1. 1.]
 [0. 0.]
 [0. 1.]]
action0:[1 3]
action1:[0 0]
sub_loc:
[[1. 0.]
 [0. 1.]
 [1. 1.]
 [0. 1.]]
action0:[0 1]
action1:[0 0]
sub_loc:
[[0. 0.]
 [1. 0.]
 [1. 1.]
 [1. 1.]]
action0:[2 3]
action1:[0 0]
sub_loc:
[[0. 1.]
 [0. 0.]
 [1. 0.]
 [1. 1.]]
action0:[2 3]
action1:[0 0]
sub_loc:
[[1. 0.]
 [0. 0.]
 [1. 1.]
 [0. 0.]]
action0:[2 2]
action1:[0 0]
sub_loc:
[[1. 0.]
 [1. 0.]
 [1. 0.]
 [1. 1.]]
action0:[3 3]
action1:[0 0]
sub_loc:
[[1. 0.]
 [1. 1.]
 [0. 1.]
 [1. 1.]]
action0:[0 1]
action1:[0 0]
sub_loc:
[[0. 0.]
 [1. 1.]
 [1. 1.]
 [1. 1.]]
action0:[1 2]
action1:[0 0]
sub_loc:
[[0. 1.]
 [1. 1.]
 [1. 1.]
 [1. 1.]]
action0:[3 1]
action1:[0 0]
sub_loc:
[[1. 0.]
 [1. 1.]
 [1. 0.]
 [0. 0.]]
action0:[1 1]
action1:[0 0]
sub_loc:
[[0. 0.]
 [1. 1.]
 [0. 0.]
 [0. 1.]]
action0:[1 1]
action1:[0 0]
sub_loc:
[[1. 1.]
 [1. 1.]
 [0. 1.]
 [0. 1.]]
action0:[0 0]
action1:[0 0]
sub_loc:
[[1. 0.]
 [1. 0.]
 [0. 0.]
 [1. 1.]]
action0:[0 3]
action1:[0 0]
sub_loc:
[[1. 1.]
 [1. 0.]
 [1. 1.]
 [1. 0.]]
action0:[3 0]
action1:[0 0]
sub_loc:
[[1. 1.]
 [1. 1.]
 [1. 0.]
 [0. 0.]]
action0:[2 0]
action1:[0 0]
sub_loc:
[[1. 0.]
 [1. 1.]
 [1. 0.]
 [1. 0.]]
action0:[0 1]
action1:[0 0]
sub_loc:
[[0. 1.]
 [1. 1.]
 [1. 1.]
 [1. 1.]]
action0:[3 0]
action1:[0 0]
sub_loc:
[[1. 1.]
 [0. 1.]
 [1. 1.]
 [1. 1.]]
action0:[3 0]
action1:[0 0]
sub_loc:
[[0. 1.]
 [1. 1.]
 [1. 0.]
 [1. 0.]]
action0:[3 1]
action1:[0 0]
sub_loc:
[[1. 1.]
 [1. 0.]
 [0. 1.]
 [1. 1.]]
action0:[1 0]
action1:[0 0]
sub_loc:
[[1. 1.]
 [1. 1.]
 [1. 1.]
 [1. 0.]]
action0:[1 1]
action1:[0 0]
sub_loc:
[[0. 1.]
 [1. 1.]
 [0. 1.]
 [0. 1.]]
action0:[1 3]
action1:[0 0]
sub_loc:
[[0. 0.]
 [0. 1.]
 [1. 1.]
 [1. 1.]]
action0:[3 1]
action1:[0 0]
sub_loc:
[[0. 1.]
 [0. 1.]
 [0. 1.]
 [1. 0.]]
action0:[3 0]
action1:[0 0]
sub_loc:
[[1. 0.]
 [0. 1.]
 [0. 1.]
 [1. 0.]]
action0:[0 1]
action1:[0 0]
sub_loc:
[[0. 1.]
 [1. 1.]
 [1. 0.]
 [0. 1.]]
action0:[2 1]
action1:[0 0]
sub_loc:
[[0. 0.]
 [1. 0.]
 [0. 1.]
 [1. 0.]]
action0:[1 2]
action1:[0 0]
sub_loc:
[[1. 1.]
 [1. 0.]
 [0. 1.]
 [0. 1.]]
action0:[0 3]
action1:[0 0]
sub_loc:
[[0. 0.]
 [1. 0.]
 [0. 1.]
 [1. 1.]]
action0:[1 3]
action1:[0 0]
sub_loc:
[[0. 0.]
 [1. 1.]
 [1. 1.]
 [1. 1.]]
action0:[3 3]
action1:[0 0]
sub_loc:
[[1. 1.]
 [1. 1.]
 [1. 1.]
 [0. 0.]]
action0:[1 1]
action1:[0 0]
sub_loc:
[[0. 0.]
 [0. 1.]
 [1. 1.]
 [1. 1.]]
action0:[3 1]
action1:[0 0]
sub_loc:
[[0. 1.]
 [1. 1.]
 [0. 0.]
 [0. 1.]]
action0:[1 0]
action1:[0 0]
sub_loc:
[[0. 1.]
 [0. 1.]
 [0. 0.]
 [1. 0.]]
action0:[3 0]
action1:[0 0]
sub_loc:
[[0. 0.]
 [1. 1.]
 [1. 0.]
 [1. 0.]]
action0:[3 1]
action1:[0 0]
sub_loc:
[[0. 1.]
 [1. 0.]
 [1. 0.]
 [1. 1.]]
action0:[3 3]
action1:[0 0]
sub_loc:
[[0. 1.]
 [1. 1.]
 [1. 1.]
 [0. 1.]]
action0:[2 0]
action1:[0 0]
sub_loc:
[[0. 1.]
 [0. 1.]
 [1. 0.]
 [1. 1.]]
action0:[2 3]
action1:[0 0]
sub_loc:
[[1. 0.]
 [1. 1.]
 [1. 1.]
 [1. 0.]]
action0:[3 1]
action1:[0 0]
sub_loc:
[[0. 1.]
 [1. 1.]
 [1. 0.]
 [0. 0.]]
action0:[1 0]
action1:[0 0]
sub_loc:
[[0. 1.]
 [1. 1.]
 [1. 1.]
 [1. 0.]]
action0:[3 0]
action1:[0 0]
sub_loc:
[[1. 0.]
 [1. 1.]
 [1. 1.]
 [0. 0.]]
action0:[1 1]
action1:[0 0]
sub_loc:
[[0. 0.]
 [1. 1.]
 [0. 1.]
 [0. 0.]]
action0:[1 2]
action1:[0 0]
sub_loc:
[[1. 0.]
 [0. 0.]
 [1. 1.]
 [1. 1.]]
action0:[0 3]
action1:[0 0]
sub_loc:
[[1. 1.]
 [0. 1.]
 [0. 1.]
 [1. 0.]]
action0:[0 0]
action1:[0 0]
sub_loc:
[[1. 1.]
 [1. 0.]
 [1. 1.]
 [1. 1.]]
action0:[3 3]
action1:[0 0]
sub_loc:
[[0. 0.]
 [1. 1.]
 [1. 0.]
 [1. 0.]]
action0:[1 1]
action1:[0 0]
sub_loc:
[[0. 1.]
 [1. 1.]
 [1. 0.]
 [0. 1.]]
action0:[1 3]
action1:[0 0]
sub_loc:
[[1. 1.]
 [1. 1.]
 [1. 0.]
 [1. 1.]]
action0:[3 1]
action1:[0 0]
sub_loc:
[[1. 0.]
 [1. 1.]
 [1. 1.]
 [1. 1.]]
action0:[0 2]
action1:[0 0]
sub_loc:
[[1. 0.]
 [1. 1.]
 [0. 1.]
 [0. 1.]]
action0:[0 1]
action1:[0 0]
sub_loc:
[[0. 1.]
 [1. 1.]
 [1. 1.]
 [1. 1.]]
action0:[1 2]
action1:[0 0]
sub_loc:
[[0. 1.]
 [1. 1.]
 [1. 1.]
 [1. 1.]]
action0:[3 1]
action1:[0 0]
sub_loc:
[[0. 0.]
 [1. 0.]
 [1. 0.]
 [1. 1.]]
action0:[1 3]
action1:[0 0]
sub_loc:
[[1. 0.]
 [1. 1.]
 [0. 1.]
 [1. 0.]]
action0:[0 2]
action1:[0 0]
sub_loc:
[[0. 1.]
 [1. 1.]
 [1. 0.]
 [1. 0.]]
action0:[3 0]
action1:[0 0]
sub_loc:
[[1. 0.]
 [1. 0.]
 [1. 0.]
 [0. 1.]]
action0:[2 3]
action1:[0 0]
sub_loc:
[[1. 0.]
 [1. 1.]
 [1. 1.]
 [1. 1.]]
action0:[0 2]
action1:[0 0]
sub_loc:
[[0. 1.]
 [0. 1.]
 [0. 0.]
 [1. 1.]]
action0:[3 3]
action1:[0 0]
sub_loc:
[[1. 1.]
 [0. 1.]
 [1. 1.]
 [1. 1.]]
action0:[3 0]
action1:[0 0]
sub_loc:
[[0. 0.]
 [0. 1.]
 [1. 0.]
 [1. 0.]]
action0:[3 1]
action1:[0 0]
sub_loc:
[[0. 0.]
 [1. 1.]
 [1. 1.]
 [1. 1.]]
action0:[3 1]
action1:[0 0]
sub_loc:
[[0. 1.]
 [1. 1.]
 [1. 1.]
 [1. 1.]]
action0:[3 1]
action1:[0 0]
sub_loc:
[[0. 0.]
 [1. 0.]
 [1. 0.]
 [1. 1.]]
action0:[2 3]
action1:[0 0]
sub_loc:
[[1. 1.]
 [1. 1.]
 [1. 1.]
 [1. 1.]]
action0:[1 1]
action1:[0 0]
sub_loc:
[[1. 0.]
 [1. 1.]
 [1. 0.]
 [1. 0.]]
action0:[1 1]
action1:[0 0]
sub_loc:
[[1. 0.]
 [0. 1.]
 [0. 1.]
 [1. 1.]]
action0:[3 2]
action1:[0 0]
sub_loc:
[[0. 1.]
 [1. 1.]
 [1. 1.]
 [1. 0.]]
action0:[2 1]
action1:[0 0]
sub_loc:
[[0. 0.]
 [1. 1.]
 [0. 1.]
 [1. 1.]]
action0:[1 1]
action1:[0 0]
sub_loc:
[[0. 1.]
 [1. 1.]
 [1. 0.]
 [1. 1.]]
action0:[1 0]
action1:[0 0]
sub_loc:
[[0. 0.]
 [0. 1.]
 [1. 0.]
 [1. 0.]]
action0:[3 1]
action1:[0 0]
sub_loc:
[[1. 1.]
 [1. 1.]
 [0. 0.]
 [1. 0.]]
action0:[3 0]
action1:[0 0]
sub_loc:
[[0. 1.]
 [0. 1.]
 [1. 1.]
 [1. 1.]]
action0:[2 2]
action1:[0 0]
sub_loc:
[[1. 0.]
 [1. 1.]
 [1. 1.]
 [1. 1.]]
action0:[0 1]
action1:[0 0]
sub_loc:
[[0. 0.]
 [0. 0.]
 [1. 0.]
 [1. 1.]]
action0:[3 3]
action1:[0 0]
sub_loc:
[[0. 0.]
 [0. 0.]
 [1. 0.]
 [1. 1.]]
action0:[3 3]
action1:[0 0]
sub_loc:
[[1. 0.]
 [0. 1.]
 [1. 1.]
 [0. 0.]]
action0:[2 1]
action1:[0 0]
sub_loc:
[[1. 0.]
 [0. 0.]
 [0. 0.]
 [1. 1.]]
action0:[0 3]
action1:[0 0]
sub_loc:
[[1. 0.]
 [1. 1.]
 [1. 1.]
 [0. 1.]]
action0:[2 3]
action1:[0 0]
sub_loc:
[[0. 0.]
 [1. 0.]
 [1. 1.]
 [1. 0.]]
action0:[3 2]
action1:[0 0]
sub_loc:
[[0. 0.]
 [0. 1.]
 [1. 1.]
 [1. 1.]]
action0:[2 3]
action1:[0 0]
success
384.94691324434723 729.4886084691177
