time is too long
time is too long
time is too long
time is too long
episode:10, reward:-168.73288191392572
time is too long
time is too long
time is too long
time is too long
time is too long
episode:20, reward:-180.8675847529878
time is too long
time is too long
time is too long
time is too long
episode:30, reward:-169.11933808184622
time is too long
time is too long
time is too long
time is too long
episode:40, reward:-161.3662928982135
time is too long
time is too long
time is too long
time is too long
episode:50, reward:-337.0178879752474
time is too long
time is too long
time is too long
time is too long
episode:60, reward:-182.87734566379828
time is too long
time is too long
time is too long
time is too long
episode:70, reward:-347.0866193758647
time is too long
time is too long
time is too long
time is too long
episode:80, reward:-137.58555211431064
time is too long
time is too long
time is too long
time is too long
episode:90, reward:-209.9148056017649
time is too long
time is too long
time is too long
time is too long
time is too long
episode:100, reward:-154.79125819022036
time is too long
time is too long
success
time is too long
episode:110, reward:-160.79991118216438
time is too long
time is too long
success
episode:120, reward:-134.57003430615754
time is too long
time is too long
time is too long
time is too long
episode:130, reward:-2387.246684138705
time is too long
time is too long
time is too long
time is too long
episode:140, reward:-2290.1356752081238
time is too long
success
time is too long
time is too long
time is too long
episode:150, reward:-2827.9477465454856
time is too long
success
time is too long
time is too long
time is too long
episode:160, reward:-136.01190363104433
time is too long
time is too long
time is too long
time is too long
episode:170, reward:-95.4030189201708
time is too long
time is too long
time is too long
episode:180, reward:-138.44100235562829
time is too long
time is too long
success
episode:190, reward:-599.8149016676052
time is too long
time is too long
time is too long
time is too long
time is too long
episode:200, reward:-2593.47756509001
sub_loc:
[[1. 1. 1. 0.]
 [1. 0. 1. 0.]
 [1. 1. 1. 1.]
 [0. 0. 1. 1.]]
action0:[1 0 0 2]
action1:[1 2 3 0]
sub_loc:
[[0. 0. 0. 1.]
 [1. 1. 1. 1.]
 [1. 0. 1. 0.]
 [0. 1. 1. 1.]]
action0:[2 1 3 1]
action1:[1 2 0 3]
sub_loc:
[[0. 1. 1. 1.]
 [0. 1. 1. 1.]
 [1. 0. 1. 1.]
 [0. 1. 1. 1.]]
action0:[2 3 3 3]
action1:[0 2 3 1]
sub_loc:
[[0. 0. 0. 0.]
 [0. 0. 1. 0.]
 [1. 0. 1. 1.]
 [0. 1. 0. 1.]]
action0:[2 3 1 3]
action1:[2 1 0 3]
sub_loc:
[[1. 0. 1. 1.]
 [1. 1. 1. 1.]
 [0. 1. 1. 1.]
 [0. 1. 1. 1.]]
action0:[1 1 2 1]
action1:[1 2 0 3]
sub_loc:
[[0. 0. 0. 0.]
 [1. 1. 1. 1.]
 [1. 0. 0. 0.]
 [1. 0. 1. 0.]]
action0:[1 1 1 1]
action1:[3 2 0 1]
sub_loc:
[[0. 0. 1. 1.]
 [0. 0. 1. 1.]
 [1. 1. 0. 1.]
 [0. 1. 0. 1.]]
action0:[2 3 0 3]
action1:[1 2 0 3]
sub_loc:
[[1. 1. 1. 0.]
 [1. 0. 1. 1.]
 [1. 1. 1. 1.]
 [1. 1. 1. 1.]]
action0:[0 3 3 3]
action1:[1 3 2 0]
sub_loc:
[[0. 0. 0. 1.]
 [1. 1. 1. 1.]
 [1. 1. 0. 1.]
 [1. 1. 0. 1.]]
action0:[3 3 1 2]
action1:[2 1 0 3]
sub_loc:
[[1. 1. 1. 0.]
 [1. 1. 0. 0.]
 [1. 1. 1. 1.]
 [1. 0. 0. 0.]]
action0:[2 1 2 2]
action1:[2 1 0 3]
sub_loc:
[[0. 0. 1. 1.]
 [1. 1. 1. 1.]
 [1. 0. 1. 0.]
 [1. 0. 1. 1.]]
action0:[2 1 2 3]
action1:[1 3 0 2]
sub_loc:
[[1. 1. 0. 0.]
 [1. 0. 1. 1.]
 [0. 1. 1. 1.]
 [1. 0. 1. 1.]]
action0:[3 2 3 2]
action1:[2 3 0 1]
sub_loc:
[[1. 0. 1. 1.]
 [1. 1. 0. 1.]
 [1. 0. 1. 1.]
 [0. 0. 0. 1.]]
action0:[0 1 0 1]
action1:[2 0 1 3]
sub_loc:
[[0. 1. 0. 1.]
 [1. 1. 1. 1.]
 [1. 0. 1. 1.]
 [1. 1. 1. 1.]]
action0:[3 0 2 3]
action1:[2 1 3 0]
sub_loc:
[[1. 1. 1. 0.]
 [0. 1. 1. 0.]
 [1. 0. 1. 1.]
 [1. 0. 1. 1.]]
action0:[2 1 0 3]
action1:[3 1 0 2]
sub_loc:
[[0. 1. 0. 1.]
 [1. 1. 1. 1.]
 [1. 1. 0. 1.]
 [1. 0. 1. 1.]]
action0:[3 2 1 1]
action1:[1 3 2 0]
sub_loc:
[[1. 0. 1. 0.]
 [0. 1. 1. 1.]
 [0. 0. 0. 1.]
 [1. 0. 1. 1.]]
action0:[3 1 0 2]
action1:[1 0 3 2]
sub_loc:
[[1. 0. 0. 0.]
 [0. 1. 1. 1.]
 [0. 1. 0. 1.]
 [1. 1. 1. 1.]]
action0:[3 3 1 1]
action1:[2 3 0 1]
sub_loc:
[[0. 1. 1. 1.]
 [0. 1. 1. 1.]
 [1. 0. 1. 1.]
 [1. 1. 1. 0.]]
action0:[3 0 1 1]
action1:[3 2 1 0]
sub_loc:
[[1. 0. 1. 0.]
 [1. 1. 1. 0.]
 [1. 1. 0. 0.]
 [1. 0. 1. 1.]]
action0:[2 1 0 3]
action1:[3 1 2 0]
sub_loc:
[[0. 0. 0. 1.]
 [0. 1. 1. 1.]
 [1. 1. 1. 0.]
 [0. 1. 1. 0.]]
action0:[2 2 1 0]
action1:[1 2 0 3]
time is too long
next_agent##################################################
sub_loc:
[[1. 1. 1. 0.]
 [1. 0. 1. 0.]
 [1. 1. 1. 1.]
 [0. 0. 1. 1.]]
action0:[0 0 0 2]
action1:[0 0 0 0]
sub_loc:
[[0. 0. 1. 1.]
 [1. 1. 1. 1.]
 [0. 1. 0. 1.]
 [1. 1. 1. 1.]]
action0:[3 3 1 3]
action1:[0 0 0 0]
sub_loc:
[[0. 1. 0. 0.]
 [1. 1. 0. 0.]
 [1. 1. 1. 0.]
 [0. 1. 1. 1.]]
action0:[2 0 2 3]
action1:[0 0 0 0]
sub_loc:
[[1. 0. 1. 1.]
 [1. 1. 1. 1.]
 [0. 1. 1. 1.]
 [0. 1. 1. 1.]]
action0:[1 3 0 3]
action1:[0 0 0 0]
sub_loc:
[[0. 0. 0. 1.]
 [1. 1. 1. 1.]
 [1. 1. 0. 1.]
 [1. 1. 1. 1.]]
action0:[1 1 1 1]
action1:[0 0 0 0]
sub_loc:
[[1. 1. 1. 1.]
 [0. 1. 0. 1.]
 [1. 1. 1. 1.]
 [1. 1. 1. 1.]]
action0:[0 2 2 0]
action1:[0 0 0 0]
sub_loc:
[[0. 0. 0. 1.]
 [1. 1. 1. 1.]
 [1. 1. 0. 1.]
 [1. 1. 0. 1.]]
action0:[1 3 1 3]
action1:[0 0 0 0]
sub_loc:
[[0. 0. 0. 1.]
 [0. 0. 0. 1.]
 [1. 1. 1. 0.]
 [0. 0. 0. 1.]]
action0:[2 2 2 3]
action1:[0 0 0 0]
sub_loc:
[[1. 0. 0. 1.]
 [0. 1. 1. 1.]
 [1. 1. 1. 0.]
 [1. 0. 0. 0.]]
action0:[0 1 2 1]
action1:[0 0 0 0]
sub_loc:
[[1. 1. 0. 0.]
 [1. 1. 1. 1.]
 [0. 1. 1. 0.]
 [1. 1. 1. 0.]]
action0:[3 2 3 1]
action1:[0 0 0 0]
sub_loc:
[[0. 1. 1. 1.]
 [1. 1. 1. 1.]
 [1. 0. 1. 1.]
 [1. 1. 1. 0.]]
action0:[3 1 1 2]
action1:[0 0 0 0]
sub_loc:
[[1. 1. 1. 0.]
 [0. 1. 1. 0.]
 [1. 0. 1. 1.]
 [1. 0. 1. 1.]]
action0:[3 0 1 2]
action1:[0 0 0 0]
sub_loc:
[[0. 1. 0. 1.]
 [1. 0. 1. 0.]
 [1. 1. 1. 0.]
 [0. 1. 1. 1.]]
action0:[1 2 2 0]
action1:[0 0 0 0]
sub_loc:
[[1. 1. 1. 1.]
 [1. 1. 1. 1.]
 [1. 1. 1. 1.]
 [0. 0. 0. 1.]]
action0:[0 0 1 0]
action1:[0 0 0 0]
sub_loc:
[[0. 1. 1. 0.]
 [1. 1. 0. 0.]
 [1. 1. 1. 1.]
 [1. 0. 1. 1.]]
action0:[3 1 3 2]
action1:[0 0 0 0]
sub_loc:
[[1. 0. 0. 1.]
 [1. 0. 1. 1.]
 [1. 0. 1. 1.]
 [1. 1. 1. 1.]]
action0:[3 3 2 3]
action1:[0 0 0 0]
sub_loc:
[[0. 1. 0. 1.]
 [1. 1. 0. 1.]
 [1. 1. 0. 0.]
 [1. 1. 1. 1.]]
action0:[2 2 3 3]
action1:[0 0 0 0]
sub_loc:
[[0. 1. 1. 0.]
 [0. 1. 1. 0.]
 [1. 1. 1. 1.]
 [0. 1. 1. 0.]]
action0:[2 0 1 2]
action1:[0 0 0 0]
sub_loc:
[[1. 1. 0. 1.]
 [1. 0. 0. 0.]
 [1. 0. 1. 1.]
 [1. 1. 1. 1.]]
action0:[0 3 2 3]
action1:[0 0 0 0]
sub_loc:
[[1. 0. 0. 0.]
 [0. 1. 1. 1.]
 [1. 1. 1. 1.]
 [0. 1. 1. 0.]]
action0:[0 2 2 1]
action1:[0 0 0 0]
time is too long
20498.591283061527 20695.86670241654
