episode:10, reward:1.0951182058256193
episode:20, reward:-0.2813982890576589
success
episode:30, reward:1.2863575394452011
episode:40, reward:1.331584876961761
success
episode:50, reward:1.414371394429616
episode:60, reward:0.8174306193900309
success
episode:70, reward:1.225290904615708
episode:80, reward:1.594171973566388
success
episode:90, reward:1.4918795355529166
episode:100, reward:1.6690041723705893
success
episode:110, reward:1.5989793220683761
episode:120, reward:1.666444925613365
episode:130, reward:1.36764909065653
success
episode:140, reward:1.0169020254447285
episode:150, reward:1.5066924565200128
success
episode:160, reward:1.5441175684701554
episode:170, reward:1.612044313656574
success
episode:180, reward:1.4580856252103125
episode:190, reward:1.6949783113095296
success
episode:200, reward:1.6147164003213397
episode:210, reward:1.6650810691138016
success
episode:220, reward:1.7494250108573182
episode:230, reward:1.7422925925387462
episode:240, reward:1.7099654496257528
success
episode:250, reward:0.8574202317396307
episode:260, reward:1.651775938412999
success
episode:270, reward:1.5414066947906266
episode:280, reward:1.6261459684993889
success
episode:290, reward:1.423908520205542
episode:300, reward:1.6497255773515245
sub_loc:
[[1. 1.]
 [1. 1.]
 [1. 0.]
 [1. 1.]]
action0:[0 0]
action1:[0 1]
sub_loc:
[[1. 0.]
 [0. 1.]
 [1. 1.]
 [1. 1.]]
action0:[0 3]
action1:[1 0]
sub_loc:
[[0. 0.]
 [1. 1.]
 [0. 1.]
 [1. 0.]]
action0:[3 1]
action1:[1 0]
sub_loc:
[[1. 0.]
 [0. 0.]
 [1. 1.]
 [0. 1.]]
action0:[0 3]
action1:[1 0]
sub_loc:
[[1. 0.]
 [0. 0.]
 [1. 1.]
 [1. 0.]]
action0:[0 2]
action1:[0 1]
sub_loc:
[[1. 1.]
 [1. 1.]
 [1. 1.]
 [1. 1.]]
action0:[3 0]
action1:[1 0]
sub_loc:
[[1. 1.]
 [1. 1.]
 [0. 1.]
 [0. 0.]]
action0:[1 1]
action1:[1 0]
sub_loc:
[[1. 0.]
 [0. 0.]
 [1. 1.]
 [1. 1.]]
action0:[0 3]
action1:[1 0]
sub_loc:
[[1. 0.]
 [0. 0.]
 [0. 1.]
 [1. 1.]]
action0:[0 3]
action1:[1 0]
sub_loc:
[[1. 1.]
 [0. 1.]
 [0. 0.]
 [1. 1.]]
action0:[0 3]
action1:[1 0]
sub_loc:
[[1. 0.]
 [0. 1.]
 [1. 0.]
 [0. 0.]]
action0:[0 1]
action1:[0 1]
sub_loc:
[[0. 0.]
 [1. 1.]
 [1. 1.]
 [1. 1.]]
action0:[1 3]
action1:[0 1]
sub_loc:
[[0. 1.]
 [0. 0.]
 [1. 0.]
 [1. 1.]]
action0:[3 0]
action1:[0 1]
sub_loc:
[[1. 1.]
 [1. 1.]
 [1. 1.]
 [1. 0.]]
action0:[1 2]
action1:[0 1]
sub_loc:
[[0. 1.]
 [1. 1.]
 [1. 0.]
 [0. 1.]]
action0:[1 0]
action1:[0 1]
sub_loc:
[[0. 0.]
 [0. 1.]
 [1. 0.]
 [0. 1.]]
action0:[2 3]
action1:[0 1]
sub_loc:
[[0. 0.]
 [0. 1.]
 [1. 1.]
 [0. 0.]]
action0:[2 1]
action1:[0 1]
sub_loc:
[[1. 0.]
 [1. 1.]
 [1. 1.]
 [1. 0.]]
action0:[0 1]
action1:[0 1]
sub_loc:
[[0. 1.]
 [1. 0.]
 [1. 1.]
 [1. 1.]]
action0:[1 0]
action1:[1 0]
sub_loc:
[[0. 0.]
 [1. 1.]
 [1. 1.]
 [1. 1.]]
action0:[3 3]
action1:[0 1]
sub_loc:
[[1. 0.]
 [1. 1.]
 [0. 1.]
 [0. 0.]]
action0:[0 2]
action1:[1 0]
sub_loc:
[[0. 0.]
 [1. 1.]
 [1. 1.]
 [1. 1.]]
action0:[1 3]
action1:[0 1]
sub_loc:
[[1. 1.]
 [0. 0.]
 [0. 1.]
 [1. 0.]]
action0:[0 0]
action1:[1 0]
sub_loc:
[[1. 1.]
 [0. 0.]
 [0. 1.]
 [1. 0.]]
action0:[0 0]
action1:[1 0]
sub_loc:
[[0. 1.]
 [1. 1.]
 [0. 1.]
 [0. 0.]]
action0:[1 0]
action1:[0 1]
sub_loc:
[[1. 0.]
 [1. 0.]
 [0. 1.]
 [1. 0.]]
action0:[3 2]
action1:[0 1]
sub_loc:
[[1. 0.]
 [1. 1.]
 [1. 1.]
 [0. 1.]]
action0:[0 3]
action1:[0 1]
sub_loc:
[[1. 1.]
 [0. 1.]
 [1. 1.]
 [1. 1.]]
action0:[0 0]
action1:[1 0]
sub_loc:
[[0. 0.]
 [1. 1.]
 [0. 0.]
 [0. 0.]]
action0:[1 1]
action1:[0 1]
sub_loc:
[[1. 1.]
 [0. 1.]
 [1. 1.]
 [1. 0.]]
action0:[0 0]
action1:[1 0]
sub_loc:
[[1. 1.]
 [0. 1.]
 [0. 1.]
 [1. 1.]]
action0:[0 3]
action1:[0 1]
sub_loc:
[[1. 0.]
 [1. 0.]
 [1. 0.]
 [1. 1.]]
action0:[1 3]
action1:[0 1]
sub_loc:
[[0. 0.]
 [1. 0.]
 [1. 0.]
 [1. 1.]]
action0:[3 3]
action1:[0 1]
sub_loc:
[[0. 0.]
 [0. 0.]
 [0. 1.]
 [1. 0.]]
action0:[3 2]
action1:[0 1]
sub_loc:
[[0. 0.]
 [1. 1.]
 [1. 1.]
 [1. 1.]]
action0:[1 3]
action1:[0 1]
sub_loc:
[[0. 0.]
 [1. 1.]
 [0. 0.]
 [1. 1.]]
action0:[1 3]
action1:[0 1]
sub_loc:
[[1. 1.]
 [1. 0.]
 [1. 0.]
 [1. 1.]]
action0:[0 0]
action1:[1 0]
sub_loc:
[[0. 0.]
 [0. 1.]
 [1. 1.]
 [0. 0.]]
action0:[2 1]
action1:[1 0]
sub_loc:
[[0. 0.]
 [0. 0.]
 [1. 1.]
 [1. 0.]]
action0:[3 2]
action1:[0 1]
sub_loc:
[[0. 0.]
 [0. 1.]
 [0. 1.]
 [1. 1.]]
action0:[3 2]
action1:[0 1]
sub_loc:
[[1. 1.]
 [1. 1.]
 [0. 1.]
 [1. 1.]]
action0:[0 0]
action1:[0 1]
sub_loc:
[[0. 1.]
 [1. 1.]
 [1. 0.]
 [1. 1.]]
action0:[3 0]
action1:[1 0]
sub_loc:
[[1. 0.]
 [1. 0.]
 [1. 1.]
 [1. 1.]]
action0:[1 3]
action1:[1 0]
sub_loc:
[[0. 0.]
 [1. 0.]
 [1. 0.]
 [1. 1.]]
action0:[1 3]
action1:[0 1]
sub_loc:
[[1. 0.]
 [0. 0.]
 [1. 1.]
 [1. 1.]]
action0:[0 3]
action1:[0 1]
sub_loc:
[[0. 1.]
 [1. 1.]
 [0. 1.]
 [1. 1.]]
action0:[1 0]
action1:[1 0]
sub_loc:
[[1. 1.]
 [1. 1.]
 [0. 0.]
 [1. 0.]]
action0:[0 0]
action1:[1 0]
sub_loc:
[[0. 1.]
 [1. 1.]
 [0. 1.]
 [0. 1.]]
action0:[1 0]
action1:[1 0]
sub_loc:
[[1. 1.]
 [0. 0.]
 [1. 0.]
 [0. 1.]]
action0:[0 3]
action1:[0 1]
sub_loc:
[[0. 1.]
 [0. 1.]
 [1. 0.]
 [1. 0.]]
action0:[3 0]
action1:[1 0]
sub_loc:
[[1. 1.]
 [0. 1.]
 [1. 1.]
 [1. 1.]]
action0:[0 0]
action1:[0 1]
sub_loc:
[[1. 1.]
 [1. 0.]
 [0. 1.]
 [0. 0.]]
action0:[1 0]
action1:[1 0]
sub_loc:
[[0. 1.]
 [1. 1.]
 [0. 1.]
 [0. 1.]]
action0:[1 0]
action1:[1 0]
sub_loc:
[[1. 1.]
 [1. 1.]
 [0. 1.]
 [1. 1.]]
action0:[0 3]
action1:[1 0]
sub_loc:
[[0. 0.]
 [0. 0.]
 [1. 1.]
 [0. 0.]]
action0:[2 2]
action1:[0 1]
sub_loc:
[[0. 0.]
 [1. 1.]
 [1. 0.]
 [1. 0.]]
action0:[1 1]
action1:[0 1]
sub_loc:
[[0. 0.]
 [1. 1.]
 [1. 1.]
 [0. 0.]]
action0:[1 1]
action1:[1 0]
sub_loc:
[[0. 0.]
 [0. 0.]
 [1. 1.]
 [1. 0.]]
action0:[3 2]
action1:[0 1]
sub_loc:
[[0. 1.]
 [0. 1.]
 [1. 1.]
 [1. 1.]]
action0:[3 0]
action1:[1 0]
sub_loc:
[[0. 0.]
 [1. 1.]
 [1. 0.]
 [1. 0.]]
action0:[1 1]
action1:[1 0]
sub_loc:
[[1. 0.]
 [1. 0.]
 [1. 1.]
 [1. 1.]]
action0:[0 3]
action1:[1 0]
sub_loc:
[[1. 1.]
 [1. 1.]
 [1. 1.]
 [1. 0.]]
action0:[1 1]
action1:[0 1]
sub_loc:
[[0. 0.]
 [1. 1.]
 [0. 1.]
 [1. 1.]]
action0:[1 3]
action1:[0 1]
sub_loc:
[[1. 1.]
 [0. 0.]
 [1. 0.]
 [1. 1.]]
action0:[0 0]
action1:[1 0]
sub_loc:
[[0. 1.]
 [1. 1.]
 [1. 1.]
 [1. 0.]]
action0:[3 0]
action1:[0 1]
sub_loc:
[[1. 0.]
 [0. 1.]
 [1. 1.]
 [1. 0.]]
action0:[0 1]
action1:[0 1]
sub_loc:
[[0. 1.]
 [0. 1.]
 [1. 0.]
 [0. 1.]]
action0:[2 0]
action1:[0 1]
sub_loc:
[[1. 1.]
 [1. 1.]
 [1. 1.]
 [0. 1.]]
action0:[1 3]
action1:[1 0]
sub_loc:
[[0. 1.]
 [1. 1.]
 [0. 0.]
 [0. 0.]]
action0:[1 0]
action1:[0 1]
sub_loc:
[[0. 0.]
 [1. 0.]
 [0. 1.]
 [1. 1.]]
action0:[1 3]
action1:[1 0]
sub_loc:
[[1. 1.]
 [1. 1.]
 [1. 1.]
 [1. 0.]]
action0:[1 0]
action1:[0 1]
sub_loc:
[[1. 0.]
 [1. 0.]
 [1. 0.]
 [1. 1.]]
action0:[1 3]
action1:[1 0]
sub_loc:
[[1. 0.]
 [0. 1.]
 [1. 1.]
 [1. 1.]]
action0:[0 3]
action1:[0 1]
sub_loc:
[[0. 0.]
 [0. 1.]
 [1. 1.]
 [0. 1.]]
action0:[2 3]
action1:[0 1]
sub_loc:
[[0. 1.]
 [1. 1.]
 [1. 1.]
 [1. 1.]]
action0:[1 3]
action1:[0 1]
sub_loc:
[[0. 0.]
 [1. 1.]
 [0. 0.]
 [1. 0.]]
action0:[3 1]
action1:[0 1]
sub_loc:
[[1. 0.]
 [1. 0.]
 [0. 1.]
 [0. 0.]]
action0:[0 2]
action1:[1 0]
sub_loc:
[[0. 1.]
 [0. 0.]
 [1. 0.]
 [0. 1.]]
action0:[2 3]
action1:[1 0]
sub_loc:
[[1. 1.]
 [0. 1.]
 [1. 0.]
 [1. 0.]]
action0:[0 1]
action1:[1 0]
sub_loc:
[[0. 0.]
 [0. 1.]
 [0. 0.]
 [1. 0.]]
action0:[3 1]
action1:[1 0]
sub_loc:
[[0. 0.]
 [0. 0.]
 [1. 0.]
 [0. 1.]]
action0:[2 3]
action1:[1 0]
sub_loc:
[[1. 1.]
 [0. 1.]
 [1. 1.]
 [1. 1.]]
action0:[0 0]
action1:[1 0]
sub_loc:
[[0. 0.]
 [1. 1.]
 [1. 1.]
 [1. 1.]]
action0:[1 1]
action1:[1 0]
sub_loc:
[[1. 0.]
 [1. 1.]
 [0. 1.]
 [1. 1.]]
action0:[1 3]
action1:[0 1]
sub_loc:
[[1. 1.]
 [1. 1.]
 [1. 1.]
 [0. 1.]]
action0:[0 3]
action1:[1 0]
sub_loc:
[[1. 0.]
 [1. 1.]
 [1. 1.]
 [1. 1.]]
action0:[1 3]
action1:[0 1]
sub_loc:
[[0. 0.]
 [1. 1.]
 [1. 1.]
 [0. 0.]]
action0:[1 1]
action1:[0 1]
sub_loc:
[[1. 0.]
 [1. 1.]
 [1. 1.]
 [1. 1.]]
action0:[0 3]
action1:[0 1]
sub_loc:
[[1. 0.]
 [1. 1.]
 [0. 0.]
 [0. 1.]]
action0:[0 3]
action1:[0 1]
sub_loc:
[[0. 1.]
 [0. 1.]
 [1. 1.]
 [1. 1.]]
action0:[3 0]
action1:[0 1]
sub_loc:
[[0. 0.]
 [1. 1.]
 [1. 1.]
 [0. 1.]]
action0:[1 3]
action1:[0 1]
sub_loc:
[[1. 0.]
 [1. 1.]
 [0. 1.]
 [0. 1.]]
action0:[0 3]
action1:[1 0]
sub_loc:
[[0. 1.]
 [1. 1.]
 [1. 1.]
 [1. 1.]]
action0:[3 0]
action1:[1 0]
sub_loc:
[[0. 1.]
 [1. 0.]
 [1. 1.]
 [1. 1.]]
action0:[1 0]
action1:[0 1]
sub_loc:
[[1. 1.]
 [0. 1.]
 [0. 1.]
 [1. 1.]]
action0:[0 0]
action1:[0 1]
sub_loc:
[[1. 1.]
 [1. 1.]
 [1. 1.]
 [1. 0.]]
action0:[0 0]
action1:[0 1]
sub_loc:
[[0. 0.]
 [1. 0.]
 [1. 1.]
 [0. 1.]]
action0:[1 3]
action1:[1 0]
sub_loc:
[[0. 1.]
 [1. 0.]
 [0. 1.]
 [0. 1.]]
action0:[1 0]
action1:[1 0]
sub_loc:
[[1. 0.]
 [1. 1.]
 [1. 1.]
 [1. 1.]]
action0:[0 3]
action1:[1 0]
sub_loc:
[[0. 0.]
 [1. 1.]
 [1. 1.]
 [0. 1.]]
action0:[1 3]
action1:[1 0]
sub_loc:
[[0. 0.]
 [1. 1.]
 [1. 1.]
 [1. 1.]]
action0:[1 3]
action1:[1 0]
sub_loc:
[[0. 1.]
 [1. 0.]
 [1. 1.]
 [1. 1.]]
action0:[3 3]
action1:[0 1]
sub_loc:
[[0. 0.]
 [0. 1.]
 [1. 0.]
 [1. 0.]]
action0:[3 1]
action1:[0 1]
sub_loc:
[[1. 1.]
 [1. 1.]
 [1. 1.]
 [0. 1.]]
action0:[0 1]
action1:[0 1]
sub_loc:
[[0. 1.]
 [1. 0.]
 [0. 0.]
 [1. 1.]]
action0:[3 0]
action1:[0 1]
sub_loc:
[[0. 0.]
 [1. 1.]
 [1. 0.]
 [1. 0.]]
action0:[1 1]
action1:[1 0]
sub_loc:
[[1. 0.]
 [0. 0.]
 [1. 0.]
 [0. 1.]]
action0:[0 3]
action1:[1 0]
sub_loc:
[[1. 0.]
 [1. 1.]
 [1. 1.]
 [1. 0.]]
action0:[0 1]
action1:[1 0]
sub_loc:
[[1. 0.]
 [0. 1.]
 [1. 1.]
 [0. 1.]]
action0:[0 3]
action1:[0 1]
sub_loc:
[[1. 0.]
 [1. 1.]
 [0. 1.]
 [1. 1.]]
action0:[0 3]
action1:[0 1]
sub_loc:
[[1. 0.]
 [1. 1.]
 [0. 1.]
 [1. 1.]]
action0:[0 3]
action1:[1 0]
sub_loc:
[[1. 0.]
 [0. 1.]
 [0. 0.]
 [1. 1.]]
action0:[0 3]
action1:[1 0]
sub_loc:
[[0. 0.]
 [1. 0.]
 [1. 1.]
 [1. 0.]]
action0:[1 2]
action1:[1 0]
sub_loc:
[[1. 1.]
 [1. 0.]
 [0. 1.]
 [1. 1.]]
action0:[0 0]
action1:[1 0]
sub_loc:
[[0. 0.]
 [0. 0.]
 [1. 1.]
 [0. 0.]]
action0:[2 2]
action1:[0 1]
sub_loc:
[[0. 1.]
 [1. 1.]
 [0. 1.]
 [0. 0.]]
action0:[1 0]
action1:[1 0]
sub_loc:
[[0. 1.]
 [1. 0.]
 [1. 1.]
 [1. 1.]]
action0:[1 0]
action1:[0 1]
sub_loc:
[[0. 0.]
 [1. 1.]
 [0. 1.]
 [0. 1.]]
action0:[1 3]
action1:[1 0]
sub_loc:
[[0. 0.]
 [1. 0.]
 [1. 1.]
 [1. 0.]]
action0:[1 2]
action1:[1 0]
sub_loc:
[[0. 1.]
 [1. 1.]
 [1. 1.]
 [0. 0.]]
action0:[1 0]
action1:[0 1]
sub_loc:
[[0. 1.]
 [1. 1.]
 [0. 1.]
 [1. 0.]]
action0:[1 0]
action1:[1 0]
sub_loc:
[[1. 1.]
 [1. 1.]
 [1. 0.]
 [1. 0.]]
action0:[3 0]
action1:[1 0]
sub_loc:
[[1. 0.]
 [1. 1.]
 [1. 1.]
 [1. 1.]]
action0:[0 3]
action1:[1 0]
sub_loc:
[[0. 1.]
 [1. 0.]
 [1. 1.]
 [1. 0.]]
action0:[1 0]
action1:[0 1]
sub_loc:
[[0. 1.]
 [1. 1.]
 [1. 1.]
 [1. 1.]]
action0:[1 0]
action1:[1 0]
sub_loc:
[[1. 1.]
 [1. 0.]
 [0. 1.]
 [0. 1.]]
action0:[0 0]
action1:[1 0]
sub_loc:
[[1. 0.]
 [1. 1.]
 [1. 1.]
 [1. 1.]]
action0:[0 3]
action1:[1 0]
sub_loc:
[[1. 0.]
 [0. 1.]
 [0. 1.]
 [1. 1.]]
action0:[0 3]
action1:[0 1]
sub_loc:
[[1. 1.]
 [0. 1.]
 [1. 1.]
 [1. 1.]]
action0:[0 0]
action1:[1 0]
sub_loc:
[[0. 1.]
 [1. 1.]
 [0. 1.]
 [0. 1.]]
action0:[1 0]
action1:[1 0]
sub_loc:
[[1. 1.]
 [0. 1.]
 [1. 0.]
 [1. 0.]]
action0:[0 0]
action1:[1 0]
sub_loc:
[[1. 1.]
 [0. 1.]
 [1. 0.]
 [0. 0.]]
action0:[0 1]
action1:[0 1]
sub_loc:
[[0. 1.]
 [1. 1.]
 [1. 1.]
 [1. 1.]]
action0:[1 3]
action1:[0 1]
sub_loc:
[[0. 0.]
 [1. 1.]
 [0. 1.]
 [1. 0.]]
action0:[1 1]
action1:[1 0]
sub_loc:
[[1. 0.]
 [1. 1.]
 [1. 1.]
 [1. 0.]]
action0:[0 1]
action1:[0 1]
sub_loc:
[[0. 0.]
 [1. 1.]
 [0. 0.]
 [0. 1.]]
action0:[1 3]
action1:[1 0]
sub_loc:
[[0. 1.]
 [0. 0.]
 [1. 1.]
 [1. 1.]]
action0:[3 0]
action1:[1 0]
sub_loc:
[[1. 0.]
 [0. 1.]
 [0. 0.]
 [1. 0.]]
action0:[0 1]
action1:[0 1]
sub_loc:
[[1. 1.]
 [0. 1.]
 [1. 0.]
 [0. 0.]]
action0:[0 0]
action1:[1 0]
sub_loc:
[[1. 1.]
 [1. 1.]
 [0. 1.]
 [0. 1.]]
action0:[0 0]
action1:[0 1]
sub_loc:
[[1. 0.]
 [1. 1.]
 [1. 1.]
 [1. 1.]]
action0:[3 3]
action1:[0 1]
sub_loc:
[[0. 0.]
 [1. 1.]
 [1. 1.]
 [1. 0.]]
action0:[1 2]
action1:[0 1]
sub_loc:
[[0. 0.]
 [1. 1.]
 [1. 1.]
 [0. 1.]]
action0:[1 3]
action1:[0 1]
sub_loc:
[[1. 0.]
 [0. 0.]
 [0. 1.]
 [1. 1.]]
action0:[0 3]
action1:[0 1]
sub_loc:
[[1. 1.]
 [1. 1.]
 [1. 1.]
 [0. 1.]]
action0:[0 0]
action1:[1 0]
sub_loc:
[[0. 0.]
 [0. 1.]
 [0. 1.]
 [1. 0.]]
action0:[3 1]
action1:[1 0]
sub_loc:
[[0. 0.]
 [1. 1.]
 [1. 0.]
 [1. 1.]]
action0:[1 3]
action1:[1 0]
sub_loc:
[[1. 1.]
 [1. 1.]
 [0. 0.]
 [1. 1.]]
action0:[0 0]
action1:[0 1]
sub_loc:
[[0. 0.]
 [0. 1.]
 [1. 1.]
 [1. 0.]]
action0:[3 1]
action1:[1 0]
sub_loc:
[[0. 0.]
 [1. 0.]
 [1. 1.]
 [1. 1.]]
action0:[1 3]
action1:[0 1]
sub_loc:
[[1. 1.]
 [0. 1.]
 [0. 1.]
 [1. 1.]]
action0:[0 0]
action1:[1 0]
sub_loc:
[[0. 0.]
 [1. 1.]
 [1. 1.]
 [1. 1.]]
action0:[1 3]
action1:[1 0]
sub_loc:
[[1. 1.]
 [0. 0.]
 [1. 1.]
 [1. 1.]]
action0:[0 0]
action1:[1 0]
sub_loc:
[[1. 0.]
 [0. 1.]
 [1. 1.]
 [1. 1.]]
action0:[0 3]
action1:[1 0]
sub_loc:
[[1. 1.]
 [1. 0.]
 [0. 0.]
 [1. 1.]]
action0:[0 0]
action1:[0 1]
sub_loc:
[[0. 1.]
 [1. 0.]
 [1. 1.]
 [0. 0.]]
action0:[1 0]
action1:[0 1]
sub_loc:
[[1. 1.]
 [0. 1.]
 [0. 1.]
 [1. 1.]]
action0:[0 0]
action1:[0 1]
sub_loc:
[[0. 0.]
 [1. 1.]
 [0. 1.]
 [0. 1.]]
action0:[1 3]
action1:[1 0]
sub_loc:
[[1. 1.]
 [1. 0.]
 [1. 1.]
 [0. 0.]]
action0:[0 0]
action1:[0 1]
sub_loc:
[[0. 1.]
 [1. 1.]
 [1. 1.]
 [1. 1.]]
action0:[1 0]
action1:[1 0]
sub_loc:
[[1. 1.]
 [1. 1.]
 [0. 0.]
 [0. 1.]]
action0:[0 3]
action1:[0 1]
sub_loc:
[[0. 0.]
 [0. 0.]
 [1. 1.]
 [1. 0.]]
action0:[3 2]
action1:[1 0]
sub_loc:
[[0. 0.]
 [1. 1.]
 [0. 1.]
 [1. 1.]]
action0:[3 3]
action1:[1 0]
sub_loc:
[[0. 1.]
 [0. 0.]
 [1. 1.]
 [1. 0.]]
action0:[3 0]
action1:[0 1]
sub_loc:
[[0. 0.]
 [0. 1.]
 [1. 0.]
 [1. 0.]]
action0:[3 1]
action1:[1 0]
sub_loc:
[[1. 0.]
 [0. 0.]
 [1. 1.]
 [0. 0.]]
action0:[0 2]
action1:[0 1]
sub_loc:
[[0. 1.]
 [1. 1.]
 [0. 1.]
 [1. 1.]]
action0:[1 0]
action1:[0 1]
sub_loc:
[[0. 0.]
 [1. 1.]
 [0. 0.]
 [0. 0.]]
action0:[1 1]
action1:[0 1]
sub_loc:
[[0. 1.]
 [0. 1.]
 [0. 1.]
 [1. 1.]]
action0:[3 0]
action1:[1 0]
sub_loc:
[[0. 1.]
 [0. 1.]
 [1. 1.]
 [0. 0.]]
action0:[2 0]
action1:[0 1]
sub_loc:
[[0. 1.]
 [1. 1.]
 [1. 1.]
 [1. 0.]]
action0:[3 0]
action1:[1 0]
sub_loc:
[[1. 1.]
 [1. 1.]
 [1. 0.]
 [1. 1.]]
action0:[0 0]
action1:[1 0]
sub_loc:
[[0. 0.]
 [1. 1.]
 [1. 1.]
 [1. 0.]]
action0:[1 2]
action1:[0 1]
sub_loc:
[[0. 1.]
 [1. 1.]
 [0. 1.]
 [1. 1.]]
action0:[1 3]
action1:[1 0]
sub_loc:
[[1. 1.]
 [1. 0.]
 [1. 0.]
 [1. 1.]]
action0:[0 0]
action1:[1 0]
sub_loc:
[[1. 1.]
 [1. 0.]
 [1. 0.]
 [0. 1.]]
action0:[0 0]
action1:[0 1]
sub_loc:
[[1. 1.]
 [1. 0.]
 [1. 1.]
 [0. 0.]]
action0:[0 0]
action1:[0 1]
sub_loc:
[[0. 1.]
 [0. 1.]
 [1. 1.]
 [1. 1.]]
action0:[3 0]
action1:[1 0]
sub_loc:
[[1. 0.]
 [1. 1.]
 [0. 1.]
 [0. 0.]]
action0:[0 1]
action1:[0 1]
sub_loc:
[[1. 1.]
 [0. 1.]
 [0. 1.]
 [1. 1.]]
action0:[0 3]
action1:[1 0]
sub_loc:
[[0. 0.]
 [0. 0.]
 [0. 1.]
 [1. 1.]]
action0:[3 3]
action1:[1 0]
sub_loc:
[[1. 0.]
 [0. 1.]
 [0. 1.]
 [1. 1.]]
action0:[0 3]
action1:[0 1]
sub_loc:
[[1. 1.]
 [1. 1.]
 [1. 1.]
 [1. 1.]]
action0:[0 3]
action1:[0 1]
sub_loc:
[[1. 1.]
 [0. 0.]
 [1. 1.]
 [1. 1.]]
action0:[0 0]
action1:[1 0]
sub_loc:
[[1. 1.]
 [1. 1.]
 [1. 1.]
 [1. 0.]]
action0:[0 0]
action1:[1 0]
sub_loc:
[[1. 0.]
 [1. 1.]
 [1. 0.]
 [0. 0.]]
action0:[0 1]
action1:[1 0]
sub_loc:
[[1. 0.]
 [1. 1.]
 [1. 0.]
 [0. 0.]]
action0:[0 1]
action1:[0 1]
sub_loc:
[[1. 0.]
 [1. 0.]
 [0. 1.]
 [1. 0.]]
action0:[0 2]
action1:[0 1]
sub_loc:
[[1. 0.]
 [1. 1.]
 [1. 1.]
 [1. 0.]]
action0:[0 2]
action1:[1 0]
sub_loc:
[[0. 0.]
 [0. 1.]
 [0. 1.]
 [1. 0.]]
action0:[3 1]
action1:[0 1]
sub_loc:
[[0. 1.]
 [1. 1.]
 [1. 1.]
 [1. 0.]]
action0:[1 0]
action1:[1 0]
sub_loc:
[[0. 0.]
 [0. 1.]
 [1. 0.]
 [0. 0.]]
action0:[2 1]
action1:[0 1]
sub_loc:
[[0. 0.]
 [1. 0.]
 [1. 0.]
 [0. 1.]]
action0:[1 3]
action1:[1 0]
sub_loc:
[[1. 1.]
 [0. 0.]
 [0. 1.]
 [1. 0.]]
action0:[0 0]
action1:[0 1]
sub_loc:
[[1. 0.]
 [0. 0.]
 [0. 1.]
 [1. 1.]]
action0:[0 3]
action1:[0 1]
sub_loc:
[[1. 1.]
 [1. 1.]
 [0. 0.]
 [0. 0.]]
action0:[0 0]
action1:[1 0]
sub_loc:
[[1. 0.]
 [1. 1.]
 [0. 0.]
 [1. 0.]]
action0:[0 1]
action1:[0 1]
sub_loc:
[[1. 0.]
 [0. 1.]
 [1. 1.]
 [0. 1.]]
action0:[0 3]
action1:[0 1]
sub_loc:
[[1. 1.]
 [1. 0.]
 [0. 1.]
 [1. 1.]]
action0:[0 0]
action1:[0 1]
sub_loc:
[[1. 1.]
 [0. 1.]
 [1. 1.]
 [1. 0.]]
action0:[0 0]
action1:[0 1]
sub_loc:
[[1. 1.]
 [1. 0.]
 [1. 0.]
 [1. 1.]]
action0:[0 3]
action1:[0 1]
sub_loc:
[[1. 1.]
 [0. 1.]
 [0. 1.]
 [1. 0.]]
action0:[0 1]
action1:[0 1]
sub_loc:
[[1. 0.]
 [1. 0.]
 [1. 0.]
 [1. 1.]]
action0:[0 3]
action1:[0 1]
sub_loc:
[[0. 1.]
 [0. 1.]
 [1. 1.]
 [1. 1.]]
action0:[3 0]
action1:[1 0]
sub_loc:
[[0. 0.]
 [1. 1.]
 [1. 1.]
 [1. 1.]]
action0:[1 3]
action1:[1 0]
sub_loc:
[[0. 1.]
 [1. 0.]
 [0. 1.]
 [0. 0.]]
action0:[1 0]
action1:[0 1]
sub_loc:
[[1. 0.]
 [1. 1.]
 [1. 1.]
 [0. 1.]]
action0:[1 3]
action1:[0 1]
sub_loc:
[[1. 1.]
 [1. 1.]
 [1. 1.]
 [0. 1.]]
action0:[0 3]
action1:[0 1]
sub_loc:
[[1. 1.]
 [1. 1.]
 [0. 0.]
 [0. 0.]]
action0:[0 0]
action1:[1 0]
sub_loc:
[[1. 0.]
 [1. 1.]
 [1. 1.]
 [1. 1.]]
action0:[0 3]
action1:[1 0]
sub_loc:
[[0. 1.]
 [1. 0.]
 [1. 0.]
 [0. 1.]]
action0:[1 0]
action1:[0 1]
sub_loc:
[[0. 0.]
 [1. 1.]
 [1. 1.]
 [0. 1.]]
action0:[1 1]
action1:[1 0]
sub_loc:
[[1. 0.]
 [1. 1.]
 [1. 1.]
 [1. 1.]]
action0:[0 3]
action1:[1 0]
sub_loc:
[[0. 1.]
 [0. 1.]
 [1. 0.]
 [0. 0.]]
action0:[2 0]
action1:[1 0]
sub_loc:
[[1. 1.]
 [0. 1.]
 [0. 1.]
 [1. 0.]]
action0:[0 0]
action1:[1 0]
success
next_agent##################################################
sub_loc:
[[1. 1.]
 [1. 1.]
 [1. 0.]
 [1. 1.]]
action0:[2 0]
action1:[0 0]
sub_loc:
[[1. 0.]
 [0. 0.]
 [1. 0.]
 [0. 1.]]
action0:[0 3]
action1:[0 0]
sub_loc:
[[0. 1.]
 [1. 0.]
 [1. 1.]
 [1. 1.]]
action0:[2 0]
action1:[0 0]
sub_loc:
[[0. 1.]
 [1. 1.]
 [1. 0.]
 [0. 0.]]
action0:[1 0]
action1:[0 0]
sub_loc:
[[0. 1.]
 [1. 1.]
 [1. 0.]
 [1. 0.]]
action0:[1 1]
action1:[0 0]
sub_loc:
[[1. 0.]
 [1. 1.]
 [1. 1.]
 [1. 1.]]
action0:[1 1]
action1:[0 0]
sub_loc:
[[1. 0.]
 [0. 0.]
 [0. 1.]
 [1. 1.]]
action0:[3 3]
action1:[0 0]
sub_loc:
[[1. 1.]
 [1. 1.]
 [0. 0.]
 [1. 0.]]
action0:[3 0]
action1:[0 0]
sub_loc:
[[0. 1.]
 [1. 1.]
 [0. 0.]
 [0. 1.]]
action0:[1 0]
action1:[0 0]
sub_loc:
[[1. 1.]
 [0. 1.]
 [1. 1.]
 [0. 1.]]
action0:[0 3]
action1:[0 0]
sub_loc:
[[1. 1.]
 [1. 1.]
 [1. 1.]
 [1. 0.]]
action0:[3 2]
action1:[0 0]
sub_loc:
[[0. 1.]
 [1. 0.]
 [1. 1.]
 [1. 1.]]
action0:[2 2]
action1:[0 0]
sub_loc:
[[1. 0.]
 [0. 1.]
 [1. 1.]
 [1. 0.]]
action0:[2 1]
action1:[0 0]
sub_loc:
[[0. 0.]
 [1. 0.]
 [0. 1.]
 [0. 1.]]
action0:[1 2]
action1:[0 0]
sub_loc:
[[1. 1.]
 [1. 1.]
 [0. 0.]
 [0. 1.]]
action0:[1 1]
action1:[0 0]
sub_loc:
[[0. 1.]
 [1. 0.]
 [1. 1.]
 [1. 1.]]
action0:[2 3]
action1:[0 0]
sub_loc:
[[1. 1.]
 [1. 1.]
 [0. 1.]
 [0. 0.]]
action0:[0 2]
action1:[0 0]
sub_loc:
[[0. 0.]
 [1. 0.]
 [1. 1.]
 [1. 1.]]
action0:[2 2]
action1:[0 0]
sub_loc:
[[1. 1.]
 [0. 0.]
 [0. 1.]
 [1. 0.]]
action0:[3 0]
action1:[0 0]
sub_loc:
[[1. 0.]
 [1. 1.]
 [1. 1.]
 [1. 0.]]
action0:[3 2]
action1:[0 0]
sub_loc:
[[0. 1.]
 [1. 1.]
 [1. 1.]
 [0. 1.]]
action0:[1 2]
action1:[0 0]
sub_loc:
[[1. 1.]
 [1. 1.]
 [1. 0.]
 [1. 1.]]
action0:[2 3]
action1:[0 0]
sub_loc:
[[1. 1.]
 [1. 1.]
 [0. 1.]
 [0. 1.]]
action0:[1 2]
action1:[0 0]
sub_loc:
[[0. 1.]
 [1. 0.]
 [1. 1.]
 [0. 1.]]
action0:[1 3]
action1:[0 0]
sub_loc:
[[0. 0.]
 [1. 0.]
 [1. 0.]
 [1. 1.]]
action0:[1 3]
action1:[0 0]
sub_loc:
[[0. 1.]
 [0. 1.]
 [0. 0.]
 [1. 0.]]
action0:[3 0]
action1:[0 0]
sub_loc:
[[1. 0.]
 [0. 1.]
 [1. 1.]
 [0. 1.]]
action0:[0 3]
action1:[0 0]
sub_loc:
[[0. 1.]
 [1. 0.]
 [1. 1.]
 [1. 1.]]
action0:[3 2]
action1:[0 0]
sub_loc:
[[0. 0.]
 [1. 1.]
 [1. 1.]
 [0. 1.]]
action0:[1 1]
action1:[0 0]
sub_loc:
[[1. 1.]
 [1. 1.]
 [1. 1.]
 [1. 1.]]
action0:[3 0]
action1:[0 0]
sub_loc:
[[1. 0.]
 [1. 1.]
 [1. 0.]
 [1. 0.]]
action0:[3 1]
action1:[0 0]
sub_loc:
[[0. 0.]
 [0. 0.]
 [1. 1.]
 [1. 0.]]
action0:[2 2]
action1:[0 0]
sub_loc:
[[0. 0.]
 [1. 1.]
 [0. 1.]
 [1. 1.]]
action0:[3 1]
action1:[0 0]
sub_loc:
[[1. 0.]
 [1. 1.]
 [1. 1.]
 [0. 1.]]
action0:[1 3]
action1:[0 0]
sub_loc:
[[1. 0.]
 [1. 0.]
 [1. 1.]
 [1. 1.]]
action0:[0 2]
action1:[0 0]
sub_loc:
[[0. 0.]
 [0. 1.]
 [0. 1.]
 [1. 1.]]
action0:[3 2]
action1:[0 0]
sub_loc:
[[0. 1.]
 [0. 1.]
 [1. 1.]
 [1. 1.]]
action0:[3 2]
action1:[0 0]
sub_loc:
[[1. 0.]
 [1. 0.]
 [1. 1.]
 [1. 1.]]
action0:[0 3]
action1:[0 0]
sub_loc:
[[0. 1.]
 [1. 1.]
 [0. 0.]
 [1. 1.]]
action0:[3 3]
action1:[0 0]
sub_loc:
[[1. 0.]
 [0. 0.]
 [1. 1.]
 [1. 0.]]
action0:[0 2]
action1:[0 0]
sub_loc:
[[0. 1.]
 [1. 0.]
 [1. 0.]
 [1. 1.]]
action0:[2 3]
action1:[0 0]
sub_loc:
[[1. 0.]
 [0. 0.]
 [1. 1.]
 [1. 0.]]
action0:[2 2]
action1:[0 0]
sub_loc:
[[0. 0.]
 [1. 1.]
 [1. 0.]
 [1. 0.]]
action0:[3 1]
action1:[0 0]
sub_loc:
[[1. 1.]
 [1. 1.]
 [0. 1.]
 [1. 1.]]
action0:[3 1]
action1:[0 0]
sub_loc:
[[0. 0.]
 [1. 1.]
 [1. 0.]
 [1. 1.]]
action0:[3 1]
action1:[0 0]
sub_loc:
[[1. 1.]
 [1. 1.]
 [0. 1.]
 [0. 1.]]
action0:[1 1]
action1:[0 0]
sub_loc:
[[0. 1.]
 [1. 1.]
 [0. 0.]
 [0. 1.]]
action0:[1 3]
action1:[0 0]
sub_loc:
[[1. 0.]
 [1. 1.]
 [1. 0.]
 [1. 0.]]
action0:[0 1]
action1:[0 0]
sub_loc:
[[1. 0.]
 [1. 1.]
 [1. 0.]
 [0. 0.]]
action0:[1 1]
action1:[0 0]
sub_loc:
[[1. 1.]
 [1. 0.]
 [0. 1.]
 [0. 0.]]
action0:[0 2]
action1:[0 0]
sub_loc:
[[1. 0.]
 [1. 0.]
 [1. 1.]
 [0. 1.]]
action0:[1 2]
action1:[0 0]
sub_loc:
[[1. 0.]
 [1. 0.]
 [1. 1.]
 [1. 1.]]
action0:[1 3]
action1:[0 0]
sub_loc:
[[1. 1.]
 [1. 1.]
 [1. 0.]
 [1. 1.]]
action0:[1 3]
action1:[0 0]
sub_loc:
[[1. 1.]
 [0. 1.]
 [0. 1.]
 [1. 1.]]
action0:[0 3]
action1:[0 0]
sub_loc:
[[1. 0.]
 [1. 1.]
 [0. 1.]
 [1. 1.]]
action0:[3 3]
action1:[0 0]
sub_loc:
[[0. 0.]
 [1. 0.]
 [0. 0.]
 [1. 1.]]
action0:[1 3]
action1:[0 0]
sub_loc:
[[0. 1.]
 [1. 1.]
 [1. 1.]
 [1. 0.]]
action0:[3 1]
action1:[0 0]
sub_loc:
[[1. 0.]
 [1. 1.]
 [0. 1.]
 [1. 1.]]
action0:[1 2]
action1:[0 0]
sub_loc:
[[1. 1.]
 [0. 1.]
 [0. 1.]
 [1. 1.]]
action0:[0 3]
action1:[0 0]
sub_loc:
[[1. 1.]
 [1. 0.]
 [1. 1.]
 [1. 1.]]
action0:[0 2]
action1:[0 0]
sub_loc:
[[1. 0.]
 [0. 0.]
 [0. 1.]
 [1. 0.]]
action0:[0 2]
action1:[0 0]
sub_loc:
[[0. 1.]
 [0. 1.]
 [0. 0.]
 [1. 1.]]
action0:[3 3]
action1:[0 0]
sub_loc:
[[0. 0.]
 [1. 1.]
 [0. 1.]
 [0. 1.]]
action0:[1 2]
action1:[0 0]
sub_loc:
[[0. 0.]
 [1. 1.]
 [1. 1.]
 [1. 1.]]
action0:[2 2]
action1:[0 0]
sub_loc:
[[1. 1.]
 [0. 1.]
 [1. 1.]
 [1. 1.]]
action0:[3 0]
action1:[0 0]
sub_loc:
[[0. 1.]
 [0. 1.]
 [0. 1.]
 [1. 1.]]
action0:[3 3]
action1:[0 0]
sub_loc:
[[1. 0.]
 [0. 1.]
 [1. 1.]
 [0. 1.]]
action0:[0 2]
action1:[0 0]
sub_loc:
[[0. 1.]
 [1. 0.]
 [1. 1.]
 [1. 1.]]
action0:[1 2]
action1:[0 0]
sub_loc:
[[1. 0.]
 [0. 0.]
 [1. 1.]
 [0. 0.]]
action0:[0 2]
action1:[0 0]
sub_loc:
[[1. 1.]
 [1. 1.]
 [1. 1.]
 [1. 1.]]
action0:[1 1]
action1:[0 0]
sub_loc:
[[0. 0.]
 [1. 1.]
 [1. 0.]
 [1. 0.]]
action0:[3 1]
action1:[0 0]
sub_loc:
[[0. 1.]
 [1. 0.]
 [1. 1.]
 [1. 1.]]
action0:[3 2]
action1:[0 0]
sub_loc:
[[0. 0.]
 [1. 1.]
 [1. 1.]
 [1. 0.]]
action0:[3 2]
action1:[0 0]
sub_loc:
[[0. 1.]
 [1. 1.]
 [0. 0.]
 [1. 0.]]
action0:[3 1]
action1:[0 0]
sub_loc:
[[0. 1.]
 [1. 1.]
 [1. 0.]
 [0. 0.]]
action0:[2 1]
action1:[0 0]
sub_loc:
[[0. 0.]
 [1. 1.]
 [1. 1.]
 [0. 1.]]
action0:[2 3]
action1:[0 0]
sub_loc:
[[1. 0.]
 [1. 1.]
 [0. 1.]
 [0. 1.]]
action0:[0 2]
action1:[0 0]
sub_loc:
[[1. 1.]
 [0. 1.]
 [1. 1.]
 [0. 1.]]
action0:[0 3]
action1:[0 0]
sub_loc:
[[0. 1.]
 [1. 0.]
 [1. 0.]
 [1. 1.]]
action0:[1 3]
action1:[0 0]
sub_loc:
[[1. 1.]
 [1. 1.]
 [0. 0.]
 [0. 1.]]
action0:[0 1]
action1:[0 0]
sub_loc:
[[1. 1.]
 [1. 1.]
 [1. 0.]
 [1. 0.]]
action0:[2 1]
action1:[0 0]
sub_loc:
[[1. 0.]
 [0. 0.]
 [1. 1.]
 [1. 0.]]
action0:[0 2]
action1:[0 0]
sub_loc:
[[1. 1.]
 [1. 1.]
 [1. 0.]
 [1. 0.]]
action0:[3 0]
action1:[0 0]
sub_loc:
[[1. 1.]
 [0. 1.]
 [1. 1.]
 [0. 1.]]
action0:[0 2]
action1:[0 0]
sub_loc:
[[0. 0.]
 [0. 1.]
 [1. 0.]
 [0. 1.]]
action0:[2 1]
action1:[0 0]
sub_loc:
[[0. 1.]
 [1. 1.]
 [0. 1.]
 [0. 1.]]
action0:[1 0]
action1:[0 0]
sub_loc:
[[1. 0.]
 [1. 0.]
 [1. 1.]
 [0. 0.]]
action0:[0 2]
action1:[0 0]
sub_loc:
[[0. 0.]
 [1. 1.]
 [1. 0.]
 [1. 0.]]
action0:[1 1]
action1:[0 0]
sub_loc:
[[1. 0.]
 [1. 0.]
 [1. 1.]
 [1. 1.]]
action0:[0 3]
action1:[0 0]
sub_loc:
[[0. 1.]
 [0. 1.]
 [0. 1.]
 [1. 0.]]
action0:[3 0]
action1:[0 0]
sub_loc:
[[0. 0.]
 [1. 1.]
 [1. 1.]
 [1. 1.]]
action0:[3 2]
action1:[0 0]
sub_loc:
[[1. 1.]
 [0. 1.]
 [1. 0.]
 [1. 1.]]
action0:[3 1]
action1:[0 0]
sub_loc:
[[1. 0.]
 [0. 1.]
 [0. 0.]
 [1. 1.]]
action0:[3 3]
action1:[0 0]
sub_loc:
[[0. 1.]
 [1. 0.]
 [1. 1.]
 [1. 0.]]
action0:[1 2]
action1:[0 0]
sub_loc:
[[1. 1.]
 [0. 0.]
 [1. 1.]
 [0. 1.]]
action0:[2 2]
action1:[0 0]
sub_loc:
[[0. 0.]
 [0. 1.]
 [1. 0.]
 [1. 0.]]
action0:[2 1]
action1:[0 0]
sub_loc:
[[0. 1.]
 [1. 1.]
 [1. 0.]
 [1. 1.]]
action0:[2 3]
action1:[0 0]
sub_loc:
[[1. 1.]
 [0. 0.]
 [1. 0.]
 [0. 1.]]
action0:[2 3]
action1:[0 0]
sub_loc:
[[0. 1.]
 [1. 0.]
 [0. 1.]
 [0. 1.]]
action0:[1 3]
action1:[0 0]
sub_loc:
[[0. 1.]
 [0. 1.]
 [1. 1.]
 [1. 1.]]
action0:[3 1]
action1:[0 0]
sub_loc:
[[1. 0.]
 [1. 0.]
 [1. 1.]
 [1. 1.]]
action0:[2 3]
action1:[0 0]
sub_loc:
[[1. 0.]
 [1. 1.]
 [1. 1.]
 [1. 1.]]
action0:[3 3]
action1:[0 0]
sub_loc:
[[0. 1.]
 [1. 0.]
 [1. 1.]
 [1. 0.]]
action0:[1 0]
action1:[0 0]
sub_loc:
[[1. 1.]
 [1. 1.]
 [1. 1.]
 [1. 1.]]
action0:[1 3]
action1:[0 0]
sub_loc:
[[1. 1.]
 [1. 0.]
 [0. 1.]
 [0. 1.]]
action0:[0 3]
action1:[0 0]
sub_loc:
[[0. 0.]
 [0. 1.]
 [1. 1.]
 [1. 1.]]
action0:[3 3]
action1:[0 0]
sub_loc:
[[0. 1.]
 [1. 0.]
 [1. 0.]
 [1. 1.]]
action0:[1 0]
action1:[0 0]
sub_loc:
[[0. 1.]
 [1. 1.]
 [1. 1.]
 [1. 1.]]
action0:[1 3]
action1:[0 0]
sub_loc:
[[0. 0.]
 [1. 1.]
 [0. 1.]
 [1. 1.]]
action0:[3 1]
action1:[0 0]
sub_loc:
[[1. 0.]
 [1. 1.]
 [0. 1.]
 [1. 1.]]
action0:[0 3]
action1:[0 0]
sub_loc:
[[1. 1.]
 [0. 1.]
 [1. 1.]
 [0. 1.]]
action0:[2 1]
action1:[0 0]
sub_loc:
[[0. 0.]
 [1. 0.]
 [0. 0.]
 [0. 1.]]
action0:[1 3]
action1:[0 0]
sub_loc:
[[1. 0.]
 [1. 1.]
 [1. 1.]
 [1. 0.]]
action0:[1 1]
action1:[0 0]
sub_loc:
[[1. 1.]
 [0. 1.]
 [1. 0.]
 [0. 0.]]
action0:[0 1]
action1:[0 0]
sub_loc:
[[0. 1.]
 [1. 1.]
 [1. 0.]
 [1. 1.]]
action0:[3 3]
action1:[0 0]
sub_loc:
[[1. 1.]
 [0. 1.]
 [1. 0.]
 [0. 0.]]
action0:[2 1]
action1:[0 0]
sub_loc:
[[1. 1.]
 [1. 1.]
 [0. 1.]
 [0. 1.]]
action0:[0 1]
action1:[0 0]
sub_loc:
[[1. 0.]
 [1. 1.]
 [1. 1.]
 [1. 1.]]
action0:[2 2]
action1:[0 0]
sub_loc:
[[0. 1.]
 [1. 0.]
 [0. 0.]
 [0. 1.]]
action0:[1 0]
action1:[0 0]
sub_loc:
[[1. 1.]
 [1. 1.]
 [1. 0.]
 [1. 0.]]
action0:[0 0]
action1:[0 0]
sub_loc:
[[0. 1.]
 [0. 1.]
 [1. 1.]
 [0. 0.]]
action0:[2 2]
action1:[0 0]
sub_loc:
[[0. 1.]
 [1. 1.]
 [1. 1.]
 [1. 1.]]
action0:[2 1]
action1:[0 0]
sub_loc:
[[0. 0.]
 [1. 1.]
 [1. 0.]
 [1. 1.]]
action0:[1 1]
action1:[0 0]
sub_loc:
[[0. 0.]
 [1. 1.]
 [0. 1.]
 [1. 1.]]
action0:[1 3]
action1:[0 0]
sub_loc:
[[1. 1.]
 [1. 0.]
 [1. 1.]
 [1. 0.]]
action0:[3 2]
action1:[0 0]
sub_loc:
[[0. 1.]
 [1. 1.]
 [1. 1.]
 [0. 1.]]
action0:[1 0]
action1:[0 0]
sub_loc:
[[0. 0.]
 [1. 1.]
 [1. 0.]
 [1. 0.]]
action0:[2 1]
action1:[0 0]
sub_loc:
[[0. 0.]
 [0. 1.]
 [0. 1.]
 [1. 1.]]
action0:[3 1]
action1:[0 0]
sub_loc:
[[0. 0.]
 [0. 1.]
 [0. 1.]
 [1. 1.]]
action0:[3 1]
action1:[0 0]
sub_loc:
[[1. 1.]
 [0. 0.]
 [1. 0.]
 [1. 1.]]
action0:[3 0]
action1:[0 0]
sub_loc:
[[1. 0.]
 [0. 0.]
 [1. 1.]
 [0. 1.]]
action0:[0 2]
action1:[0 0]
sub_loc:
[[1. 1.]
 [1. 0.]
 [1. 1.]
 [0. 0.]]
action0:[0 2]
action1:[0 0]
sub_loc:
[[1. 1.]
 [1. 1.]
 [0. 1.]
 [1. 0.]]
action0:[1 0]
action1:[0 0]
sub_loc:
[[0. 0.]
 [1. 1.]
 [1. 1.]
 [0. 1.]]
action0:[2 3]
action1:[0 0]
sub_loc:
[[1. 1.]
 [1. 1.]
 [0. 0.]
 [0. 1.]]
action0:[1 3]
action1:[0 0]
sub_loc:
[[1. 0.]
 [0. 1.]
 [1. 1.]
 [0. 1.]]
action0:[0 1]
action1:[0 0]
sub_loc:
[[0. 0.]
 [1. 0.]
 [1. 1.]
 [1. 1.]]
action0:[2 3]
action1:[0 0]
sub_loc:
[[0. 1.]
 [0. 0.]
 [1. 0.]
 [1. 1.]]
action0:[2 3]
action1:[0 0]
sub_loc:
[[1. 0.]
 [0. 0.]
 [1. 1.]
 [0. 0.]]
action0:[2 2]
action1:[0 0]
sub_loc:
[[1. 0.]
 [1. 0.]
 [1. 0.]
 [1. 1.]]
action0:[3 3]
action1:[0 0]
sub_loc:
[[1. 0.]
 [1. 1.]
 [0. 1.]
 [1. 1.]]
action0:[0 1]
action1:[0 0]
sub_loc:
[[0. 0.]
 [1. 1.]
 [1. 1.]
 [1. 1.]]
action0:[1 2]
action1:[0 0]
sub_loc:
[[0. 1.]
 [1. 1.]
 [1. 1.]
 [1. 1.]]
action0:[3 1]
action1:[0 0]
sub_loc:
[[1. 0.]
 [1. 1.]
 [1. 0.]
 [0. 0.]]
action0:[1 1]
action1:[0 0]
sub_loc:
[[0. 0.]
 [1. 1.]
 [0. 0.]
 [0. 1.]]
action0:[1 1]
action1:[0 0]
sub_loc:
[[1. 1.]
 [1. 1.]
 [0. 1.]
 [0. 1.]]
action0:[0 0]
action1:[0 0]
sub_loc:
[[1. 0.]
 [1. 0.]
 [0. 0.]
 [1. 1.]]
action0:[0 3]
action1:[0 0]
sub_loc:
[[1. 1.]
 [1. 0.]
 [1. 1.]
 [1. 0.]]
action0:[3 0]
action1:[0 0]
sub_loc:
[[1. 1.]
 [1. 1.]
 [1. 0.]
 [0. 0.]]
action0:[2 0]
action1:[0 0]
sub_loc:
[[1. 0.]
 [1. 1.]
 [1. 0.]
 [1. 0.]]
action0:[0 1]
action1:[0 0]
sub_loc:
[[0. 1.]
 [1. 1.]
 [1. 1.]
 [1. 1.]]
action0:[3 0]
action1:[0 0]
sub_loc:
[[1. 1.]
 [0. 1.]
 [1. 1.]
 [1. 1.]]
action0:[3 0]
action1:[0 0]
sub_loc:
[[0. 1.]
 [1. 1.]
 [1. 0.]
 [1. 0.]]
action0:[3 1]
action1:[0 0]
sub_loc:
[[1. 1.]
 [1. 0.]
 [0. 1.]
 [1. 1.]]
action0:[1 0]
action1:[0 0]
sub_loc:
[[1. 1.]
 [1. 1.]
 [1. 1.]
 [1. 0.]]
action0:[1 1]
action1:[0 0]
sub_loc:
[[0. 1.]
 [1. 1.]
 [0. 1.]
 [0. 1.]]
action0:[1 3]
action1:[0 0]
sub_loc:
[[0. 0.]
 [0. 1.]
 [1. 1.]
 [1. 1.]]
action0:[3 1]
action1:[0 0]
sub_loc:
[[0. 1.]
 [0. 1.]
 [0. 1.]
 [1. 0.]]
action0:[3 0]
action1:[0 0]
sub_loc:
[[1. 0.]
 [0. 1.]
 [0. 1.]
 [1. 0.]]
action0:[0 1]
action1:[0 0]
sub_loc:
[[0. 1.]
 [1. 1.]
 [1. 0.]
 [0. 1.]]
action0:[2 1]
action1:[0 0]
sub_loc:
[[0. 0.]
 [1. 0.]
 [0. 1.]
 [1. 0.]]
action0:[1 2]
action1:[0 0]
sub_loc:
[[1. 1.]
 [1. 0.]
 [0. 1.]
 [0. 1.]]
action0:[0 3]
action1:[0 0]
sub_loc:
[[0. 0.]
 [1. 0.]
 [0. 1.]
 [1. 1.]]
action0:[1 3]
action1:[0 0]
sub_loc:
[[0. 0.]
 [1. 1.]
 [1. 1.]
 [1. 1.]]
action0:[3 3]
action1:[0 0]
sub_loc:
[[1. 1.]
 [1. 1.]
 [1. 1.]
 [0. 0.]]
action0:[1 1]
action1:[0 0]
sub_loc:
[[0. 0.]
 [0. 1.]
 [1. 1.]
 [1. 1.]]
action0:[3 1]
action1:[0 0]
sub_loc:
[[0. 1.]
 [1. 1.]
 [0. 0.]
 [0. 1.]]
action0:[1 0]
action1:[0 0]
sub_loc:
[[0. 1.]
 [0. 1.]
 [0. 0.]
 [1. 0.]]
action0:[3 0]
action1:[0 0]
sub_loc:
[[0. 0.]
 [1. 1.]
 [1. 0.]
 [1. 0.]]
action0:[3 1]
action1:[0 0]
sub_loc:
[[0. 1.]
 [1. 0.]
 [1. 0.]
 [1. 1.]]
action0:[3 3]
action1:[0 0]
sub_loc:
[[0. 1.]
 [1. 1.]
 [1. 1.]
 [0. 1.]]
action0:[2 0]
action1:[0 0]
sub_loc:
[[0. 1.]
 [0. 1.]
 [1. 0.]
 [1. 1.]]
action0:[2 3]
action1:[0 0]
sub_loc:
[[1. 0.]
 [1. 1.]
 [1. 1.]
 [1. 0.]]
action0:[3 1]
action1:[0 0]
sub_loc:
[[0. 1.]
 [1. 1.]
 [1. 0.]
 [0. 0.]]
action0:[1 0]
action1:[0 0]
sub_loc:
[[0. 1.]
 [1. 1.]
 [1. 1.]
 [1. 0.]]
action0:[3 0]
action1:[0 0]
sub_loc:
[[1. 0.]
 [1. 1.]
 [1. 1.]
 [0. 0.]]
action0:[1 1]
action1:[0 0]
sub_loc:
[[0. 0.]
 [1. 1.]
 [0. 1.]
 [0. 0.]]
action0:[1 2]
action1:[0 0]
sub_loc:
[[1. 0.]
 [0. 0.]
 [1. 1.]
 [1. 1.]]
action0:[0 3]
action1:[0 0]
sub_loc:
[[1. 1.]
 [0. 1.]
 [0. 1.]
 [1. 0.]]
action0:[0 0]
action1:[0 0]
sub_loc:
[[1. 1.]
 [1. 0.]
 [1. 1.]
 [1. 1.]]
action0:[3 3]
action1:[0 0]
sub_loc:
[[0. 0.]
 [1. 1.]
 [1. 0.]
 [1. 0.]]
action0:[1 1]
action1:[0 0]
sub_loc:
[[0. 1.]
 [1. 1.]
 [1. 0.]
 [0. 1.]]
action0:[1 3]
action1:[0 0]
sub_loc:
[[1. 1.]
 [1. 1.]
 [1. 0.]
 [1. 1.]]
action0:[3 1]
action1:[0 0]
sub_loc:
[[1. 0.]
 [1. 1.]
 [1. 1.]
 [1. 1.]]
action0:[0 2]
action1:[0 0]
sub_loc:
[[1. 0.]
 [1. 1.]
 [0. 1.]
 [0. 1.]]
action0:[0 1]
action1:[0 0]
sub_loc:
[[0. 1.]
 [1. 1.]
 [1. 1.]
 [1. 1.]]
action0:[1 2]
action1:[0 0]
sub_loc:
[[0. 1.]
 [1. 1.]
 [1. 1.]
 [1. 1.]]
action0:[3 1]
action1:[0 0]
sub_loc:
[[0. 0.]
 [1. 0.]
 [1. 0.]
 [1. 1.]]
action0:[1 3]
action1:[0 0]
sub_loc:
[[1. 0.]
 [1. 1.]
 [0. 1.]
 [1. 0.]]
action0:[0 2]
action1:[0 0]
sub_loc:
[[0. 1.]
 [1. 1.]
 [1. 0.]
 [1. 0.]]
action0:[3 0]
action1:[0 0]
sub_loc:
[[1. 0.]
 [1. 0.]
 [1. 0.]
 [0. 1.]]
action0:[2 3]
action1:[0 0]
sub_loc:
[[1. 0.]
 [1. 1.]
 [1. 1.]
 [1. 1.]]
action0:[0 2]
action1:[0 0]
sub_loc:
[[0. 1.]
 [0. 1.]
 [0. 0.]
 [1. 1.]]
action0:[3 3]
action1:[0 0]
sub_loc:
[[1. 1.]
 [0. 1.]
 [1. 1.]
 [1. 1.]]
action0:[3 0]
action1:[0 0]
sub_loc:
[[0. 0.]
 [0. 1.]
 [1. 0.]
 [1. 0.]]
action0:[3 1]
action1:[0 0]
sub_loc:
[[0. 0.]
 [1. 1.]
 [1. 1.]
 [1. 1.]]
action0:[3 1]
action1:[0 0]
sub_loc:
[[0. 1.]
 [1. 1.]
 [1. 1.]
 [1. 1.]]
action0:[3 1]
action1:[0 0]
sub_loc:
[[0. 0.]
 [1. 0.]
 [1. 0.]
 [1. 1.]]
action0:[2 3]
action1:[0 0]
sub_loc:
[[1. 1.]
 [1. 1.]
 [1. 1.]
 [1. 1.]]
action0:[1 1]
action1:[0 0]
sub_loc:
[[1. 0.]
 [1. 1.]
 [1. 0.]
 [1. 0.]]
action0:[1 1]
action1:[0 0]
sub_loc:
[[1. 0.]
 [0. 1.]
 [0. 1.]
 [1. 1.]]
action0:[3 2]
action1:[0 0]
sub_loc:
[[0. 1.]
 [1. 1.]
 [1. 1.]
 [1. 0.]]
action0:[2 1]
action1:[0 0]
sub_loc:
[[0. 0.]
 [1. 1.]
 [0. 1.]
 [1. 1.]]
action0:[1 1]
action1:[0 0]
sub_loc:
[[0. 1.]
 [1. 1.]
 [1. 0.]
 [1. 1.]]
action0:[1 0]
action1:[0 0]
sub_loc:
[[0. 0.]
 [0. 1.]
 [1. 0.]
 [1. 0.]]
action0:[3 1]
action1:[0 0]
sub_loc:
[[1. 1.]
 [1. 1.]
 [0. 0.]
 [1. 0.]]
action0:[3 0]
action1:[0 0]
sub_loc:
[[0. 1.]
 [0. 1.]
 [1. 1.]
 [1. 1.]]
action0:[2 2]
action1:[0 0]
sub_loc:
[[1. 0.]
 [1. 1.]
 [1. 1.]
 [1. 1.]]
action0:[0 1]
action1:[0 0]
sub_loc:
[[0. 0.]
 [0. 0.]
 [1. 0.]
 [1. 1.]]
action0:[3 3]
action1:[0 0]
sub_loc:
[[0. 0.]
 [0. 0.]
 [1. 0.]
 [1. 1.]]
action0:[3 3]
action1:[0 0]
sub_loc:
[[1. 0.]
 [0. 1.]
 [1. 1.]
 [0. 0.]]
action0:[2 1]
action1:[0 0]
sub_loc:
[[1. 0.]
 [0. 0.]
 [0. 0.]
 [1. 1.]]
action0:[0 3]
action1:[0 0]
sub_loc:
[[1. 0.]
 [1. 1.]
 [1. 1.]
 [0. 1.]]
action0:[2 3]
action1:[0 0]
sub_loc:
[[0. 0.]
 [1. 0.]
 [1. 1.]
 [1. 0.]]
action0:[3 2]
action1:[0 0]
sub_loc:
[[0. 0.]
 [0. 1.]
 [1. 1.]
 [1. 1.]]
action0:[2 3]
action1:[0 0]
success
603.544300745663 729.4886084691177
